4.909778564966629943e+01 6.842892854526651247e-02 6.261520451624058570e-01 1.242457154870599823e+00 3.424812057167275547e+00 -1.440657953798531454e-01 1.648897645593361966e-02 -4.391095482869034061e-02 3.273465665871130525e+00 -1.296024748597082721e-01 -8.017830727153189230e+00 8.468865334916927390e-01 1.100842063497717405e+00 -1.073181458312931769e-01 1.399088495953939582e-01 -1.746098085222322349e-01 -8.008380895584946146e-02 1.026477388988889794e-01 4.013535975108165066e-02 6.974568271962369725e-02 1.019469624013548790e-06 3.358387050580754346e-02 6.924173047842306916e-01 1.957217213399829570e+00 7.286531212243982369e-02 -2.352049728797453790e-02 -2.245345791847386252e-02 1.756136552551367691e+00 2.428066364864475430e-03 -3.427896272715354353e+00 1.015341277805944608e-06 1.139922677313920021e-06 5.875776465277724459e-01 -7.503137746278952525e-02 3.343427658034898997e-02 2.917728171988483513e-02 -6.046132878206577493e-02 1.737727265612935834e-02 -9.275091825925443553e-03 -2.271523889675142269e-03 9.999141202922758402e-07 1.768382567718736753e-01 3.581950136423616704e-01 1.357723452374403061e-01 6.372382397102630512e-03 -2.142060041650455972e-03 -6.398547940654944650e-03 1.529192594112171177e-01 4.852639113949860569e-03 -5.956652183418347235e-01 1.000118940643264406e-06 5.521790753195456036e-02 3.215364079287857946e-01 5.677898113608741137e-02 -3.420152558299741595e-04 -3.572687325495925437e-02 -2.555623083071201923e-02 2.699498550273680963e-02 -2.093552271140167870e-02 1.419488490663728918e-02 9.994158547544469856e-07 2.357689930629051078e-01 2.831778728270766265e-01 4.576723367977103906e+13 0.000000000000000000e+00 0.000000000000000000e+00 4.576723367977103906e+13 0.000000000000000000e+00 0.000000000000000000e+00 0.000000000000000000e+00 3.737461687691083848e-06 2.853024199027457937e-05 1.009784387946133326e-06 6.842690897649061910e-02 -2.217695692952942332e-01 2.048199220034365808e+01 2.632567447935737809e-06 6.393135263646887445e-01 -4.515227739208878960e-02 1.003410316762378462e+00 3.473854585296968361e-02 2.961071497580203618e-02 2.427376265880110573e+00 3.660642300017165618e-01 -1.730008743394625612e-02 3.844693673778333820e-01 2.790291266916598931e-03 -2.810359981601436540e-03 7.026759901997349900e+00 4.888057511299310348e-02 -1.216625960679564196e-02 6.759597194497032335e-01 
1 1 1 1 7.922205312188758120e-01 
1 1 1 2 -1.180912771061090778e-02 
1 1 1 3 -2.522583112886427536e-04 
1 1 1 4 -1.557837424205289737e-05 
1 1 1 5 -5.806956828097227345e-03 
1 1 1 6 7.250891421550378566e-03 
1 1 1 7 2.507576243824216101e-03 
1 1 1 8 6.482108683955195311e-04 
1 1 1 9 -1.209101990247232489e-03 
1 1 1 10 1.255128038408503044e-03 
1 1 1 11 1.952911481604578583e-03 
1 1 1 12 7.074492207732826804e-05 
1 1 1 13 -3.415838086742525198e-04 
1 1 1 14 1.512486377291890607e-03 
1 1 1 15 2.279749027496234207e-03 
1 1 1 16 2.240168133661014221e-02 
1 1 1 17 5.931288111301277061e-03 
1 1 1 18 -4.038028302538638342e-02 
1 1 1 19 2.302289536416523771e-02 
1 1 1 20 -7.747262468814943015e-03 
1 1 1 21 5.445137840232618792e-03 
1 1 1 22 -1.348618019290759827e-02 
1 1 1 23 2.382032167241441255e-03 
1 1 1 24 -2.642844694770045064e-02 
1 1 1 25 2.029174568745879120e-02 
1 1 1 26 1.261081716547187304e-03 
1 1 1 27 4.317917642563592201e-02 
1 1 1 28 3.419212923524022479e-02 
1 1 1 29 8.550834820954583606e-04 
1 1 1 30 -1.077515616190736179e-02 
1 1 1 31 3.578482414911415138e-02 
1 1 1 32 1.335619856216289838e-03 
1 1 1 33 -3.549749803170666740e-03 
1 1 1 34 1.916749034476023959e-03 
1 1 1 35 -1.111088823446454432e-02 
1 1 1 36 -4.307157429944808574e-02 
1 1 1 37 -3.838978023143455737e-02 
1 1 1 38 8.700343616917260992e-02 
1 1 1 39 -1.637439311901472397e-03 
1 1 1 40 1.558945668058828171e-02 
1 1 1 41 4.606715167110154996e-02 
1 1 1 42 -6.747376877760441125e-05 
1 1 1 43 -2.491833566329638722e-03 
1 1 1 44 -6.425335976574376995e-02 
1 1 1 45 7.266431789840532840e-02 
1 1 1 46 -5.619991292418323459e-02 
1 1 1 47 9.046721613801260442e-02 
1 1 1 48 -4.307888395179820112e-02 
1 1 1 49 -2.953813651846833900e-03 
1 1 1 50 2.012242392700766894e-03 
1 1 1 51 1.044591035624771735e-01 
1 1 1 52 4.217928395182812817e-03 
1 1 1 53 -3.014061377044833026e-02 
1 1 1 54 -1.388923118605519050e-02 
1 1 1 55 -3.564507613762845414e-03 
1 1 1 56 -3.780071655679203505e-03 
1 1 1 57 -1.432080824271193993e-02 
1 1 1 58 -9.144930303974155641e-03 
1 1 1 59 -1.868029687814472478e-03 
1 1 1 60 8.726702875571241622e-03 
1 1 1 61 8.282544259854976998e-01 
1 1 1 62 -2.189311844442087540e-01 
1 1 1 63 -3.254867096466093623e-02 
1 1 2 2 1.000000000606720452e+00 
1 1 3 3 1.000000000606720452e+00 
1 1 4 4 1.000000000606720452e+00 
1 1 5 5 1.000000000606720452e+00 
1 1 6 6 1.000000000606720452e+00 
1 1 7 7 1.000000000606720452e+00 
1 1 8 8 1.000000000606720452e+00 
1 1 9 9 1.000000000606720452e+00 
1 1 10 10 1.000000000606720452e+00 
1 1 11 11 1.000000000606720452e+00 
1 1 12 12 1.000000000606720452e+00 
1 1 13 13 1.000000000606720452e+00 
1 1 14 14 1.000000000606720452e+00 
1 1 15 15 1.000000000606720452e+00 
1 1 16 16 1.000000000606720452e+00 
1 1 17 17 1.000000000606720452e+00 
1 1 18 18 1.000000000606720452e+00 
1 1 19 19 1.000000000606720452e+00 
1 1 20 20 1.000000000606720452e+00 
1 1 21 21 1.000000000606720452e+00 
1 1 22 22 1.000000000606720452e+00 
1 1 23 23 1.000000000606720452e+00 
1 1 24 24 1.000000000606720452e+00 
1 1 25 25 1.000000000606720452e+00 
1 1 26 26 1.000000000606720452e+00 
1 1 27 27 1.000000000606720452e+00 
1 1 28 28 1.000000000606720452e+00 
1 1 29 29 1.000000000606720452e+00 
1 1 30 30 1.000000000606720452e+00 
1 1 31 31 1.000000000606720452e+00 
1 1 32 32 1.000000000606720452e+00 
1 1 33 33 1.000000000606720452e+00 
1 1 34 34 1.000000000606720452e+00 
1 1 35 35 1.000000000606720452e+00 
1 1 36 36 1.000000000606720452e+00 
1 1 37 37 1.000000000606720452e+00 
1 1 38 38 1.000000000606720452e+00 
1 1 39 39 1.000000000606720452e+00 
1 1 40 40 1.000000000606720452e+00 
1 1 41 41 1.000000000606720452e+00 
1 1 42 42 1.000000000606720452e+00 
1 1 43 43 1.000000000606720452e+00 
1 1 44 44 1.000000000606720452e+00 
1 1 45 45 1.000000000606720452e+00 
1 1 46 46 1.000000000606720452e+00 
1 1 47 47 1.000000000606720452e+00 
1 1 48 48 1.000000000606720452e+00 
1 1 49 49 1.000000000606720452e+00 
1 1 50 50 1.000000000606720452e+00 
1 1 51 51 1.000000000606720452e+00 
1 1 52 52 1.000000000606720452e+00 
1 1 53 53 1.000000000606720452e+00 
1 1 54 54 1.000000000606720452e+00 
1 1 55 55 1.000000000606720452e+00 
1 1 56 56 1.000000000606720452e+00 
1 1 57 57 1.000000000606720452e+00 
1 1 58 58 1.000000000606720452e+00 
1 1 59 59 1.000000000606720452e+00 
1 1 60 60 1.000000000606720452e+00 
1 1 61 61 1.000000000606720452e+00 
1 1 62 62 1.000000000606720452e+00 
1 1 63 63 1.000000000606720452e+00 
1 2 1 1 4.576723367977103906e+13 
1 2 1 5 3.737461687691083848e-06 
1 2 2 2 4.576723367977103906e+13 
1 2 2 4 -3.737461687691083848e-06 
1 2 3 3 1.039110834039204655e-08 
1 2 4 4 2.753084871066880344e-05 
1 2 5 5 2.753084871066880344e-05 
1 2 6 6 2.753084871066880344e-05 
1 3 1 1 6.888201713776977986e-01 
1 3 1 2 -1.440657953798531454e-01 
1 3 1 3 1.648897645593361966e-02 
1 3 1 5 -2.217695692952942332e-01 
1 3 1 6 3.023868692028300664e+00 
1 3 2 2 6.842590958321101424e-02 
1 3 2 3 -4.391095482869034061e-02 
1 3 2 4 2.217695692952942332e-01 
1 3 2 6 -1.296024748597082721e-01 
1 3 3 3 4.690442385376145662e-01 
1 3 3 4 -3.023868692028300664e+00 
1 3 3 5 1.296024748597082721e-01 
1 3 4 4 2.048199120095037884e+01 
1 3 5 5 2.048199120095037884e+01 
1 3 6 6 2.048199120095037884e+01 
1 4 1 1 4.972558352871462861e-01 
1 4 1 2 1.399088495953939582e-01 
1 4 1 3 -1.746098085222322349e-01 
1 4 1 5 -4.515227739208878960e-02 
1 4 1 6 -4.013496774382165760e-02 
1 4 2 2 6.393125269714090564e-01 
1 4 2 3 -8.008380895584946146e-02 
1 4 2 4 4.515227739208878960e-02 
1 4 2 6 4.013535975108165066e-02 
1 4 3 3 6.790819365263968399e-02 
1 4 3 4 4.013496774382165760e-02 
1 4 3 5 -4.013535975108165066e-02 
1 4 4 4 1.003409317369098996e+00 
1 4 5 5 1.003409317369098996e+00 
1 4 6 6 1.003409317369098996e+00 
1 5 1 1 2.640773506110736801e-01 
1 5 1 2 7.286531212243982369e-02 
1 5 1 3 -2.352049728797453790e-02 
1 5 1 5 2.961071497580203618e-02 
1 5 1 6 1.092309022590346318e-01 
1 5 2 2 3.473754645969007876e-02 
1 5 2 3 -2.245345791847386252e-02 
1 5 2 4 -2.961071497580203618e-02 
1 5 2 6 2.428066364864475430e-03 
1 5 3 3 2.825814390964247885e-02 
1 5 3 4 -1.092309022590346318e-01 
1 5 3 5 -2.428066364864475430e-03 
1 5 4 4 2.427375266486830885e+00 
1 5 5 5 2.427375266486830885e+00 
1 5 6 6 2.427375266486830885e+00 
1 6 1 1 2.882415618787308453e-01 
1 6 1 2 3.343427658034898997e-02 
1 6 1 3 2.917728171988483513e-02 
1 6 1 5 -1.730008743394625612e-02 
1 6 1 6 -5.388360919262943785e-04 
1 6 2 2 3.660632306084369847e-01 
1 6 2 3 -6.046132878206577493e-02 
1 6 2 4 1.730008743394625612e-02 
1 6 2 6 -9.275091825925443553e-03 
1 6 3 3 1.458598199593315325e-02 
1 6 3 4 5.388360919262943785e-04 
1 6 3 5 9.275091825925443553e-03 
1 6 4 4 3.844683679845538049e-01 
1 6 5 5 3.844683679845538049e-01 
1 6 6 6 3.844683679845538049e-01 
1 7 1 1 4.507915934526625368e-02 
1 7 1 2 6.372382397102630512e-03 
1 7 1 3 -2.142060041650455972e-03 
1 7 1 5 -2.810359981601436540e-03 
1 7 1 6 4.216045752402371449e-01 
1 7 2 2 2.789291873636992776e-03 
1 7 2 3 -6.398547940654944650e-03 
1 7 2 4 2.810359981601436540e-03 
1 7 2 6 4.852639113949860569e-03 
1 7 3 3 5.943578225212644423e-02 
1 7 3 4 -4.216045752402371449e-01 
1 7 3 5 -4.852639113949860569e-03 
1 7 4 4 7.026758902604070656e+00 
1 7 5 5 7.026758902604070656e+00 
1 7 6 6 7.026758902604070656e+00 
1 8 1 1 1.056585568558009169e-01 
1 8 1 2 -3.420152558299741595e-04 
1 8 1 3 -3.572687325495925437e-02 
1 8 1 5 -1.216625960679564196e-02 
1 8 1 6 -1.419488490663728918e-02 
1 8 2 2 4.887957571971349863e-02 
1 8 2 3 -2.555623083071201923e-02 
1 8 2 4 1.216625960679564196e-02 
1 8 2 6 -2.093552271140167870e-02 
1 8 3 3 2.699398610945720478e-02 
1 8 3 4 1.419488490663728918e-02 
1 8 3 5 2.093552271140167870e-02 
1 8 4 4 6.759587200564235454e-01 
1 8 5 5 6.759587200564235454e-01 
1 8 6 6 6.759587200564235454e-01 
1 9 1 1 1.039110834039204655e-08 
1 10 1 1 6.261510457691261688e-01 
1 11 1 1 1.242456155477320356e+00 
1 12 1 1 1.633174168330002538e-06 
1 13 1 1 8.468855340984130509e-01 
1 14 1 1 1.100841064104437939e+00 
1 15 1 1 2.007634440780737847e-08 
1 16 1 1 3.358287111252793167e-02 
1 17 1 1 6.924163053909510035e-01 
1 18 1 1 1.594799820020330216e-08 
1 19 1 1 1.405293977081783976e-07 
1 20 1 1 5.875766471344927577e-01 
1 21 1 1 5.208406865344250859e-10 
1 22 1 1 1.768372573785940705e-01 
1 23 1 1 3.581940142490820933e-01 
1 24 1 1 7.256610375231563777e-10 
1 25 1 1 5.521690813867495551e-02 
1 26 1 1 3.215354085355062175e-01 
1 27 1 1 2.257514870582112407e-11 
1 28 1 1 2.357679936696255030e-01 
1 29 1 1 2.831768734337970495e-01 
1 30 1 1 2.994840599032701505e-06 
1 31 1 1 2.994840599032701505e-06 
1 32 1 1 3.964868826702034601e-06 
1 33 1 1 3.964868826702034601e-06 
1 34 1 1 5.134608735268391668e-06 
1 35 1 1 5.134608761338181984e-06 
1 36 1 1 1.590883870575879655e+00 
1 37 1 1 1.850088820295296088e+00 
1 38 1 1 5.399969514382160218e-01 
1 39 1 1 6.587734335494819682e+00 
1 40 1 1 1.498716776140293527e+00 
1 41 1 1 3.703707243960436823e+00 
1 42 1 1 1.304412888664161219e-01 
1 43 1 1 5.352613388578007738e-08 
1 44 1 1 5.920096425698502252e-01 
1 45 1 1 4.455333938769049599e-07 
1 46 1 1 1.874689386399161163e-07 
1 47 1 1 9.030474225311621583e-02 
1 48 1 1 1.116589989361898433e-01 
1 49 1 1 2.281716795004664344e-01 
1 50 1 1 3.031229062662169334e-08 
1 51 1 1 2.184618348303599134e-01 
1 52 1 1 1.509785288765279621e-01 
1 53 1 1 1.985110586311410241e+00 
1 54 1 1 8.025030312797453574e-03 
1 55 1 1 2.657521396464834068e-02 
1 56 1 1 8.227224046203358843e-03 
1 57 1 1 3.790710125257743673e-02 
1 58 1 1 3.470477663995988804e-08 
1 59 1 1 3.460020957266914804e-02 
1 60 1 1 3.210558353105509855e-01 
1 61 1 1 3.113505570826513025e-01 
1 62 1 1 1.948632428986942216e-08 
1 63 1 1 7.378077714368381779e-01 
1 64 1 1 1.377238386650659896e-01 
1 65 1 1 4.244149547081628171e-01 
1 66 1 1 9.481665270555363068e-03 
1 67 1 1 5.135271069335872046e-02 
1 68 1 1 4.461207288859432574e-02 
1 69 1 1 1.622230307531975085e-02 
1 70 1 1 1.595001940945519399e-08 
1 71 1 1 1.284121993296574032e-02 
1 72 1 1 2.698553698738138658e-06 
2 1 1 1 9.999999999999875655e-01 
2 1 1 2 1.180680127686959020e-02 
2 1 1 3 2.522324083361436728e-04 
2 1 1 4 1.555213108180323469e-05 
2 1 1 5 5.805844914614959398e-03 
2 1 1 6 -7.249539899898625392e-03 
2 1 1 7 -2.507339436290956843e-03 
2 1 1 8 -6.486738218358491584e-04 
2 1 1 9 1.208264334680999403e-03 
2 1 1 10 -1.254836079693319060e-03 
2 1 1 11 -1.951372627701264927e-03 
2 1 1 12 -7.061503870084804180e-05 
2 1 1 13 3.413925462429932074e-04 
2 1 1 14 -1.512079733843707530e-03 
2 1 1 15 -2.279449597121444536e-03 
2 1 1 16 -2.239922130318470345e-02 
2 1 1 17 -5.931389770005395835e-03 
2 1 1 18 4.038035118944090923e-02 
2 1 1 19 -2.302072611019394949e-02 
2 1 1 20 7.747128855828629146e-03 
2 1 1 21 -5.443093703013401376e-03 
2 1 1 22 1.348633629092121922e-02 
2 1 1 23 -2.380684507307104843e-03 
2 1 1 24 2.642664474138032432e-02 
2 1 1 25 -2.029090134631189243e-02 
2 1 1 26 -1.260220340134520639e-03 
2 1 1 27 -4.318041933885614220e-02 
2 1 1 28 -3.419240996798984106e-02 
2 1 1 29 -8.551179685081913623e-04 
2 1 1 30 1.077496330139779239e-02 
2 1 1 31 -3.578383748680348531e-02 
2 1 1 32 -1.334711388742672745e-03 
2 1 1 33 3.548406317536092949e-03 
2 1 1 34 -1.916933801194493350e-03 
2 1 1 35 1.111081400592412241e-02 
2 1 1 36 4.307094937731539147e-02 
2 1 1 37 3.839002769080326199e-02 
2 1 1 38 -8.700295248373123014e-02 
2 1 1 39 1.636920056664398042e-03 
2 1 1 40 -1.558932828106658446e-02 
2 1 1 41 -4.606648894112947562e-02 
2 1 1 42 6.746631667064999650e-05 
2 1 1 43 2.491839854177585033e-03 
2 1 1 44 6.425524499787567401e-02 
2 1 1 45 -7.266012192268815617e-02 
2 1 1 46 5.619823818272937782e-02 
2 1 1 47 -9.046641267145132115e-02 
2 1 1 48 4.307913896910928880e-02 
2 1 1 49 2.953795861110370888e-03 
2 1 1 50 -2.012135452190108673e-03 
2 1 1 51 -1.044587693825438784e-01 
2 1 1 52 -4.217708379249177769e-03 
2 1 1 53 3.014017968342372344e-02 
2 1 1 54 1.388894889475059298e-02 
2 1 1 55 3.564480486133484241e-03 
2 1 1 56 3.779436419045994686e-03 
2 1 1 57 1.431988303794971308e-02 
2 1 1 58 9.145790025612580629e-03 
2 1 1 59 1.867952202195411436e-03 
2 1 1 60 -8.726604852221594294e-03 
2 1 1 61 -8.282541686757075583e-01 
2 1 1 62 2.189312061714004665e-01 
2 1 1 63 3.254864256682984264e-02 
2 1 2 2 1.394018970504907627e-04 
2 1 2 3 2.978057917059450742e-06 
2 1 2 4 1.836209268806204471e-07 
2 1 2 5 6.854845744514116896e-05 
2 1 2 6 -8.559387683831944636e-05 
2 1 2 7 -2.960365847434140926e-05 
2 1 2 8 -7.658763108743728653e-06 
2 1 2 9 1.426574048839785134e-05 
2 1 2 10 -1.481560001181832299e-05 
2 1 2 11 -2.303947449177034526e-05 
2 1 2 12 -8.337379106196455120e-07 
2 1 2 13 4.030754197057559478e-06 
2 1 2 14 -1.785282514330651055e-05 
2 1 2 15 -2.691300840945838287e-05 
2 1 2 16 -2.644631552984702018e-04 
2 1 2 17 -7.003073997051383743e-05 
2 1 2 18 4.767627826984808300e-04 
2 1 2 19 -2.718011391726875975e-04 
2 1 2 20 9.146881090579700468e-05 
2 1 2 21 -6.426552710623868432e-05 
2 1 2 22 1.592304929457767052e-04 
2 1 2 23 -2.810826871973223247e-05 
2 1 2 24 3.120141433303053589e-04 
2 1 2 25 -2.395706399078717389e-04 
2 1 2 26 -1.487917155742761764e-05 
2 1 2 27 -5.098226323184329098e-04 
2 1 2 28 -4.037029914676975792e-04 
2 1 2 29 -1.009620782635498834e-05 
2 1 2 30 1.272178511859170503e-04 
2 1 2 31 -4.224926591294722003e-04 
2 1 2 32 -1.575867373031279804e-05 
2 1 2 33 4.189533051657754468e-05 
2 1 2 34 -2.263285658595525255e-05 
2 1 2 35 1.311831731299007364e-04 
2 1 2 36 5.085301420795297666e-04 
2 1 2 37 4.532634294791774011e-04 
2 1 2 38 -1.027226571950850620e-03 
2 1 2 39 1.932679083631357454e-05 
2 1 2 40 -1.840601023486240653e-04 
2 1 2 41 -5.438978803463881276e-04 
2 1 2 42 7.965614468555900296e-07 
2 1 2 43 2.942065821519314125e-05 
2 1 2 44 7.586489104635905922e-04 
2 1 2 45 -8.578836217338019600e-04 
2 1 2 46 6.635214305908702839e-04 
2 1 2 47 -1.068118956784253667e-03 
2 1 2 48 5.086268333091069176e-04 
2 1 2 49 3.487488067073453766e-05 
2 1 2 50 -2.375688320618987915e-05 
2 1 2 51 -1.233323931973379257e-03 
2 1 2 52 -4.979764448112001249e-05 
2 1 2 53 3.558591121473943263e-04 
2 1 2 54 1.639840595357313193e-04 
2 1 2 55 4.208511282235652016e-05 
2 1 2 56 4.462305461800674159e-05 
2 1 2 57 1.690720133557760223e-04 
2 1 2 58 1.079825258097877430e-04 
2 1 2 59 2.205454045190264131e-05 
2 1 2 60 -1.030332893021641621e-04 
2 1 2 61 -9.779032376293194523e-03 
2 1 2 62 2.584877244525492484e-03 
2 1 2 63 3.842953546979458661e-04 
2 1 3 3 6.496175508939128554e-08 
2 1 3 4 3.922751475146430385e-09 
2 1 3 5 1.464422242991691894e-06 
2 1 3 6 -1.828568908009968973e-06 
2 1 3 7 -6.324322627946435415e-07 
2 1 3 8 -1.636165614514119926e-07 
2 1 3 9 3.047635008870718518e-07 
2 1 3 10 -3.165103222263446967e-07 
2 1 3 11 -4.921995447448217598e-07 
2 1 3 12 -1.781140617422107859e-08 
2 1 3 13 8.611027222928615643e-08 
2 1 3 14 -3.813955222556603474e-07 
2 1 3 15 -5.749510678346148646e-07 
2 1 3 16 -5.649809567152052760e-06 
2 1 3 17 -1.496088729084715623e-06 
2 1 3 18 1.018523326249605476e-05 
2 1 3 19 -5.806573232626667915e-06 
2 1 3 20 1.954076963424057337e-06 
2 1 3 21 -1.372924646672008683e-06 
2 1 3 22 3.401691084492914972e-06 
2 1 3 23 -6.004858160230394173e-07 
2 1 3 24 6.665656279068307160e-06 
2 1 3 25 -5.118022936437600238e-06 
2 1 3 26 -3.178684432978471089e-07 
2 1 3 27 -1.089150114776856197e-05 
2 1 3 28 -8.624433878293804635e-06 
2 1 3 29 -2.156884625415275396e-07 
2 1 3 30 2.717794926772207395e-06 
2 1 3 31 -9.025843496570978416e-06 
2 1 3 32 -3.366574783531971832e-07 
2 1 3 33 8.950230829524607954e-07 
2 1 3 34 -4.835128265074627863e-07 
2 1 3 35 2.802507379095392891e-06 
2 1 3 36 1.086388928339353368e-05 
2 1 3 37 9.683209116806748405e-06 
2 1 3 38 -2.194496420894344026e-05 
2 1 3 39 4.128843036130137520e-07 
2 1 3 40 -3.932133807199278409e-06 
2 1 3 41 -1.161946144334481471e-05 
2 1 3 42 1.701718759214990348e-08 
2 1 3 43 6.285227643810522638e-07 
2 1 3 44 1.620725518181713668e-05 
2 1 3 45 -1.832723753187629151e-05 
2 1 3 46 1.417501696037989547e-05 
2 1 3 47 -2.281856114923749357e-05 
2 1 3 48 1.086595497131579088e-05 
2 1 3 49 7.450430598988939014e-07 
2 1 3 50 -5.075257663765170368e-07 
2 1 3 51 -2.634788696207819269e-05 
2 1 3 52 -1.063842745779192630e-06 
2 1 3 53 7.602330108025341098e-06 
2 1 3 54 3.503243029524538173e-06 
2 1 3 55 8.990774959786735076e-07 
2 1 3 56 9.532963543070183701e-07 
2 1 3 57 3.611938584583752112e-06 
2 1 3 58 2.306864639545618012e-06 
2 1 3 59 4.711580847908690278e-07 
2 1 3 60 -2.201132558665634203e-06 
2 1 3 61 -2.089125436645623791e-04 
2 1 3 62 5.522154539168740427e-05 
2 1 3 63 8.209822501311229482e-06 
2 1 4 4 1.582436222052850813e-09 
2 1 4 5 9.029326988536473142e-08 
2 1 4 6 -1.127457929696685172e-07 
2 1 4 7 -3.899447365894026194e-08 
2 1 4 8 -1.008826363180059012e-08 
2 1 4 9 1.879108771285019041e-08 
2 1 4 10 -1.951537456105988042e-08 
2 1 4 11 -3.034800221701872383e-08 
2 1 4 12 -1.098213445915590108e-09 
2 1 4 13 5.309379213426272796e-09 
2 1 4 14 -2.351605765788577379e-08 
2 1 4 15 -3.545029256681578403e-08 
2 1 4 16 -3.483556070704536890e-07 
2 1 4 17 -9.224574107496100412e-08 
2 1 4 18 6.280004983923941192e-07 
2 1 4 19 -3.580213228826790619e-07 
2 1 4 20 1.204843697907781778e-07 
2 1 4 21 -8.465172531886672190e-08 
2 1 4 22 2.097412765836361877e-07 
2 1 4 23 -3.702468547460763936e-08 
2 1 4 24 4.109906219662479433e-07 
2 1 4 25 -3.155667350419393285e-07 
2 1 4 26 -1.959909020031340018e-08 
2 1 4 27 -6.715476034271470041e-07 
2 1 4 28 -5.317649157724603057e-07 
2 1 4 29 -1.329890672123005749e-08 
2 1 4 30 1.675736738905104806e-07 
2 1 4 31 -5.565149653871286358e-07 
2 1 4 32 -2.075763143896380471e-08 
2 1 4 33 5.518531893099851892e-08 
2 1 4 34 -2.981241143557113339e-08 
2 1 4 35 1.727968351909971871e-07 
2 1 4 36 6.698451016166922331e-07 
2 1 4 37 5.970467999434028484e-07 
2 1 4 38 -1.353081382246387300e-06 
2 1 4 39 2.545760259857053043e-08 
2 1 4 40 -2.424473147706879102e-07 
2 1 4 41 -7.164320779461048132e-07 
2 1 4 42 1.049250067307509914e-09 
2 1 4 43 3.875342862036878389e-08 
2 1 4 44 9.993060437107814628e-07 
2 1 4 45 -1.130019782322165971e-06 
2 1 4 46 8.740023727246850131e-07 
2 1 4 47 -1.406945504245937424e-06 
2 1 4 48 6.699724233690098618e-07 
2 1 4 49 4.593780291689620544e-08 
2 1 4 50 -3.129299425238506613e-08 
2 1 4 51 -1.624556490447288674e-06 
2 1 4 52 -6.559434571559458887e-08 
2 1 4 53 4.687440305778455141e-07 
2 1 4 54 2.160027531488774847e-07 
2 1 4 55 5.543527083099916922e-08 
2 1 4 56 5.877828395984943708e-08 
2 1 4 57 2.227046998525838467e-07 
2 1 4 58 1.422365399101725834e-07 
2 1 4 59 2.905063548873625958e-08 
2 1 4 60 -1.357173022041075512e-07 
2 1 4 61 -1.288111741497439120e-05 
2 1 4 62 3.404846816083074016e-06 
2 1 4 63 5.062007588445781563e-07 
2 1 5 5 3.370917596458626407e-05 
2 1 5 6 -4.208970447438253903e-05 
2 1 5 7 -1.455722390877159963e-05 
2 1 5 8 -3.766099618485929592e-06 
2 1 5 9 7.014998490309689636e-06 
2 1 5 10 -7.285383548667281318e-06 
2 1 5 11 -1.132937191358279549e-05 
2 1 5 12 -4.099801527449496395e-07 
2 1 5 13 1.982072450069378199e-06 
2 1 5 14 -8.778900746537536301e-06 
2 1 5 15 -1.323413099263936909e-05 
2 1 5 16 -1.300464062445870505e-04 
2 1 5 17 -3.443672898613591495e-05 
2 1 5 18 2.344420574392098988e-04 
2 1 5 19 -1.336547670121753222e-04 
2 1 5 20 4.497862860854266899e-05 
2 1 5 21 -3.160175899573031773e-05 
2 1 5 22 7.829957714604016442e-05 
2 1 5 23 -1.382188565736753832e-05 
2 1 5 24 1.534290019568244705e-04 
2 1 5 25 -1.178058268675997278e-04 
2 1 5 26 -7.316644741242210714e-06 
2 1 5 27 -2.506988184667444564e-04 
2 1 5 28 -1.985158296043822265e-04 
2 1 5 29 -4.964682211470302376e-06 
2 1 5 30 6.255776592062629719e-05 
2 1 5 31 -2.077554112654127628e-04 
2 1 5 32 -7.749128306269515755e-06 
2 1 5 33 2.060149810101814918e-05 
2 1 5 34 -1.112942033797061684e-05 
2 1 5 35 6.450766311313601339e-05 
2 1 5 36 2.500632531399487484e-04 
2 1 5 37 2.228865472073247747e-04 
2 1 5 38 -5.051256493583206270e-04 
2 1 5 39 9.503704769921787835e-06 
2 1 5 40 -9.050922271220650250e-05 
2 1 5 41 -2.674548905133578014e-04 
2 1 5 42 3.916989372599446199e-07 
2 1 5 43 1.446723579668601198e-05 
2 1 5 44 3.730559876596783379e-04 
2 1 5 45 -4.218534003637475541e-04 
2 1 5 46 3.262782556917619213e-04 
2 1 5 47 -5.252339621676867286e-04 
2 1 5 48 2.501107999831720481e-04 
2 1 5 49 1.714928095873569219e-05 
2 1 5 50 -1.168214621715865496e-05 
2 1 5 51 -6.064714149612305530e-04 
2 1 5 52 -2.448736073739780960e-05 
2 1 5 53 1.749892090493708192e-04 
2 1 5 54 8.063708334304140574e-05 
2 1 5 55 2.069482090132663280e-05 
2 1 5 56 2.194282181862786016e-05 
2 1 5 57 8.313902021837762252e-05 
2 1 5 58 5.309903850137187115e-05 
2 1 5 59 1.084504084245677698e-05 
2 1 5 60 -5.066531441188052034e-05 
2 1 5 61 -4.808715252887673340e-03 
2 1 5 62 1.271080629937945076e-03 
2 1 5 63 1.889723709323704373e-04 
2 1 6 6 5.255716918082457400e-05 
2 1 6 7 1.817705729255189329e-05 
2 1 6 8 4.702586914313247448e-06 
2 1 6 9 -8.759362088532575411e-06 
2 1 6 10 9.096984103135825051e-06 
2 1 6 11 1.414655617393010353e-05 
2 1 6 12 5.119266018593978918e-07 
2 1 6 13 -2.474938978142938455e-06 
2 1 6 14 1.096188241403727535e-05 
2 1 6 15 1.652496076394987317e-05 
2 1 6 16 1.623840486256658403e-04 
2 1 6 17 4.299984662018578108e-05 
2 1 6 18 -2.927389673957930989e-04 
2 1 6 19 1.668896725529724415e-04 
2 1 6 20 -5.616311978573892895e-05 
2 1 6 21 3.945992558502667616e-05 
2 1 6 22 -9.776973328937329252e-05 
2 1 6 23 1.725886702539342242e-05 
2 1 6 24 -1.915810154878678996e-04 
2 1 6 25 1.470996987715743852e-04 
2 1 6 26 9.136017685846058812e-06 
2 1 6 27 3.130381742546899083e-04 
2 1 6 28 2.478792415117358518e-04 
2 1 6 29 6.199211790110642484e-06 
2 1 6 30 -7.811352682739093210e-05 
2 1 6 31 2.594163581527585334e-04 
2 1 6 32 9.676044266947455099e-06 
2 1 6 33 -2.572431433771443348e-05 
2 1 6 34 1.389688817451272892e-05 
2 1 6 35 -8.054828951937399880e-05 
2 1 6 36 -3.122445671570459784e-04 
2 1 6 37 -2.783100384792829484e-04 
2 1 6 38 6.307313763594988394e-04 
2 1 6 39 -1.186691774240424735e-05 
2 1 6 40 1.130154581469520179e-04 
2 1 6 41 3.339608495382947540e-04 
2 1 6 42 -4.890997990380401613e-07 
2 1 6 43 -1.806469259437681367e-05 
2 1 6 44 -4.658209635896303782e-04 
2 1 6 45 5.267524536007023696e-04 
2 1 6 46 -4.074113700594464036e-04 
2 1 6 47 6.558398682943360290e-04 
2 1 6 48 -3.123039370001487978e-04 
2 1 6 49 -2.141366082683963967e-05 
2 1 6 50 1.458705612012076035e-05 
2 1 6 51 7.572780166893724411e-04 
2 1 6 52 3.057644504555934482e-05 
2 1 6 53 -2.185024352711154862e-04 
2 1 6 54 -1.006884891552194990e-04 
2 1 6 55 -2.584084354765319336e-05 
2 1 6 56 -2.739917498898651013e-05 
2 1 6 57 -1.038125633957466694e-04 
2 1 6 58 -6.630277005152110034e-05 
2 1 6 59 -1.354179401257581170e-05 
2 1 6 60 6.326387005586263650e-05 
2 1 6 61 6.004461643160026972e-03 
2 1 6 62 -1.587150514467081846e-03 
2 1 6 63 -2.359626830277231275e-04 
2 1 7 7 6.288091613501905934e-06 
2 1 7 8 1.626445442861461404e-06 
2 1 7 9 -3.029528822484306875e-06 
2 1 7 10 3.146299979508045577e-06 
2 1 7 11 4.892753561977218075e-06 
2 1 7 12 1.770558818052957553e-07 
2 1 7 13 -8.559869979932165299e-07 
2 1 7 14 3.791297148752617837e-06 
2 1 7 15 5.715353863526899789e-06 
2 1 7 16 5.616245090894316774e-05 
2 1 7 17 1.487200747876861241e-05 
2 1 7 18 -1.012472470432097024e-04 
2 1 7 19 5.772077440188781960e-05 
2 1 7 20 -1.942468170011906893e-05 
2 1 7 21 1.364768353007002842e-05 
2 1 7 22 -3.381482283725272578e-05 
2 1 7 23 5.969184135994367662e-06 
2 1 7 24 -6.626056852831045435e-05 
2 1 7 25 5.087617715028133389e-05 
2 1 7 26 3.159800137358734738e-06 
2 1 7 27 1.082679683661950774e-04 
2 1 7 28 8.573197804476747166e-05 
2 1 7 29 2.144071025651147863e-06 
2 1 7 30 -2.701649045376389879e-05 
2 1 7 31 8.972222694002770257e-05 
2 1 7 32 3.346574530408817068e-06 
2 1 7 33 -8.897059134992363582e-06 
2 1 7 34 4.806403733624287146e-06 
2 1 7 35 -2.785858214014069850e-05 
2 1 7 36 -1.079934900269492558e-04 
2 1 7 37 -9.625683045653557815e-05 
2 1 7 38 2.181459339684439444e-04 
2 1 7 39 -4.104314207549589921e-06 
2 1 7 40 3.908773762351301732e-05 
2 1 7 41 1.155043244097811808e-04 
2 1 7 42 -1.691609437363709715e-07 
2 1 7 43 -6.247888338327870126e-06 
2 1 7 44 -1.611097098297710711e-04 
2 1 7 45 1.821835891152705504e-04 
2 1 7 46 -1.409080588114004654e-04 
2 1 7 47 2.268300041950275668e-04 
2 1 7 48 -1.080140240778179860e-04 
2 1 7 49 -7.406168834272908665e-06 
2 1 7 50 5.045106591801802307e-06 
2 1 7 51 2.619135919639196258e-04 
2 1 7 52 1.057522656155273991e-05 
2 1 7 53 -7.557166115723384524e-05 
2 1 7 54 -3.482430930245586435e-05 
2 1 7 55 -8.937362508167946435e-06 
2 1 7 56 -9.476329983674979630e-06 
2 1 7 57 -3.590480747776881329e-05 
2 1 7 58 -2.293160000732089471e-05 
2 1 7 59 -4.683590219365095473e-06 
2 1 7 60 2.188056049126446500e-05 
2 1 7 61 2.076714340484818195e-03 
2 1 7 62 -5.489348470827390761e-04 
2 1 7 63 -8.161049510921713330e-05 
2 1 8 8 4.221181358136131912e-07 
2 1 8 9 -7.837688006070664199e-07 
2 1 8 10 8.139793842207793784e-07 
2 1 8 11 1.265803374834116941e-06 
2 1 8 12 4.580611077574601452e-08 
2 1 8 13 -2.214523850163461579e-07 
2 1 8 14 9.808465540035485304e-07 
2 1 8 15 1.478619326032979789e-06 
2 1 8 16 1.452978862608305944e-05 
2 1 8 17 3.847537328582798369e-06 
2 1 8 18 -2.619367666718466143e-05 
2 1 8 19 1.493294248834010042e-05 
2 1 8 20 -5.025359671154287177e-06 
2 1 8 21 3.530792237987940520e-06 
2 1 8 22 -8.748233177985895439e-06 
2 1 8 23 1.544287956418092832e-06 
2 1 8 24 -1.714227276931023087e-05 
2 1 8 25 1.316217667951913776e-05 
2 1 8 26 8.174719891463860761e-07 
2 1 8 27 2.801000693468529314e-05 
2 1 8 28 2.217972070315553287e-05 
2 1 8 29 5.546926776206638907e-07 
2 1 8 30 -6.989436422978062732e-06 
2 1 8 31 2.321203842121109860e-05 
2 1 8 32 8.657920056391172154e-07 
2 1 8 33 -2.301757807346223101e-06 
2 1 8 34 1.243464723431013429e-06 
2 1 8 35 -7.207294174585840862e-06 
2 1 8 36 -2.793899688462171519e-05 
2 1 8 37 -2.490260550812009772e-05 
2 1 8 38 5.643653736445739482e-05 
2 1 8 39 -1.061826976240780936e-06 
2 1 8 40 1.011238879618922754e-05 
2 1 8 41 2.988212553240446122e-05 
2 1 8 42 -4.376359789966494209e-08 
2 1 8 43 -1.616391204092034534e-06 
2 1 8 44 -4.168069464978104327e-05 
2 1 8 45 4.713271893682261329e-05 
2 1 8 46 -3.645432599853990364e-05 
2 1 8 47 5.868319373390036895e-05 
2 1 8 48 -2.794430964261294045e-05 
2 1 8 49 -1.916050109247548694e-06 
2 1 8 50 1.305219672080450142e-06 
2 1 8 51 6.775966912229786576e-05 
2 1 8 52 2.735917111059613602e-06 
2 1 8 53 -1.955114555300114631e-05 
2 1 8 54 -9.009397600981269310e-06 
2 1 8 55 -2.312185173116086256e-06 
2 1 8 56 -2.451621582707875705e-06 
2 1 8 57 -9.288933358450332056e-06 
2 1 8 58 -5.932634330370206314e-06 
2 1 8 59 -1.211691702586788162e-06 
2 1 8 60 5.660720133557330680e-06 
2 1 8 61 5.372667971410749390e-04 
2 1 8 62 -1.420149422539636146e-04 
2 1 8 63 -2.111345234865545347e-05 
2 1 9 9 1.461262188746289541e-06 
2 1 9 10 -1.516173496147559048e-06 
2 1 9 11 -2.357804090823063943e-06 
2 1 9 12 -8.532232895855407268e-08 
2 1 9 13 4.124939213934939655e-07 
2 1 9 14 -1.826993956023977313e-06 
2 1 9 15 -2.754178568075256339e-06 
2 1 9 16 -2.706418798949497678e-05 
2 1 9 17 -7.166684828506684044e-06 
2 1 9 18 4.879014032590959593e-05 
2 1 9 19 -2.781513134902365169e-05 
2 1 9 20 9.360579616480412064e-06 
2 1 9 21 -6.576703907287373662e-06 
2 1 9 22 1.629506029907584093e-05 
2 1 9 23 -2.876499289506816841e-06 
2 1 9 24 3.193037822824206878e-05 
2 1 9 25 -2.451677447959608663e-05 
2 1 9 26 -1.522684475170403290e-06 
2 1 9 27 -5.217336314882846919e-05 
2 1 9 28 -4.131347068283986731e-05 
2 1 9 29 -1.033207406695425364e-06 
2 1 9 30 1.301900468093971807e-05 
2 1 9 31 -4.323633853600107547e-05 
2 1 9 32 -1.612690778491309007e-06 
2 1 9 33 4.287422218547920777e-06 
2 1 9 34 -2.316162205663590136e-06 
2 1 9 35 1.342480063223037131e-05 
2 1 9 36 5.204109677574462279e-05 
2 1 9 37 4.638530325957971744e-05 
2 1 9 38 -1.051225655854535671e-04 
2 1 9 39 1.977837307477280467e-06 
2 1 9 40 -1.883603255317285526e-05 
2 1 9 41 -5.566049663922057871e-05 
2 1 9 42 8.151763046770142814e-08 
2 1 9 43 3.010801859568534133e-06 
2 1 9 44 7.763732151541738707e-05 
2 1 9 45 -8.779264745401074959e-05 
2 1 9 46 6.790233193120694143e-05 
2 1 9 47 -1.093073404119421942e-04 
2 1 9 48 5.205098578431712944e-05 
2 1 9 49 3.568967062895117524e-06 
2 1 9 50 -2.431189915985536026e-06 
2 1 9 51 -1.262138060012264198e-04 
2 1 9 52 -5.096106015921425853e-06 
2 1 9 53 3.641730484797788914e-05 
2 1 9 54 1.678152174336851435e-05 
2 1 9 55 4.306834384590741319e-06 
2 1 9 56 4.566559043032583888e-06 
2 1 9 57 1.730220526968382714e-05 
2 1 9 58 1.105053173664776616e-05 
2 1 9 59 2.256980316565891607e-06 
2 1 9 60 -1.054404552948684368e-05 
2 1 9 61 -1.000749969898885811e-03 
2 1 9 62 2.645267676786470590e-04 
2 1 9 63 3.932736414817482139e-05 
2 1 10 10 1.575954118160399488e-06 
2 1 10 11 2.448652469908500231e-06 
2 1 10 12 8.861029565518211098e-08 
2 1 10 13 -4.283916629456393153e-07 
2 1 10 14 1.897412156653671294e-06 
2 1 10 15 2.860335560900009554e-06 
2 1 10 16 2.810735079115781360e-05 
2 1 10 17 7.442921924425818541e-06 
2 1 10 18 -5.067072164049603159e-05 
2 1 10 19 2.888723744449546180e-05 
2 1 10 20 -9.721376788999808763e-06 
2 1 10 21 6.830190185183693203e-06 
2 1 10 22 -1.692314137755116294e-05 
2 1 10 23 2.987368671667220073e-06 
2 1 10 24 -3.316110710304200781e-05 
2 1 10 25 2.546175502286905030e-05 
2 1 10 26 1.581369826662784894e-06 
2 1 10 27 5.418434831164224599e-05 
2 1 10 28 4.290586980745064412e-05 
2 1 10 29 1.073032906602535485e-06 
2 1 10 30 -1.352081273086599083e-05 
2 1 10 31 4.490285026657448548e-05 
2 1 10 32 1.674843937961320848e-06 
2 1 10 33 -4.452668167317978698e-06 
2 1 10 34 2.405437734236484992e-06 
2 1 10 35 -1.394225029598627851e-05 
2 1 10 36 -5.404698128931451225e-05 
2 1 10 37 -4.817319192857229292e-05 
2 1 10 38 1.091744438892452887e-04 
2 1 10 39 -2.054066281574365344e-06 
2 1 10 40 1.956205160358456810e-05 
2 1 10 41 5.780589230342488070e-05 
2 1 10 42 -8.465915113599861317e-08 
2 1 10 43 -3.126850554669960785e-06 
2 1 10 44 -8.062979997931615176e-05 
2 1 10 45 9.117654206089944474e-05 
2 1 10 46 -7.051957668018393234e-05 
2 1 10 47 1.135205186049300882e-04 
2 1 10 48 -5.405725795722962027e-05 
2 1 10 49 -3.706529599375606926e-06 
2 1 10 50 2.524900180236242123e-06 
2 1 10 51 1.310786326447471847e-04 
2 1 10 52 5.292532642083433778e-06 
2 1 10 53 -3.782098489187451113e-05 
2 1 10 54 -1.742835416574801854e-05 
2 1 10 55 -4.472838732149449727e-06 
2 1 10 56 -4.742573117016063047e-06 
2 1 10 57 -1.796910580954847060e-05 
2 1 10 58 -1.147646739031518669e-05 
2 1 10 59 -2.343973809308156612e-06 
2 1 10 60 1.095045861325196533e-05 
2 1 10 61 1.039323214065408178e-03 
2 1 10 62 -2.747227764894247097e-04 
2 1 10 63 -4.084321103814233302e-05 
2 1 11 11 3.809243660589837187e-06 
2 1 11 12 1.377973322735963400e-07 
2 1 11 13 -6.661864072101566046e-07 
2 1 11 14 2.950634047135949756e-06 
2 1 11 15 4.448056958100014855e-06 
2 1 11 16 4.370923947300109206e-05 
2 1 11 17 1.157434855642260405e-05 
2 1 11 18 -7.879711529235455933e-05 
2 1 11 19 4.492202891029018543e-05 
2 1 11 20 -1.511753543797416349e-05 
2 1 11 21 1.062151673547311799e-05 
2 1 11 22 -2.631686940481896053e-05 
2 1 11 23 4.645607214195885850e-06 
2 1 11 24 -5.156824035924143309e-05 
2 1 11 25 3.959511255473264726e-05 
2 1 11 26 2.459167535102481003e-06 
2 1 11 27 8.426109290042452064e-05 
2 1 11 28 6.672213537929095066e-05 
2 1 11 29 1.668651972147958719e-06 
2 1 11 30 -2.102596998400337575e-05 
2 1 11 31 6.982760748327981957e-05 
2 1 11 32 2.604529974971909640e-06 
2 1 11 33 -6.924278252461793278e-06 
2 1 11 34 3.740651332347004506e-06 
2 1 11 35 -2.168133885282208122e-05 
2 1 11 36 -8.404747966060057589e-05 
2 1 11 37 -7.491325285498992245e-05 
2 1 11 38 1.697751821601354660e-04 
2 1 11 39 -3.194249310640021262e-06 
2 1 11 40 3.042059387615467074e-05 
2 1 11 41 8.989288721389932500e-05 
2 1 11 42 -1.316527505109132148e-07 
2 1 11 43 -4.862509167718956840e-06 
2 1 11 44 -1.253859278445423203e-04 
2 1 11 45 1.417869949445411167e-04 
2 1 11 46 -1.096637118142524623e-04 
2 1 11 47 1.765336821317730622e-04 
2 1 11 48 -8.406345039457891670e-05 
2 1 11 49 -5.763957627485192251e-06 
2 1 11 50 3.926423475731667837e-06 
2 1 11 51 2.038379842197790342e-04 
2 1 11 52 8.230319654723757610e-06 
2 1 11 53 -5.881472274179423796e-05 
2 1 11 54 -2.710251491217446847e-05 
2 1 11 55 -6.955629253223281351e-06 
2 1 11 56 -7.375089984308885812e-06 
2 1 11 57 -2.794342985913803756e-05 
2 1 11 58 -1.784684422530748797e-05 
2 1 11 59 -3.645071245725570360e-06 
2 1 11 60 1.702885803278942194e-05 
2 1 11 61 1.616232510190978655e-03 
2 1 11 62 -4.272163623031816071e-04 
2 1 11 63 -6.351453050759551036e-05 
2 1 12 12 6.327062213479454998e-09 
2 1 12 13 -2.410748771309599330e-08 
2 1 12 14 1.067756180367259788e-07 
2 1 12 15 1.609634260482942918e-07 
2 1 12 16 1.581722082364106311e-06 
2 1 12 17 4.188451829914328621e-07 
2 1 12 18 -2.851460020222698049e-06 
2 1 12 19 1.625609665170478468e-06 
2 1 12 20 -5.470638490169503626e-07 
2 1 12 21 3.843646749750503799e-07 
2 1 12 22 -9.523382427036483666e-07 
2 1 12 23 1.681120657004994909e-07 
2 1 12 24 -1.866118651244116180e-06 
2 1 12 25 1.432842736882912505e-06 
2 1 12 26 8.899058119469254261e-08 
2 1 12 27 3.049187402120446181e-06 
2 1 12 28 2.414498794786997787e-06 
2 1 12 29 6.038414010555282367e-08 
2 1 12 30 -7.608746546195808355e-07 
2 1 12 31 2.526877407102475101e-06 
2 1 12 32 9.425107897635803667e-08 
2 1 12 33 -2.505714191768242278e-07 
2 1 12 34 1.353643582880663186e-07 
2 1 12 35 -7.845905669791579655e-07 
2 1 12 36 -3.041457209991063395e-06 
2 1 12 37 -2.710913677073538677e-06 
2 1 12 38 6.143717221550746583e-06 
2 1 12 39 -1.155914080512046540e-07 
2 1 12 40 1.100841346272938330e-06 
2 1 12 41 3.252986971916539926e-06 
2 1 12 42 -4.764189737530183391e-09 
2 1 12 43 -1.759614390669726989e-07 
2 1 12 44 -4.537386897327529186e-06 
2 1 12 45 5.130898148190952492e-06 
2 1 12 46 -3.968441027243074578e-06 
2 1 12 47 6.388289226212894938e-06 
2 1 12 48 -3.042035022737542970e-06 
2 1 12 49 -2.085823341554907664e-07 
2 1 12 50 1.420869512439878153e-07 
2 1 12 51 7.376360156919098617e-06 
2 1 12 52 2.978335716892724761e-07 
2 1 12 53 -2.128350004864429030e-06 
2 1 12 54 -9.807686651111035530e-07 
2 1 12 55 -2.517059302902998185e-07 
2 1 12 56 -2.668850459973585331e-07 
2 1 12 57 -1.011199161068994833e-06 
2 1 12 58 -6.458303876133019687e-07 
2 1 12 59 -1.319055177945338038e-07 
2 1 12 60 6.162295432468439723e-07 
2 1 12 61 5.848720018851609118e-05 
2 1 12 62 -1.545983558207791718e-05 
2 1 12 63 -2.298423680850145600e-06 
2 1 13 13 1.178895439614321604e-07 
2 1 13 14 -5.162128820253537743e-07 
2 1 13 15 -7.781871528887600145e-07 
2 1 13 16 -7.646927710138857012e-06 
2 1 13 17 -2.024932074582913642e-06 
2 1 13 18 1.378555101703798124e-05 
2 1 13 19 -7.859104894072708490e-06 
2 1 13 20 2.644812076785590279e-06 
2 1 13 21 -1.858232268430389305e-06 
2 1 13 22 4.604134814768302050e-06 
2 1 13 23 -8.127480530738104510e-07 
2 1 13 24 9.021859903164501310e-06 
2 1 13 25 -6.927162550735195194e-06 
2 1 13 26 -4.302301512715139498e-07 
2 1 13 27 -1.474147375126000141e-05 
2 1 13 28 -1.167303424842704481e-05 
2 1 13 29 -2.919308062811845046e-07 
2 1 13 30 3.678492321171846476e-06 
2 1 13 31 -1.221633579229598514e-05 
2 1 13 32 -4.556611158045887747e-07 
2 1 13 33 1.211400335940208483e-06 
2 1 13 34 -6.544268868499706140e-07 
2 1 13 35 3.793149108317428557e-06 
2 1 13 36 1.470410162328560259e-05 
2 1 13 37 1.310606966498377608e-05 
2 1 13 38 -2.970215975130236386e-05 
2 1 13 39 5.588327407113436906e-07 
2 1 13 40 -5.322080859328272238e-06 
2 1 13 41 -1.572675603573828133e-05 
2 1 13 42 2.303255749471243462e-08 
2 1 13 43 8.506956323732367019e-07 
2 1 13 44 2.193626197685110936e-05 
2 1 13 45 -2.480562521169193127e-05 
2 1 13 46 1.918566003872468163e-05 
2 1 13 47 -3.088455898847692336e-05 
2 1 13 48 1.470689684038379162e-05 
2 1 13 49 1.008403890326364209e-06 
2 1 13 50 -6.869279011788967798e-07 
2 1 13 51 -3.566144534286224056e-05 
2 1 13 52 -1.439894121816061113e-06 
2 1 13 53 1.028963274146675983e-05 
2 1 13 54 4.741583629550176977e-06 
2 1 13 55 1.216887054574210828e-06 
2 1 13 56 1.290271448399146632e-06 
2 1 13 57 4.888701420756314823e-06 
2 1 13 58 3.122304607360772120e-06 
2 1 13 59 6.377049749318536521e-07 
2 1 13 60 -2.979197857948050048e-06 
2 1 13 61 -2.827597994660064110e-04 
2 1 13 62 7.474148189481091527e-05 
2 1 13 63 1.111186399015585861e-05 
2 1 14 14 2.287725839948536670e-06 
2 1 14 15 3.446709590546836238e-06 
2 1 14 16 3.386940914455623109e-05 
2 1 14 17 8.968734033284783799e-06 
2 1 14 18 -6.105831083934261166e-05 
2 1 14 19 3.480917407159014822e-05 
2 1 14 20 -1.171427657526316473e-05 
2 1 14 21 8.230392472508508411e-06 
2 1 14 22 -2.039241598325344904e-05 
2 1 14 23 3.599784847354187692e-06 
2 1 14 24 -3.995919433848835748e-05 
2 1 14 25 3.068146075601245861e-05 
2 1 14 26 1.905554001096397983e-06 
2 1 14 27 6.529223772085509690e-05 
2 1 14 28 5.170165072732044919e-05 
2 1 14 29 1.293006429911352684e-06 
2 1 14 30 -1.629260388422753146e-05 
2 1 14 31 5.410801597117227864e-05 
2 1 14 32 2.018190833045480692e-06 
2 1 14 33 -5.365474430640779913e-06 
2 1 14 34 2.898556738510367058e-06 
2 1 14 35 -1.680043671890959619e-05 
2 1 14 36 -6.512671044371580562e-05 
2 1 14 37 -5.804878341139751833e-05 
2 1 14 38 1.315554016521887728e-04 
2 1 14 39 -2.475154211013187940e-06 
2 1 14 40 2.357230790743524324e-05 
2 1 14 41 6.965620440127953780e-05 
2 1 14 42 -1.020145284280830920e-07 
2 1 14 43 -3.767860657064633980e-06 
2 1 14 44 -9.715905429707899521e-05 
2 1 14 45 1.098678992097599399e-04 
2 1 14 46 -8.497621750254019679e-05 
2 1 14 47 1.367924291988449495e-04 
2 1 14 48 -6.513909288598734122e-05 
2 1 14 49 -4.466374840461113221e-06 
2 1 14 50 3.042509040052631937e-06 
2 1 14 51 1.579499883165770980e-04 
2 1 14 52 6.377511241079499063e-06 
2 1 14 53 -4.557435493168997644e-05 
2 1 14 54 -2.100119813794109353e-05 
2 1 14 55 -5.389778688655414855e-06 
2 1 14 56 -5.714809209452736312e-06 
2 1 14 57 -2.165280500357747494e-05 
2 1 14 58 -1.382916389619693176e-05 
2 1 14 59 -2.824492685857331446e-06 
2 1 14 60 1.319532234756275044e-05 
2 1 14 61 1.252386342795605133e-03 
2 1 14 62 -3.310414399219062669e-04 
2 1 14 63 -4.921614282918819873e-05 
2 1 15 15 5.197231047823915352e-06 
2 1 15 16 5.105789614012609727e-05 
2 1 15 17 1.352030390730838251e-05 
2 1 15 18 -9.204497531419643169e-05 
2 1 15 19 5.247458508020321838e-05 
2 1 15 20 -1.765918977289211120e-05 
2 1 15 21 1.240725808007998296e-05 
2 1 15 22 -3.074142395651971422e-05 
2 1 15 23 5.426650262895950220e-06 
2 1 15 24 -6.023820481318328091e-05 
2 1 15 25 4.625208687037471439e-05 
2 1 15 26 2.872608863966518270e-06 
2 1 15 27 9.842758998562087572e-05 
2 1 15 28 7.793987549499074060e-05 
2 1 15 29 1.949198242071426992e-06 
2 1 15 30 -2.456098589539051200e-05 
2 1 15 31 8.156745417660553137e-05 
2 1 15 32 3.042407740397153418e-06 
2 1 15 33 -8.088413942343689015e-06 
2 1 15 34 4.369553982656683250e-06 
2 1 15 35 -2.532654052397358331e-05 
2 1 15 36 -9.817805862809453365e-05 
2 1 15 37 -8.750813350925795990e-05 
2 1 15 38 1.983188452215898015e-04 
2 1 15 39 -3.731277049071112049e-06 
2 1 15 40 3.553508838663669146e-05 
2 1 15 41 1.050062396605855840e-04 
2 1 15 42 -1.537861175889113023e-07 
2 1 15 43 -5.680023417829027108e-06 
2 1 15 44 -1.464665927766012864e-04 
2 1 15 45 1.656250863032996312e-04 
2 1 15 46 -1.281010516134589890e-04 
2 1 15 47 2.062136278962560792e-04 
2 1 15 48 -9.819672590478346007e-05 
2 1 15 49 -6.733028743402071644e-06 
2 1 15 50 4.586561210519310770e-06 
2 1 15 51 2.381084998423647415e-04 
2 1 15 52 9.614053577397677354e-06 
2 1 15 53 -6.870302043961630403e-05 
2 1 15 54 -3.165915894031728390e-05 
2 1 15 55 -8.125053592947453508e-06 
2 1 15 56 -8.615034777230543676e-06 
2 1 15 57 -3.264145160966608729e-05 
2 1 15 58 -2.084736754069702009e-05 
2 1 15 59 -4.257902900729328682e-06 
2 1 15 60 1.989185591499494611e-05 
2 1 15 61 1.887963631071017589e-03 
2 1 15 62 -4.990426497019869768e-04 
2 1 15 63 -7.419299021318626519e-05 
2 1 16 16 5.017264575351787709e-04 
2 1 16 17 1.328585111965814786e-04 
2 1 16 18 -9.044884234274002972e-04 
2 1 16 19 5.156463410900166125e-04 
2 1 16 20 -1.735296538484498957e-04 
2 1 16 21 1.219210635396536415e-04 
2 1 16 22 -3.020834319957023135e-04 
2 1 16 23 5.332547914006151806e-05 
2 1 16 24 -5.919362652620947796e-04 
2 1 16 25 4.545003898292033573e-04 
2 1 16 26 2.822795560515361745e-05 
2 1 16 27 9.672077721724252689e-04 
2 1 16 28 7.658833603964516944e-04 
2 1 16 29 1.915397617713427187e-05 
2 1 16 30 -2.413507886061448074e-04 
2 1 16 31 8.015300969658529411e-04 
2 1 16 32 2.989649902098539177e-05 
2 1 16 33 -7.948154308831351740e-05 
2 1 16 34 4.293782444923710317e-05 
2 1 16 35 -2.488735819493108846e-04 
2 1 16 36 -9.647557302017411695e-04 
2 1 16 37 -8.599067285808449776e-04 
2 1 16 38 1.948798388696679510e-03 
2 1 16 39 -3.666573687663763183e-05 
2 1 16 40 3.491888164836027923e-04 
2 1 16 41 1.031853480596836960e-03 
2 1 16 42 -1.511193241564488139e-06 
2 1 16 43 -5.581527281735265271e-05 
2 1 16 44 -1.439267455284169890e-03 
2 1 16 45 1.627530156080107685e-03 
2 1 16 46 -1.258796775608182674e-03 
2 1 16 47 2.026377198028667895e-03 
2 1 16 48 -9.649391670909660077e-04 
2 1 16 49 -6.616272704804392881e-05 
2 1 16 50 4.507026648686635382e-05 
2 1 16 51 2.339795092934179432e-03 
2 1 16 52 9.447338287265293587e-05 
2 1 16 53 -6.751165550804730329e-04 
2 1 16 54 -3.111016399120837593e-04 
2 1 16 55 -7.984158720166242655e-05 
2 1 16 56 -8.465643265030625773e-05 
2 1 16 57 -3.207542294026019211e-04 
2 1 16 58 -2.048585755260097800e-04 
2 1 16 59 -4.184067482076435791e-05 
2 1 16 60 1.954691533264039363e-04 
2 1 16 61 1.855224841916288184e-02 
2 1 16 62 -4.903888537117896511e-03 
2 1 16 63 -7.290642481490633344e-04 
2 1 17 17 3.518272524135202249e-05 
2 1 17 18 -2.395116014983476622e-04 
2 1 17 19 1.365448982881200754e-04 
2 1 17 20 -4.595124090112400795e-05 
2 1 17 21 3.228510963710384579e-05 
2 1 17 22 -7.999271709428868262e-05 
2 1 17 23 1.412076712501780764e-05 
2 1 17 24 -1.567467295236867194e-04 
2 1 17 25 1.203532442809896196e-04 
2 1 17 26 7.474857350007836618e-06 
2 1 17 27 2.561198977649924114e-04 
2 1 17 28 2.028085110653511311e-04 
2 1 17 29 5.072038037600493539e-06 
2 1 17 30 -6.391050721507749116e-05 
2 1 17 31 2.122478874424998192e-04 
2 1 17 32 7.916693019089351949e-06 
2 1 17 33 -2.104698032969749388e-05 
2 1 17 34 1.137008159614699530e-05 
2 1 17 35 -6.590256847572701596e-05 
2 1 17 36 -2.554705883736279140e-04 
2 1 17 37 -2.277062177343501265e-04 
2 1 17 38 5.160484225537438022e-04 
2 1 17 39 -9.709210450231041514e-06 
2 1 17 40 9.246638225370106912e-05 
2 1 17 41 2.732383012116179600e-04 
2 1 17 42 -4.001690507295617702e-07 
2 1 17 43 -1.478007342438693598e-05 
2 1 17 44 -3.811229032056955793e-04 
2 1 17 45 4.309755032751292530e-04 
2 1 17 46 -3.333336548335114730e-04 
2 1 17 47 5.365915545399981218e-04 
2 1 17 48 -2.555191642009113900e-04 
2 1 17 49 -1.752011428957159968e-05 
2 1 17 50 1.193475968610664414e-05 
2 1 17 51 6.195856761888096685e-04 
2 1 17 52 2.501687228732053260e-05 
2 1 17 53 -1.787731533643355719e-04 
2 1 17 54 -8.238076935131955695e-05 
2 1 17 55 -2.114232310135904779e-05 
2 1 17 56 -2.241731036601665879e-05 
2 1 17 57 -8.493680763035673092e-05 
2 1 17 58 -5.424724557208631114e-05 
2 1 17 59 -1.107955254569639395e-05 
2 1 17 60 5.176089473918709760e-05 
2 1 17 61 4.912698303437118379e-03 
2 1 17 62 -1.298566316703913441e-03 
2 1 17 63 -1.930586855682085061e-04 
2 1 18 18 1.630574102406898802e-03 
2 1 18 19 -9.295850058219052659e-04 
2 1 18 20 3.128317840988661990e-04 
2 1 18 21 -2.197940366920038901e-04 
2 1 18 22 5.445829960091182241e-04 
2 1 18 23 -9.613287629419530855e-05 
2 1 18 24 1.067117195880071950e-03 
2 1 18 25 -8.193537221840601530e-04 
2 1 18 26 -5.088814018551256955e-05 
2 1 18 27 -1.743640498663486449e-03 
2 1 18 28 -1.380701523773064654e-03 
2 1 18 29 -3.452996363399975834e-05 
2 1 18 30 4.350968027601963663e-04 
2 1 18 31 -1.444963925755560165e-03 
2 1 18 32 -5.389611593840586910e-05 
2 1 18 33 1.432858952683899612e-04 
2 1 18 34 -7.740646003793368837e-05 
2 1 18 35 4.486585715481401955e-04 
2 1 18 36 1.739220063291020734e-03 
2 1 18 37 1.550202801504387690e-03 
2 1 18 38 -3.513209776763173090e-03 
2 1 18 39 6.609940761682208267e-05 
2 1 18 40 -6.295025518443997034e-04 
2 1 18 41 -1.860181001826290235e-03 
2 1 18 42 2.724313797701380421e-06 
2 1 18 43 1.006213686551232040e-04 
2 1 18 44 2.594649359634737442e-03 
2 1 18 45 -2.934041244337461801e-03 
2 1 18 46 2.269304595403095516e-03 
2 1 18 47 -3.653065514504959949e-03 
2 1 18 48 1.739550760089518533e-03 
2 1 18 49 1.192753139244876137e-04 
2 1 18 50 -8.125073581088380393e-05 
2 1 18 51 -4.218081792879023982e-03 
2 1 18 52 -1.703125452792054063e-04 
2 1 18 53 1.217071040651064454e-03 
2 1 18 54 5.608406340114451818e-04 
2 1 18 55 1.439349737811528756e-04 
2 1 18 56 1.526149698992836079e-04 
2 1 18 57 5.782419063070935641e-04 
2 1 18 58 3.693102134017050794e-04 
2 1 18 59 7.542856595014666137e-05 
2 1 18 60 -3.523833686555491798e-04 
2 1 18 61 -3.344519420529025455e-02 
2 1 18 62 8.840518991513760319e-03 
2 1 18 63 1.314325617695955234e-03 
2 1 19 19 5.299551741397357570e-04 
2 1 19 20 -1.783445316991676707e-04 
2 1 19 21 1.253039728783832173e-04 
2 1 19 22 -3.104652549491021974e-04 
2 1 19 23 5.480508609452623063e-05 
2 1 19 24 -6.083605522975573613e-04 
2 1 19 25 4.671112826140069382e-04 
2 1 19 26 2.901118891358508978e-05 
2 1 19 27 9.940446106068666354e-04 
2 1 19 28 7.871341075972871889e-04 
2 1 19 29 1.968543597913235206e-05 
2 1 19 30 -2.480474801136710880e-04 
2 1 19 31 8.237699242173404830e-04 
2 1 19 32 3.072602899963465393e-05 
2 1 19 33 -8.168689530636724151e-05 
2 1 19 34 4.412920796014186802e-05 
2 1 19 35 -2.557790062587276180e-04 
2 1 19 36 -9.915245325189841249e-04 
2 1 19 37 -8.837663154789899590e-04 
2 1 19 38 2.002871141817282128e-03 
2 1 19 39 -3.768309093324326037e-05 
2 1 19 40 3.588776591726622681e-04 
2 1 19 41 1.060484024991600362e-03 
2 1 19 42 -1.553123958305764585e-06 
2 1 19 43 -5.736396332003330695e-05 
2 1 19 44 -1.479202399102118315e-03 
2 1 19 45 1.672688772263476557e-03 
2 1 19 46 -1.293724251263423915e-03 
2 1 19 47 2.082602508303827652e-03 
2 1 19 48 -9.917130588038192054e-04 
2 1 19 49 -6.799852540494637871e-05 
2 1 19 50 4.632081813884064795e-05 
2 1 19 51 2.404716720271159007e-03 
2 1 19 52 9.709470879902247519e-05 
2 1 19 53 -6.938488216297538725e-04 
2 1 19 54 -3.197336883886168308e-04 
2 1 19 55 -8.205692890306975386e-05 
2 1 19 56 -8.700537055805479265e-05 
2 1 19 57 -3.296541055776759676e-04 
2 1 19 58 -2.105427280713139087e-04 
2 1 19 59 -4.300161611420742639e-05 
2 1 19 60 2.008927801993529996e-04 
2 1 19 61 1.906701236622759810e-02 
2 1 19 62 -5.039955334133465296e-03 
2 1 19 63 -7.492933859886463698e-04 
2 1 20 20 6.001934603702068182e-05 
2 1 20 21 -4.216834830699962979e-05 
2 1 20 22 1.044803849922002994e-04 
2 1 20 23 -1.844346984699710325e-05 
2 1 20 24 2.047306221949161400e-04 
2 1 20 25 -1.571962274706762374e-04 
2 1 20 26 -9.763089493997136148e-06 
2 1 20 27 -3.345242724212675080e-04 
2 1 20 28 -2.648930056657698684e-04 
2 1 20 29 -6.624709115049257930e-06 
2 1 20 30 8.347502901398415028e-05 
2 1 20 31 -2.772219998689185306e-04 
2 1 20 32 -1.034018106326129032e-05 
2 1 20 33 2.748996087125639206e-05 
2 1 20 34 -1.485073316310710571e-05 
2 1 20 35 8.607690781964196338e-05 
2 1 20 36 3.336761946453323312e-04 
2 1 20 37 2.974124910839788115e-04 
2 1 20 38 -6.740230835879490023e-04 
2 1 20 39 1.268143059010468019e-05 
2 1 20 40 -1.207725348347183850e-04 
2 1 20 41 -3.568830257312775194e-04 
2 1 20 42 5.226701995095883502e-07 
2 1 20 43 1.930460440073140498e-05 
2 1 20 44 4.977936624363214638e-04 
2 1 20 45 -5.629073269340604136e-04 
2 1 20 46 4.353749925765117417e-04 
2 1 20 47 -7.008549561778279913e-04 
2 1 20 48 3.337396406702830987e-04 
2 1 20 49 2.288343725205993877e-05 
2 1 20 50 -1.558827267719166513e-05 
2 1 20 51 -8.092555464700927452e-04 
2 1 20 52 -3.267513035394230915e-05 
2 1 20 53 2.334998557665851941e-04 
2 1 20 54 1.075994767834660720e-04 
2 1 20 55 2.761448964023434030e-05 
2 1 20 56 2.927978099292774088e-05 
2 1 20 57 1.109379791172977086e-04 
2 1 20 58 7.085361371920893749e-05 
2 1 20 59 1.447126641575238176e-05 
2 1 20 60 -6.760613226605541087e-05 
2 1 20 61 -6.416591770067687703e-03 
2 1 20 62 1.696088264766054459e-03 
2 1 20 63 2.521585280308228359e-04 
2 1 21 21 2.962861303284140040e-05 
2 1 21 22 -7.340739263308749792e-05 
2 1 21 23 1.295829011780558141e-05 
2 1 21 24 -1.438427060164268359e-04 
2 1 21 25 1.104452782667592482e-04 
2 1 21 26 6.859499450765881735e-06 
2 1 21 27 2.350350701323483628e-04 
2 1 21 28 1.861124924589667494e-04 
2 1 21 29 4.654486899648941678e-06 
2 1 21 30 -5.864913545254745353e-05 
2 1 21 31 1.947747821881608288e-04 
2 1 21 32 7.264962061159907351e-06 
2 1 21 33 -1.931431217134682536e-05 
2 1 21 34 1.043405021515080925e-05 
2 1 21 35 -6.047720199002314763e-05 
2 1 21 36 -2.344392158450465849e-04 
2 1 21 37 -2.089605191363631072e-04 
2 1 21 38 4.735652239279043870e-04 
2 1 21 39 -8.909911395168016568e-06 
2 1 21 40 8.485417611786041892e-05 
2 1 21 41 2.507442161314934635e-04 
2 1 21 42 -3.672255647355030493e-07 
2 1 21 43 -1.356331808750620498e-05 
2 1 21 44 -3.497473201622731281e-04 
2 1 21 45 3.954958568462622307e-04 
2 1 21 46 -3.058922779760574195e-04 
2 1 21 47 4.924171616230136770e-04 
2 1 21 48 -2.344837899833705872e-04 
2 1 21 49 -1.607778801941474829e-05 
2 1 21 50 1.095224133077274957e-05 
2 1 21 51 5.685788701024533341e-04 
2 1 21 52 2.295738176619588984e-05 
2 1 21 53 -1.640558226423373617e-04 
2 1 21 54 -7.559885038244645698e-05 
2 1 21 55 -1.940180128583119746e-05 
2 1 21 56 -2.057182689128014551e-05 
2 1 21 57 -7.794446572847778070e-05 
2 1 21 58 -4.978139207193365867e-05 
2 1 21 59 -1.016743897711280582e-05 
2 1 21 60 4.749972796328479974e-05 
2 1 21 61 4.508265049426748300e-03 
2 1 21 62 -1.191663069537114705e-03 
2 1 21 63 -1.771653114785106428e-04 
2 1 22 22 1.818826070826836479e-04 
2 1 22 23 -3.210671249863305106e-05 
2 1 22 24 3.563986187356053522e-04 
2 1 22 25 -2.736499196201310716e-04 
2 1 22 26 -1.699575589354219253e-05 
2 1 22 27 -5.823456558145423834e-04 
2 1 22 28 -4.611303387986734402e-04 
2 1 22 29 -1.153240844260377168e-05 
2 1 22 30 1.453147783865409170e-04 
2 1 22 31 -4.825928661496270682e-04 
2 1 22 32 -1.800036686658691118e-05 
2 1 22 33 4.785500117880579334e-05 
2 1 22 34 -2.585241380174313800e-05 
2 1 22 35 1.498441741878626444e-04 
2 1 22 36 5.808693075380754346e-04 
2 1 22 37 5.177408232093760323e-04 
2 1 22 38 -1.173351075087671752e-03 
2 1 22 39 2.207605462396406378e-05 
2 1 22 40 -2.102429235828716641e-04 
2 1 22 41 -6.212681616844945845e-04 
2 1 22 42 9.098734003404177034e-07 
2 1 22 43 3.360579020953016272e-05 
2 1 22 44 8.665678418575071531e-04 
2 1 22 45 -9.799188398757060700e-04 
2 1 22 46 7.579083394343982946e-04 
2 1 22 47 -1.220060464492237883e-03 
2 1 22 48 5.809797551539031902e-04 
2 1 22 49 3.983588455086765917e-05 
2 1 22 50 -2.713633533097267140e-05 
2 1 22 51 -1.408766092349788288e-03 
2 1 22 52 -5.688143365723984432e-05 
2 1 22 53 4.064805991380788012e-04 
2 1 22 54 1.873110355748923525e-04 
2 1 22 55 4.807178251014329904e-05 
2 1 22 56 5.097075071948389341e-05 
2 1 22 57 1.931227584574352562e-04 
2 1 22 58 1.233431996792894484e-04 
2 1 22 59 2.519183161583682192e-05 
2 1 22 60 -1.176899277349463107e-04 
2 1 22 61 -1.117011425289617284e-02 
2 1 22 62 2.952579870972644582e-03 
2 1 22 63 4.389619394505777424e-04 
2 1 23 23 5.668998265395841591e-06 
2 1 23 24 -6.291350351082450462e-05 
2 1 23 25 4.830623387106344681e-05 
2 1 23 26 3.000186962278631506e-06 
2 1 23 27 1.027989583953128324e-04 
2 1 23 28 8.140134328108232736e-05 
2 1 23 29 2.035765834582186497e-06 
2 1 23 30 -2.565178921490807504e-05 
2 1 23 31 8.519002883037350238e-05 
2 1 23 32 3.177528485088916816e-06 
2 1 23 33 -8.447638600405253241e-06 
2 1 23 34 4.563614698535637777e-06 
2 1 23 35 -2.645134278666341177e-05 
2 1 23 36 -1.025383441990968095e-04 
2 1 23 37 -9.139454645462658400e-05 
2 1 23 38 2.071265828626178121e-04 
2 1 23 39 -3.896991315642919252e-06 
2 1 23 40 3.711327409443578268e-05 
2 1 23 41 1.096697765753348771e-04 
2 1 23 42 -1.606163098716436447e-07 
2 1 23 43 -5.932284924367656227e-06 
2 1 23 44 -1.529714689595649028e-04 
2 1 23 45 1.729808294999009646e-04 
2 1 23 46 -1.337902758631963048e-04 
2 1 23 47 2.153719868181565766e-04 
2 1 23 48 -1.025578385380606305e-04 
2 1 23 49 -7.032055541067105718e-06 
2 1 23 50 4.790259144269797497e-06 
2 1 23 51 2.486833743874664808e-04 
2 1 23 52 1.004103249145069638e-05 
2 1 23 53 -7.175425884770709421e-05 
2 1 23 54 -3.306520532579666451e-05 
2 1 23 55 -8.485903446878817374e-06 
2 1 23 56 -8.997645380223518358e-06 
2 1 23 57 -3.409112359405714449e-05 
2 1 23 58 -2.177324152049778434e-05 
2 1 23 59 -4.447004848276241750e-06 
2 1 23 60 2.077529296212027153e-05 
2 1 23 61 1.971811867647087387e-03 
2 1 23 62 -5.212061307084017540e-04 
2 1 23 63 -7.748804925087979668e-05 
2 1 24 24 6.983688937913297857e-04 
2 1 24 25 -5.362204413227045219e-04 
2 1 24 26 -3.330339610735967039e-05 
2 1 24 27 -1.141113604603251168e-03 
2 1 24 28 -9.035906733985768231e-04 
2 1 24 29 -2.259789839277466010e-05 
2 1 24 30 2.847461282222024420e-04 
2 1 24 31 -9.456467624402655099e-04 
2 1 24 32 -3.527194631250519889e-05 
2 1 24 33 9.377247696280263710e-05 
2 1 24 34 -5.065812856958211338e-05 
2 1 24 35 2.936215346336606795e-04 
2 1 24 36 1.138220680631191499e-03 
2 1 24 37 1.014519625577548498e-03 
2 1 24 38 -2.299196118439905765e-03 
2 1 24 39 4.325830660658845764e-05 
2 1 24 40 -4.119736422205708798e-04 
2 1 24 41 -1.217382737870915119e-03 
2 1 24 42 1.782908655423396896e-06 
2 1 24 43 6.585096698611889177e-05 
2 1 24 44 1.698050534687258221e-03 
2 1 24 45 -1.920163233356251544e-03 
2 1 24 46 1.485130877022299055e-03 
2 1 24 47 -2.390723748702409945e-03 
2 1 24 48 1.138437101042049249e-03 
2 1 24 49 7.805891365102026814e-05 
2 1 24 50 -5.317398807937785286e-05 
2 1 24 51 -2.760494789036018436e-03 
2 1 24 52 -1.114598804949154271e-04 
2 1 24 53 7.965038211012237437e-04 
2 1 24 54 3.670383182107674470e-04 
2 1 24 55 9.419725945108684180e-05 
2 1 24 56 9.987782343488967041e-05 
2 1 24 57 3.784264619169653556e-04 
2 1 24 58 2.416925445827228865e-04 
2 1 24 59 4.936370928103469088e-05 
2 1 24 60 -2.306148862415112466e-04 
2 1 24 61 -2.188797867099622277e-02 
2 1 24 62 5.785617208237472248e-03 
2 1 24 63 8.601514140863906902e-04 
2 1 25 25 4.117220176640060537e-04 
2 1 25 26 2.557100659455960464e-05 
2 1 25 27 8.761696308310986140e-04 
2 1 25 28 6.937948190916643594e-04 
2 1 25 29 1.735111414926408387e-05 
2 1 25 30 -2.186337180078896404e-04 
2 1 25 31 7.260863171251309787e-04 
2 1 25 32 2.708249832026144450e-05 
2 1 25 33 -7.200036434361054059e-05 
2 1 25 34 3.889631469141276827e-05 
2 1 25 35 -2.254484308834705055e-04 
2 1 25 36 -8.739483862084994684e-04 
2 1 25 37 -7.789682660201587006e-04 
2 1 25 38 1.765368326806177838e-03 
2 1 25 39 -3.321458414354670237e-05 
2 1 25 40 3.163215233646649157e-04 
2 1 25 41 9.347305825266557545e-04 
2 1 25 42 -1.368952576203310632e-06 
2 1 25 43 -5.056167690417099307e-05 
2 1 25 44 -1.303796838928387991e-03 
2 1 25 45 1.474339367952091397e-03 
2 1 25 46 -1.140312907529279470e-03 
2 1 25 47 1.835645054548727412e-03 
2 1 25 48 -8.741145587278578710e-04 
2 1 25 49 -5.993518008897631200e-05 
2 1 25 50 4.082804156480425423e-05 
2 1 25 51 2.119562584610421452e-03 
2 1 25 52 8.558110430021477911e-05 
2 1 25 53 -6.115714125401239048e-04 
2 1 25 54 -2.818192917486899243e-04 
2 1 25 55 -7.232652186648852520e-05 
2 1 25 56 -7.668817131634760465e-05 
2 1 25 57 -2.905633339748298094e-04 
2 1 25 58 -1.855763237160254616e-04 
2 1 25 59 -3.790243384988283546e-05 
2 1 25 60 1.770706781446897734e-04 
2 1 25 61 1.680602362637761971e-02 
2 1 25 62 -4.442311506065784767e-03 
2 1 25 63 -6.604412953879736309e-04 
2 1 26 26 1.589496746161052979e-06 
2 1 26 27 5.441684497818975567e-05 
2 1 26 28 4.308997217696628991e-05 
2 1 26 29 1.077636687307318012e-06 
2 1 26 30 -1.357882860694651794e-05 
2 1 26 31 4.509552124518315938e-05 
2 1 26 32 1.682032599054669345e-06 
2 1 26 33 -4.471776977228567530e-06 
2 1 26 34 2.415758921048899402e-06 
2 1 26 35 -1.400207387054917935e-05 
2 1 26 36 -5.427888858564511223e-05 
2 1 26 37 -4.837989540496690649e-05 
2 1 26 38 1.096428914994437300e-04 
2 1 26 39 -2.062881504006297700e-06 
2 1 26 40 1.964599015829862708e-05 
2 1 26 41 5.805392654663858861e-05 
2 1 26 42 -8.502268841503207501e-08 
2 1 26 43 -3.140267603627441490e-06 
2 1 26 44 -8.097576843735574239e-05 
2 1 26 45 9.156776758722252874e-05 
2 1 26 46 -7.082216423628400381e-05 
2 1 26 47 1.140076132454093225e-04 
2 1 26 48 -5.428920676636032146e-05 
2 1 26 49 -3.722433496797402419e-06 
2 1 26 50 2.535733387120181071e-06 
2 1 26 51 1.316410662144138844e-04 
2 1 26 52 5.315241474933254808e-06 
2 1 26 53 -3.798326759895771451e-05 
2 1 26 54 -1.750313583361582433e-05 
2 1 26 55 -4.492030737256515825e-06 
2 1 26 56 -4.762922565479568214e-06 
2 1 26 57 -1.804620800291497105e-05 
2 1 26 58 -1.152571114972819182e-05 
2 1 26 59 -2.354031400841085730e-06 
2 1 26 60 1.099744494814933608e-05 
2 1 26 61 1.043782749845065857e-03 
2 1 26 62 -2.759015590308076479e-04 
2 1 26 63 -4.101846153190323005e-05 
2 1 27 27 1.864549950936538131e-03 
2 1 27 28 1.476442597177476642e-03 
2 1 27 29 3.692435248606832238e-05 
2 1 27 30 -4.652674325649717459e-04 
2 1 27 31 1.545161107935921242e-03 
2 1 27 32 5.763339748819979358e-05 
2 1 27 33 -1.532216725850220351e-04 
2 1 27 34 8.277400502761359696e-05 
2 1 27 35 -4.797696081214950078e-04 
2 1 27 36 -1.859821653994613673e-03 
2 1 27 37 -1.657697491368034662e-03 
2 1 27 38 3.756823969954580476e-03 
2 1 27 39 -7.068289483453368599e-05 
2 1 27 40 6.731537309280936692e-04 
2 1 27 41 1.989170310369808587e-03 
2 1 27 42 -2.913223533399005075e-06 
2 1 27 43 -1.075986894630595429e-04 
2 1 27 44 -2.774568419544174401e-03 
2 1 27 45 3.137494535171966425e-03 
2 1 27 46 -2.426663491647984387e-03 
2 1 27 47 3.906377636126516853e-03 
2 1 27 48 -1.860175285319441187e-03 
2 1 27 49 -1.275461450298820670e-04 
2 1 27 50 8.688485292913457781e-05 
2 1 27 51 4.510573465139887037e-03 
2 1 27 52 1.821224171002748938e-04 
2 1 27 53 -1.301465598041378485e-03 
2 1 27 54 -5.997306377964444889e-04 
2 1 27 55 -1.539157620945051977e-04 
2 1 27 56 -1.631976504331179184e-04 
2 1 27 57 -6.183385553390331833e-04 
2 1 27 58 -3.949190468478442121e-04 
2 1 27 59 -8.065895955131892152e-05 
2 1 27 60 3.768184570109987157e-04 
2 1 27 61 3.576436232173638152e-02 
2 1 27 62 -9.453541288669721140e-03 
2 1 27 63 -1.405464034785872465e-03 
2 1 28 28 1.169122237226598044e-03 
2 1 28 29 2.923854434227952744e-05 
2 1 28 30 -3.684219617036141661e-04 
2 1 28 31 1.223535641211527004e-03 
2 1 28 32 4.563699872671636722e-05 
2 1 28 33 -1.213285629247418964e-04 
2 1 28 34 6.554458622033001807e-05 
2 1 28 35 -3.799055077373743772e-04 
2 1 28 36 -1.472699557606811259e-03 
2 1 28 37 -1.312647563125902798e-03 
2 1 28 38 2.974840618382374249e-03 
2 1 28 39 -5.597024166579496810e-05 
2 1 28 40 5.330367023547026876e-04 
2 1 28 41 1.575124275914131398e-03 
2 1 28 42 -2.306835573625728924e-06 
2 1 28 43 -8.520200951636340710e-05 
2 1 28 44 -2.197041675870223774e-03 
2 1 28 45 2.484424676847946014e-03 
2 1 28 46 -1.921553199426358997e-03 
2 1 28 47 3.093264671290632973e-03 
2 1 28 48 -1.472979581043344643e-03 
2 1 28 49 -1.009974000017440981e-04 
2 1 28 50 6.879976088439462400e-05 
2 1 28 51 3.571697067106181268e-03 
2 1 28 52 1.442136147187593985e-04 
2 1 28 53 -1.030565380637405706e-03 
2 1 28 54 -4.748966349817301618e-04 
2 1 28 55 -1.218781781912195526e-04 
2 1 28 56 -1.292280403548422469e-04 
2 1 28 57 -4.896313122833911239e-04 
2 1 28 58 -3.127166005138664359e-04 
2 1 28 59 -6.386978760460759871e-05 
2 1 28 60 2.983836507959961872e-04 
2 1 28 61 2.832000609249261600e-02 
2 1 28 62 -7.485785556035226551e-03 
2 1 28 63 -1.112916530377715523e-03 
2 1 29 29 7.325673671382307798e-07 
2 1 29 30 -9.213864810526186216e-06 
2 1 29 31 3.059940235239595795e-05 
2 1 29 32 1.141335417148525559e-06 
2 1 29 33 -3.034305632087782684e-06 
2 1 29 34 1.639204579236118164e-06 
2 1 29 35 -9.501056675366041093e-06 
2 1 29 36 -3.683074265440999904e-05 
2 1 29 37 -3.282800257934163202e-05 
2 1 29 38 7.439778815210508934e-05 
2 1 29 39 -1.399759489607183321e-06 
2 1 29 40 1.333071468854485398e-05 
2 1 29 41 3.939228242686488603e-05 
2 1 29 42 -5.769165826025175470e-08 
2 1 29 43 -2.130817030379630576e-06 
2 1 29 44 -5.494581463098511533e-05 
2 1 29 45 6.213297539635497424e-05 
2 1 29 46 -4.805612306767885928e-05 
2 1 29 47 7.735945499108887505e-05 
2 1 29 48 -3.683774587674508541e-05 
2 1 29 49 -2.525843788113409289e-06 
2 1 29 50 1.720613273382534757e-06 
2 1 29 51 8.932457071079750956e-05 
2 1 29 52 3.606638230650834169e-06 
2 1 29 53 -2.577340920994009504e-05 
2 1 29 54 -1.187668976042088840e-05 
2 1 29 55 -3.048051336982786239e-06 
2 1 29 56 -3.231863941917798194e-06 
2 1 29 57 -1.224518925734566269e-05 
2 1 29 58 -7.820729418841169069e-06 
2 1 29 59 -1.597319469861174313e-06 
2 1 29 60 7.462276607891080416e-06 
2 1 29 61 7.082550223032633768e-04 
2 1 29 62 -1.872120082875950255e-04 
2 1 29 63 -2.783292911085909118e-05 
2 1 30 30 1.161011744451812466e-04 
2 1 30 31 -3.855695356557973814e-04 
2 1 30 32 -1.438146627029121851e-05 
2 1 30 33 3.823394780475111764e-05 
2 1 30 34 -2.065489130717753147e-05 
2 1 30 35 1.197186132484328236e-04 
2 1 30 36 4.640878986281527559e-04 
2 1 30 37 4.136511387314759200e-04 
2 1 30 38 -9.374536197765375844e-04 
2 1 30 39 1.763775362014999241e-05 
2 1 30 40 -1.679744397103778242e-04 
2 1 30 41 -4.963647278489502794e-04 
2 1 30 42 7.269469279519156945e-07 
2 1 30 43 2.684948286415066160e-05 
2 1 30 44 6.923479054808873764e-04 
2 1 30 45 -7.829101471187484415e-04 
2 1 30 46 6.055339539853047109e-04 
2 1 30 47 -9.747722769206487899e-04 
2 1 30 48 4.641761416596785713e-04 
2 1 30 49 3.182704237907279068e-05 
2 1 30 50 -2.168068589502334675e-05 
2 1 30 51 -1.125539406484150429e-03 
2 1 30 52 -4.544565326869283271e-05 
2 1 30 53 3.247593301702810745e-04 
2 1 30 54 1.496529147783235488e-04 
2 1 30 55 3.840714647863929018e-05 
2 1 30 56 4.072328905065101862e-05 
2 1 30 57 1.542962145202951107e-04 
2 1 30 58 9.854555131705500974e-05 
2 1 30 59 2.012711646748133545e-05 
2 1 30 60 -9.402884704979365708e-05 
2 1 30 61 -8.924408271505149953e-03 
2 1 30 62 2.358975711956542466e-03 
2 1 30 63 3.507104291061903674e-04 
2 1 31 31 1.280484366390433970e-03 
2 1 31 32 4.776109656565258142e-05 
2 1 31 33 -1.269755965054155744e-04 
2 1 31 34 6.859524754784751229e-05 
2 1 31 35 -3.975875629021580183e-04 
2 1 31 36 -1.541243853626518947e-03 
2 1 31 37 -1.373742511777144380e-03 
2 1 31 38 3.113299512614808601e-03 
2 1 31 39 -5.857528219781789612e-05 
2 1 31 40 5.578459899658358249e-04 
2 1 31 41 1.648435753972731432e-03 
2 1 31 42 -2.414203601109631837e-06 
2 1 31 43 -8.916759238816634775e-05 
2 1 31 44 -2.299299243982957843e-03 
2 1 31 45 2.600057996114651070e-03 
2 1 31 46 -2.010988622632328086e-03 
2 1 31 47 3.237235409484171163e-03 
2 1 31 48 -1.541536908119375522e-03 
2 1 31 49 -1.056981515630782940e-04 
2 1 31 50 7.200192802677928797e-05 
2 1 31 51 3.737935627604458376e-03 
2 1 31 52 1.509257913613398707e-04 
2 1 31 53 -1.078531291897699565e-03 
2 1 31 54 -4.969998902554135806e-04 
2 1 31 55 -1.275507904809537079e-04 
2 1 31 56 -1.352427389807333397e-04 
2 1 31 57 -5.124203678610712246e-04 
2 1 31 58 -3.272714635229911125e-04 
2 1 31 59 -6.684249810909317848e-05 
2 1 31 60 3.122714098702714905e-04 
2 1 31 61 2.963811256918031864e-02 
2 1 31 62 -7.834198702291085212e-03 
2 1 31 63 -1.164715336000705101e-03 
2 1 32 32 1.782797204890915525e-06 
2 1 32 33 -4.736101288897342335e-06 
2 1 32 34 2.558553185877415024e-06 
2 1 32 35 -1.482973019428051330e-05 
2 1 32 36 -5.748728802011635638e-05 
2 1 32 37 -5.123960721374108229e-05 
2 1 32 38 1.161238316610894956e-04 
2 1 32 39 -2.184817547223531619e-06 
2 1 32 40 2.080725469036517496e-05 
2 1 32 41 6.148546775477799718e-05 
2 1 32 42 -9.004806074837608770e-08 
2 1 32 43 -3.325887128894203044e-06 
2 1 32 44 -8.576220666987631805e-05 
2 1 32 45 9.698029634902703374e-05 
2 1 32 46 -7.500843008235035957e-05 
2 1 32 47 1.207465518466150207e-04 
2 1 32 48 -5.749821719601724520e-05 
2 1 32 49 -3.942465550022112347e-06 
2 1 32 50 2.685619772697602680e-06 
2 1 32 51 1.394223092135653914e-04 
2 1 32 52 5.629423437426303258e-06 
2 1 32 53 -4.022844144411338900e-05 
2 1 32 54 -1.853773842884821503e-05 
2 1 32 55 -4.757552662232898065e-06 
2 1 32 56 -5.044457330432139008e-06 
2 1 32 57 -1.911291159703598199e-05 
2 1 32 58 -1.220698966229861740e-05 
2 1 32 59 -2.493177205753715659e-06 
2 1 32 60 1.164749894076373895e-05 
2 1 32 61 1.105480271025196474e-03 
2 1 32 62 -2.922099740697451449e-04 
2 1 32 63 -4.344304394372642864e-05 
2 1 33 33 1.259253203530660770e-05 
2 1 33 34 -6.802059733684959970e-06 
2 1 33 35 3.942568291347933626e-05 
2 1 33 36 1.528332306651077337e-04 
2 1 33 37 1.362234166458186084e-04 
2 1 33 38 -3.087218262594654977e-04 
2 1 33 39 5.808459862663731460e-06 
2 1 33 40 -5.531727180620534976e-05 
2 1 33 41 -1.634626208235839622e-04 
2 1 33 42 2.393978667857938161e-07 
2 1 33 43 8.842060384334032402e-06 
2 1 33 44 2.280037162010253849e-04 
2 1 33 45 -2.578276411984850103e-04 
2 1 33 46 1.994141854938417480e-04 
2 1 33 47 -3.210115910768376012e-04 
2 1 33 48 1.528622886263270226e-04 
2 1 33 49 1.048126879114267074e-05 
2 1 33 50 -7.139873721466658291e-06 
2 1 33 51 -3.706621572260661605e-04 
2 1 33 52 -1.496614315119350393e-05 
2 1 33 53 1.069496045158169569e-04 
2 1 33 54 4.928363424442538709e-05 
2 1 33 55 1.264822502845354298e-05 
2 1 33 56 1.341097681122324216e-05 
2 1 33 57 5.081276432660619132e-05 
2 1 33 58 3.245297839506519491e-05 
2 1 33 59 6.628253582161472532e-06 
2 1 33 60 -3.096553987213492476e-05 
2 1 33 61 -2.938982323632003280e-03 
2 1 33 62 7.768568748505380725e-04 
2 1 33 63 1.154958089254750302e-04 
2 1 34 34 3.675975758754652553e-06 
2 1 34 35 -2.129869492016601263e-05 
2 1 34 36 -8.256415851354143563e-05 
2 1 34 37 -7.359114151394852968e-05 
2 1 34 38 1.667789003431797523e-04 
2 1 34 39 -3.137867236926819009e-06 
2 1 34 40 2.988371015459554130e-05 
2 1 34 41 8.830640979081958201e-05 
2 1 34 42 -1.293284363587408980e-07 
2 1 34 43 -4.776692008212114160e-06 
2 1 34 44 -1.231730506880848275e-04 
2 1 34 45 1.392846435477111233e-04 
2 1 34 46 -1.077283022876516117e-04 
2 1 34 47 1.734181243748441085e-04 
2 1 34 48 -8.257985764722263291e-05 
2 1 34 49 -5.662231141640471221e-06 
2 1 34 50 3.857130553376147073e-06 
2 1 34 51 2.002405458555336730e-04 
2 1 34 52 8.085067818475962889e-06 
2 1 34 53 -5.777672923420439777e-05 
2 1 34 54 -2.662419562814639080e-05 
2 1 34 55 -6.832873141015937055e-06 
2 1 34 56 -7.244929479012739985e-06 
2 1 34 57 -2.745026788308817874e-05 
2 1 34 58 -1.753187390682645324e-05 
2 1 34 59 -3.580740714130457437e-06 
2 1 34 60 1.672832381533480935e-05 
2 1 34 61 1.587708411956531562e-03 
2 1 34 62 -4.196766292457314329e-04 
2 1 34 63 -6.239359310560335084e-05 
2 1 35 35 1.234515284473116335e-04 
2 1 35 36 4.785533078029281079e-04 
2 1 35 37 4.265444575085666225e-04 
2 1 35 38 -9.666736231653226541e-04 
2 1 35 39 1.818751442127438747e-05 
2 1 35 40 -1.732101271530099400e-04 
2 1 35 41 -5.118361905750363258e-04 
2 1 35 42 7.496057200944786761e-07 
2 1 35 43 2.768636918214858903e-05 
2 1 35 44 7.139280761592300311e-04 
2 1 35 45 -8.073131008312069232e-04 
2 1 35 46 6.244081720888196643e-04 
2 1 35 47 -1.005155485005653241e-03 
2 1 35 48 4.786443005869572549e-04 
2 1 35 49 3.281907639527878033e-05 
2 1 35 50 -2.235646272501925173e-05 
2 1 35 51 -1.160621957951377212e-03 
2 1 35 52 -4.686217330741889153e-05 
2 1 35 53 3.348819305975920765e-04 
2 1 35 54 1.543175279147710952e-04 
2 1 35 55 3.960427970742254301e-05 
2 1 35 56 4.199261511401216896e-05 
2 1 35 57 1.591055570715028207e-04 
2 1 35 58 1.016171719257155935e-04 
2 1 35 59 2.075446949509775530e-05 
2 1 35 60 -9.695968342161567701e-05 
2 1 35 61 -9.202578017796496368e-03 
2 1 35 62 2.432503911858878258e-03 
2 1 35 63 3.616419137186062047e-04 
2 1 36 36 1.855108021350129408e-03 
2 1 36 37 1.653494938377688198e-03 
2 1 36 38 -3.747299761787802486e-03 
2 1 36 39 7.050370202912233379e-05 
2 1 36 40 -6.714471691634351421e-04 
2 1 36 41 -1.984127413530156325e-03 
2 1 36 42 2.905838143442128930e-06 
2 1 36 43 1.073259081399843888e-04 
2 1 36 44 2.767534402501134298e-03 
2 1 36 45 -3.129540435836799910e-03 
2 1 36 46 2.420511472910412843e-03 
2 1 36 47 -3.896474281338297308e-03 
2 1 36 48 1.855459413817244418e-03 
2 1 36 49 1.272227927562359238e-04 
2 1 36 50 -8.666458428119304424e-05 
2 1 36 51 -4.499138368022108196e-03 
2 1 36 52 -1.816607044269101599e-04 
2 1 36 53 1.298166153817672695e-03 
2 1 36 54 5.982102150289362328e-04 
2 1 36 55 1.535255586078538529e-04 
2 1 36 56 1.627839154089630444e-04 
2 1 36 57 6.167709582116207186e-04 
2 1 36 58 3.939178582215544541e-04 
2 1 36 59 8.045447486863849696e-05 
2 1 36 60 -3.758631558940702657e-04 
2 1 36 61 -3.567369336994763440e-02 
2 1 36 62 9.429574897943958367e-03 
2 1 36 63 1.401900936241520053e-03 
2 1 37 37 1.473795564725361058e-03 
2 1 37 38 -3.340045753793661858e-03 
2 1 37 39 6.284140655097036909e-05 
2 1 37 40 -5.984747433602676447e-04 
2 1 37 41 -1.768493786294746432e-03 
2 1 37 42 2.590033469670947870e-06 
2 1 37 43 9.566180072980221124e-05 
2 1 37 44 2.466760631755575070e-03 
2 1 37 45 -2.789424092912096403e-03 
2 1 37 46 2.157451920222891277e-03 
2 1 37 47 -3.473008088269701962e-03 
2 1 37 48 1.653809338096013434e-03 
2 1 37 49 1.133963057653666765e-04 
2 1 37 50 -7.724593610121524350e-05 
2 1 37 51 -4.010175048811419687e-03 
2 1 37 52 -1.619179420032544007e-04 
2 1 37 53 1.157082332969805406e-03 
2 1 37 54 5.331971329424563168e-04 
2 1 37 55 1.368405046088134449e-04 
2 1 37 56 1.450926695170577196e-04 
2 1 37 57 5.497407069930826265e-04 
2 1 37 58 3.511071311010585823e-04 
2 1 37 59 7.171073687221864135e-05 
2 1 37 60 -3.350146019763229166e-04 
2 1 37 61 -3.179670046988119364e-02 
2 1 37 62 8.404775067151629489e-03 
2 1 37 63 1.249543289305161085e-03 
2 1 38 38 7.569515081067673158e-03 
2 1 38 39 -1.424168780456602139e-04 
2 1 38 40 1.356317587051592780e-03 
2 1 38 41 4.007920548619827404e-03 
2 1 38 42 -5.869768466940856952e-06 
2 1 38 43 -2.167974242387182837e-04 
2 1 38 44 -5.590396025073096457e-03 
2 1 38 45 6.321645135172939550e-03 
2 1 38 46 -4.889412646264333813e-03 
2 1 38 47 7.870845003782786162e-03 
2 1 38 48 -3.748012281202336808e-03 
2 1 38 49 -2.569889615518895841e-04 
2 1 38 50 1.750617256197942412e-04 
2 1 38 51 9.088221348952712705e-03 
2 1 38 52 3.669530821995919088e-04 
2 1 38 53 -2.622284621225423867e-03 
2 1 38 54 -1.208379561017025681e-03 
2 1 38 55 -3.101203264785591857e-04 
2 1 38 56 -3.288221277977288240e-04 
2 1 38 57 -1.245872104130478844e-03 
2 1 38 58 -7.957107339818668586e-04 
2 1 38 59 -1.625173567576891078e-04 
2 1 38 60 7.592403873447736620e-04 
2 1 38 61 7.206055808145159225e-02 
2 1 38 62 -1.904766132760557507e-02 
2 1 38 63 -2.831828002548994212e-03 
2 1 39 39 2.680849197821472748e-06 
2 1 39 40 -2.551848480286569081e-05 
2 1 39 41 -7.540715992919048765e-05 
2 1 39 42 1.104370271960331928e-07 
2 1 39 43 4.078942749516712956e-06 
2 1 39 44 1.051806991796890186e-04 
2 1 39 45 -1.189388142665253733e-04 
2 1 39 46 9.199202451932345732e-05 
2 1 39 47 -1.480862856526824888e-04 
2 1 39 48 7.051710632470316775e-05 
2 1 39 49 4.835128041614161626e-06 
2 1 39 50 -3.293704510402717541e-06 
2 1 39 51 -1.709906547740542453e-04 
2 1 39 52 -6.904051367265914110e-06 
2 1 39 53 4.933706485173909671e-05 
2 1 39 54 2.273509908889943072e-05 
2 1 39 55 5.834769542019521854e-06 
2 1 39 56 6.186635570347277843e-06 
2 1 39 57 2.344050414743688369e-05 
2 1 39 58 1.497092695524493540e-05 
2 1 39 59 3.057688516893318873e-06 
2 1 39 60 -1.428475454985498001e-05 
2 1 39 61 -1.355785860202613109e-03 
2 1 39 62 3.583728823047949564e-04 
2 1 39 63 5.327952587124184559e-05 
2 1 40 40 2.430284964847262744e-04 
2 1 40 41 7.181456190811459422e-04 
2 1 40 42 -1.051754401788058392e-06 
2 1 40 43 -3.884610939507501673e-05 
2 1 40 44 -1.001696106261879340e-03 
2 1 40 45 1.132722495012128145e-03 
2 1 40 46 -8.760927844378742224e-04 
2 1 40 47 1.410310606092341152e-03 
2 1 40 48 -6.715748394787035428e-04 
2 1 40 49 -4.604769400060693623e-05 
2 1 40 50 3.136784020176815153e-05 
2 1 40 51 1.628442047576863583e-03 
2 1 40 52 6.575124080920715720e-05 
2 1 40 53 -4.698651558127750916e-04 
2 1 40 54 -2.165193839946816517e-04 
2 1 40 55 -5.556785645952176390e-05 
2 1 40 56 -5.891887560012701823e-05 
2 1 40 57 -2.232373581542474068e-04 
2 1 40 58 -1.425767223017055329e-04 
2 1 40 59 -2.912012018922516206e-05 
2 1 40 60 1.360419078660840076e-04 
2 1 40 61 1.291192613509707827e-02 
2 1 40 62 -3.412990443843792743e-03 
2 1 40 63 -5.074114740118169237e-04 
2 1 41 41 2.122122743830916723e-03 
2 1 41 42 -3.107936312589207485e-06 
2 1 41 43 -1.147903131219419801e-04 
2 1 41 44 -2.960013533502778033e-03 
2 1 41 45 3.347196702897112242e-03 
2 1 41 46 -2.588855517644875030e-03 
2 1 41 47 4.167469998910221067e-03 
2 1 41 48 -1.984504679050293208e-03 
2 1 41 49 -1.360710044383979511e-04 
2 1 41 50 9.269201552125489450e-05 
2 1 41 51 4.812048744545956332e-03 
2 1 41 52 1.942950163901889656e-04 
2 1 41 53 -1.388452254093147003e-03 
2 1 41 54 -6.398151106562426993e-04 
2 1 41 55 -1.642031009123639683e-04 
2 1 41 56 -1.741053659661824353e-04 
2 1 41 57 -6.596667335577018282e-04 
2 1 41 58 -4.213144351765573856e-04 
2 1 41 59 -8.604999947044324584e-05 
2 1 41 60 4.020040459097112221e-04 
2 1 41 61 3.815476150162860902e-02 
2 1 41 62 -1.008539198793596478e-02 
2 1 41 63 -1.499401682857050234e-03 
2 1 42 42 5.892228054129030670e-09 
2 1 42 43 1.681152161565607620e-07 
2 1 42 44 4.335064405724879526e-06 
2 1 42 45 -4.902110635003936772e-06 
2 1 42 46 3.791488096817842128e-06 
2 1 42 47 -6.103435701486869133e-06 
2 1 42 48 2.906390847429932083e-06 
2 1 42 49 1.992818797208114411e-07 
2 1 42 50 -1.357513819932246547e-07 
2 1 42 51 -7.047448323510780902e-06 
2 1 42 52 -2.845533064910269768e-07 
2 1 42 53 2.033446916089615897e-06 
2 1 42 54 9.370362421961887703e-07 
2 1 42 55 2.404823642194960342e-07 
2 1 42 56 2.549847224389011866e-07 
2 1 42 57 9.661097893192280721e-07 
2 1 42 58 6.170326499332235666e-07 
2 1 42 59 1.260238705665478292e-07 
2 1 42 60 -5.887518884849347739e-07 
2 1 42 61 -5.587925788587480975e-05 
2 1 42 62 1.477048206405484668e-05 
2 1 42 63 2.195937005634530906e-06 
2 1 43 43 6.210606392697914265e-06 
2 1 43 44 1.601137799052254195e-04 
2 1 43 45 -1.810573877863866723e-04 
2 1 43 46 1.400370097169312809e-04 
2 1 43 47 -2.254278126671273536e-04 
2 1 43 48 1.073463153793422962e-04 
2 1 43 49 7.360386401311971534e-06 
2 1 43 50 -5.013919341743401999e-06 
2 1 43 51 -2.602945246125357029e-04 
2 1 43 52 -1.050985390344192178e-05 
2 1 43 53 7.510450099939865577e-05 
2 1 43 54 3.460903642895308885e-05 
2 1 43 55 8.882114536830524541e-06 
2 1 43 56 9.417750411788187521e-06 
2 1 43 57 3.568285536287483069e-05 
2 1 43 58 2.278984390371723660e-05 
2 1 43 59 4.654637763150248564e-06 
2 1 43 60 -2.174530177071865605e-05 
2 1 43 61 -2.063876746761637414e-03 
2 1 43 62 5.455415048312720278e-04 
2 1 43 63 8.110600472875397458e-05 
2 1 44 44 4.128737846036305628e-03 
2 1 44 45 -4.668793936311160624e-03 
2 1 44 46 3.611031563497937771e-03 
2 1 44 47 -5.812941511004974735e-03 
2 1 44 48 2.768060628530881993e-03 
2 1 44 49 1.897968777120509314e-04 
2 1 44 50 -1.292902568138769716e-04 
2 1 44 51 -6.712023818391397306e-03 
2 1 44 52 -2.710098858587708394e-04 
2 1 44 53 1.936664630077963162e-03 
2 1 44 54 8.924378142947809577e-04 
2 1 44 55 2.290365668788216149e-04 
2 1 44 56 2.428486139579172918e-04 
2 1 44 57 9.201275936844900997e-04 
2 1 44 58 5.876649772131729062e-04 
2 1 44 59 1.200257265274530841e-04 
2 1 44 60 -5.607301328610978354e-04 
2 1 44 61 -5.321967452813037430e-02 
2 1 44 62 1.406747829011576779e-02 
2 1 44 63 2.091421002314595122e-03 
2 1 45 45 5.279494662952829813e-03 
2 1 45 46 -4.083370839816907218e-03 
2 1 45 47 6.573300575538851623e-03 
2 1 45 48 -3.130135490009299231e-03 
2 1 45 49 -2.146231687426472371e-04 
2 1 45 50 1.462020065521396433e-04 
2 1 45 51 7.589986918969199303e-03 
2 1 45 52 3.064592050627234490e-04 
2 1 45 53 -2.189989131039835057e-03 
2 1 45 54 -1.009172720223994396e-03 
2 1 45 55 -2.589955866642337226e-04 
2 1 45 56 -2.746143115426280773e-04 
2 1 45 57 -1.040484447959295032e-03 
2 1 45 58 -6.645342181553530935e-04 
2 1 45 59 -1.357256349837552797e-04 
2 1 45 60 6.340761725832179179e-04 
2 1 45 61 6.018104887740600289e-02 
2 1 45 62 -1.590756813281216792e-02 
2 1 45 63 -2.364988337342370777e-03 
2 1 46 46 3.158243316011753038e-03 
2 1 46 47 -5.084053007085554202e-03 
2 1 46 48 2.420971712502946460e-03 
2 1 46 49 1.659981238081135470e-04 
2 1 46 50 -1.130784670194749083e-04 
2 1 46 51 -5.870398801913740035e-03 
2 1 46 52 -2.370277800026898305e-04 
2 1 46 53 1.693824996822389413e-03 
2 1 46 54 7.805344581020061357e-04 
2 1 46 55 2.003175233116780488e-04 
2 1 46 56 2.123976681721758113e-04 
2 1 46 57 8.047521977791022817e-04 
2 1 46 58 5.139772863405416524e-04 
2 1 46 59 1.049756228524176765e-04 
2 1 46 60 -4.904198180244470845e-04 
2 1 46 61 -4.654642504652043572e-02 
2 1 46 62 1.230354806997440917e-02 
2 1 46 63 1.829176367516161883e-03 
2 1 47 47 8.184173162228268461e-03 
2 1 47 48 -3.897215163549456844e-03 
2 1 47 49 -2.672193151357128986e-04 
2 1 47 50 1.820306760739202531e-04 
2 1 47 51 9.450010138282212077e-03 
2 1 47 52 3.815609466547470767e-04 
2 1 47 53 -2.726673933290811591e-03 
2 1 47 54 -1.256483382276915497e-03 
2 1 47 55 -3.224657626414798310e-04 
2 1 47 56 -3.419120546808645340e-04 
2 1 47 57 -1.295468448355212906e-03 
2 1 47 58 -8.273868148726485749e-04 
2 1 47 59 -1.689869347635668826e-04 
2 1 47 60 7.894646357844560362e-04 
2 1 47 61 7.492918342045187807e-02 
2 1 47 62 -1.980592084417327065e-02 
2 1 47 63 -2.944558930395617218e-03 
2 1 48 48 1.855813554953385323e-03 
2 1 48 49 1.272469821896372063e-04 
2 1 48 50 -8.668106293685651068e-05 
2 1 48 51 -4.499993842935198080e-03 
2 1 48 52 -1.816952454350111287e-04 
2 1 48 53 1.298412989216657463e-03 
2 1 48 54 5.983239596163074207e-04 
2 1 48 55 1.535547502631143854e-04 
2 1 48 56 1.628148667610630187e-04 
2 1 48 57 6.168882315480291294e-04 
2 1 48 58 3.939927593854928201e-04 
2 1 48 59 8.046977248079705295e-05 
2 1 48 60 -3.759346231648267298e-04 
2 1 48 61 -3.568047643440958733e-02 
2 1 48 62 9.431367855345004422e-03 
2 1 48 63 1.402167496400777424e-03 
2 1 49 49 8.726250309207962523e-06 
2 1 49 50 -5.943437123934261050e-06 
2 1 49 51 -3.085498808639316852e-04 
2 1 49 52 -1.245824932421237846e-05 
2 1 49 53 8.902793798372047988e-05 
2 1 49 54 4.102511969441070182e-05 
2 1 49 55 1.052874767486656343e-05 
2 1 49 56 1.116368350243595772e-05 
2 1 49 57 4.229801120475977684e-05 
2 1 49 58 2.701479708641575756e-05 
2 1 49 59 5.517549472504855355e-06 
2 1 49 60 -2.577660929217235095e-05 
2 1 49 61 -2.446493735457152749e-03 
2 1 49 62 6.466780906686819038e-04 
2 1 49 63 9.614204576524462340e-05 
2 1 50 50 4.050029785515988884e-06 
2 1 50 51 2.101851932766731434e-04 
2 1 50 52 8.486600537230485210e-06 
2 1 50 53 -6.064612406616686055e-05 
2 1 50 54 -2.794644644766352604e-05 
2 1 50 55 -7.172217607704781961e-06 
2 1 50 56 -7.604737885351803600e-06 
2 1 50 57 -2.881354425153181560e-05 
2 1 50 58 -1.840256847960274812e-05 
2 1 50 59 -3.758572804702915717e-06 
2 1 50 60 1.755911098527875312e-05 
2 1 50 61 1.666559576508179919e-03 
2 1 50 62 -4.405192415567721993e-04 
2 1 50 63 -6.549227764002785970e-05 
2 1 51 51 1.091163584139521851e-02 
2 1 51 52 4.405766270302625422e-04 
2 1 51 53 -3.148406078779499278e-03 
2 1 51 54 -1.450822509620021796e-03 
2 1 51 55 -3.723412450993031494e-04 
2 1 51 56 -3.947952774218822097e-04 
2 1 51 57 -1.495837359944857201e-03 
2 1 51 58 -9.553579708875415809e-04 
2 1 51 59 -1.951239883241351325e-04 
2 1 51 60 9.115704037560725228e-04 
2 1 51 61 8.651841119568982885e-02 
2 1 51 62 -2.286928437605991599e-02 
2 1 51 63 -3.399991147572267551e-03 
2 1 52 52 1.779040444655815087e-05 
2 1 52 53 -1.271224883781411712e-04 
2 1 52 54 -5.857953609435988598e-05 
2 1 52 55 -1.503393923232324998e-05 
2 1 52 56 -1.594056051638475776e-05 
2 1 52 57 -6.039709059639783358e-05 
2 1 52 58 -3.857427545450476666e-05 
2 1 52 59 -7.878477626463548079e-06 
2 1 52 60 3.680627439695069046e-05 
2 1 52 61 3.493334547567012414e-03 
2 1 52 62 -9.233879827730894852e-04 
2 1 52 63 -1.372806825178816352e-04 
2 1 53 53 9.084317719905186201e-04 
2 1 53 54 4.186154153188942958e-04 
2 1 53 55 1.074340823545946624e-04 
2 1 53 56 1.139128927855343062e-04 
2 1 53 57 4.316038478746593381e-04 
2 1 53 58 2.756557547511347757e-04 
2 1 53 59 5.630041501540556580e-05 
2 1 53 60 -2.630214382743617909e-04 
2 1 53 61 -2.496372946744134999e-02 
2 1 53 62 6.598625892294568418e-03 
2 1 53 63 9.810219354312709611e-04 
2 1 54 54 1.929042419614322083e-04 
2 1 54 55 4.950688732187497607e-05 
2 1 54 56 5.249239923560149906e-05 
2 1 54 57 1.988881236845763448e-04 
2 1 54 58 1.270254103569808557e-04 
2 1 54 59 2.594389266709452177e-05 
2 1 54 60 -1.212033688143076242e-04 
2 1 54 61 -1.150357982065331429e-02 
2 1 54 62 3.040724333980514976e-03 
2 1 54 63 4.520664332189796154e-04 
2 1 55 55 1.270686172098119057e-05 
2 1 55 56 1.347172737594278410e-05 
2 1 55 57 5.104294368189405177e-05 
2 1 55 58 3.259999004545953888e-05 
2 1 55 59 6.658279168180498574e-06 
2 1 55 60 -3.110581270610904926e-05 
2 1 55 61 -2.952295821853478247e-03 
2 1 55 62 7.803760122010368902e-04 
2 1 55 63 1.160190012786653128e-04 
2 1 56 56 1.428548008593282164e-05 
2 1 56 57 5.412108740878137703e-05 
2 1 56 58 3.456593219620401636e-05 
2 1 56 59 7.059806569900721442e-06 
2 1 56 60 -3.298164818401506254e-05 
2 1 56 61 -3.130333969374089146e-03 
2 1 56 62 8.274365738669903561e-04 
2 1 56 63 1.230155251503918957e-04 
2 1 57 57 2.050603907832058894e-04 
2 1 57 58 1.309666436535753637e-04 
2 1 57 59 2.674885705508812573e-05 
2 1 57 60 -1.249639607959339861e-04 
2 1 57 61 -1.186050282111415950e-02 
2 1 57 62 3.135069265707096826e-03 
2 1 57 63 4.660927546320562070e-04 
2 1 58 58 8.364681520835698738e-05 
2 1 58 59 1.708389866322459073e-05 
2 1 58 60 -7.981169564055035678e-05 
2 1 58 61 -7.575038714321178680e-03 
2 1 58 62 2.002298841676025329e-03 
2 1 58 63 2.976830504673870265e-04 
2 1 59 59 3.490585998912688071e-06 
2 1 59 60 -1.630088075189346160e-05 
2 1 59 61 -1.547139198344682585e-03 
2 1 59 62 4.089530286960328404e-04 
2 1 59 63 6.079930856972608428e-05 
2 1 60 60 7.615497281386951543e-05 
2 1 60 61 7.227846847238829885e-03 
2 1 60 62 -1.910526126078637612e-03 
2 1 60 63 -2.840391421604790629e-04 
2 1 61 61 6.860049692693784840e-01 
2 1 61 62 -1.813306841646824263e-01 
2 1 61 63 -2.695854889066382626e-02 
2 1 62 62 4.793087437624232727e-02 
2 1 62 63 7.125913576389977626e-03 
2 1 63 63 1.059415473502461815e-03 
2 2 1 1 2.054506736290592041e-24 
2 2 1 5 -4.551583073243002385e-15 
2 2 2 2 2.054506736290592041e-24 
2 2 2 4 4.551583073243002385e-15 
2 2 3 3 3.874051501765976568e-02 
2 2 4 4 1.644429912778140330e-05 
2 2 5 5 1.644429912778140330e-05 
2 2 6 6 1.644429912655997163e-05 
2 3 1 1 8.091375272954129394e-03 
2 3 1 2 1.574780967290304035e-02 
2 3 1 3 1.428345988079931595e-03 
2 3 1 4 4.036950611479565474e-05 
2 3 1 5 7.857011906004746711e-05 
2 3 1 6 -1.094941929888853084e-03 
2 3 2 2 3.064913974470432137e-02 
2 3 2 3 2.779924167416705089e-03 
2 3 2 4 7.857038700670477421e-05 
2 3 2 5 1.529167400401505359e-04 
2 3 2 6 -2.131026595658667630e-03 
2 3 3 3 2.522052786871625146e-04 
2 3 3 4 7.135616113565603950e-06 
2 3 3 5 1.386934222736928212e-05 
2 3 3 6 -1.932867092977414781e-04 
2 3 4 4 2.028413532921571414e-07 
2 3 4 5 3.919431650566711041e-07 
2 3 4 6 -5.462877355220032848e-06 
2 3 5 5 7.630124033705530217e-07 
2 3 5 6 -1.063227419496678310e-05 
2 3 6 6 1.481699143502329219e-04 
2 4 1 1 8.150915930560316200e-03 
2 4 1 2 1.253144958525797886e-03 
2 4 1 3 2.381371453981714556e-02 
2 4 1 4 -1.008893180641455643e-03 
2 4 1 5 1.319419385115607650e-03 
2 4 1 6 2.759306031885656331e-04 
2 4 2 2 1.926646210812052343e-04 
2 4 2 3 3.661191373409882280e-03 
2 4 2 4 -1.551103577918256510e-04 
2 4 2 5 2.028514217948569219e-04 
2 4 2 6 4.242225909505785566e-05 
2 4 3 3 6.957416925212939196e-02 
2 4 3 4 -2.947583350114014317e-03 
2 4 3 5 3.854816525361492649e-03 
2 4 3 6 8.061587015761883818e-04 
2 4 4 4 1.248788291558797312e-04 
2 4 4 5 -1.633133992788677268e-04 
2 4 4 6 -3.415376768433074005e-05 
2 4 5 5 2.135807456629383214e-04 
2 4 5 6 4.466592474500962552e-05 
2 4 6 6 9.342319159268334155e-06 
2 5 1 1 3.211114195208929038e-03 
2 5 1 2 -1.546843383522976401e-02 
2 5 1 3 -1.253209707362930997e-02 
2 5 1 4 -7.526138395679865967e-04 
2 5 1 5 -5.170474995631978816e-05 
2 5 1 6 -1.290241522482492623e-04 
2 5 2 2 7.451397098747848668e-02 
2 5 2 3 6.036918495051202260e-02 
2 5 2 4 3.625464956303053356e-03 
2 5 2 5 2.490699043832206392e-04 
2 5 2 6 6.215291747029725797e-04 
2 5 3 3 4.890952843032111280e-02 
2 5 3 4 2.937255545542472902e-03 
2 5 3 5 2.017896251582053835e-04 
2 5 3 6 5.035457157860566109e-04 
2 5 4 4 1.763970815901741635e-04 
2 5 4 5 1.211845516719197895e-05 
2 5 4 6 3.024038792185322464e-05 
2 5 5 5 8.330946551159698242e-07 
2 5 5 6 2.077522182934959002e-06 
2 5 6 6 5.184808496373540055e-06 
2 6 1 1 1.707231043629246769e-02 
2 6 1 2 -2.446131230354980576e-02 
2 6 1 3 -1.382033337907299653e-01 
2 6 1 4 1.294372321721807195e-03 
2 6 1 5 4.102340816492121636e-03 
2 6 1 6 -5.661995215131994646e-04 
2 6 2 2 3.504833218923813359e-02 
2 6 2 3 1.980186452185165036e-01 
2 6 2 4 -1.854585312310292168e-03 
2 6 2 5 -5.877860578098554646e-03 
2 6 2 6 8.112544735422589758e-04 
2 6 3 3 1.118780425854945193e+00 
2 6 3 4 -1.047817266068059444e-02 
2 6 3 5 -3.320917272350622923e-02 
2 6 3 6 4.583485244713757061e-03 
2 6 4 4 9.813892068683449828e-05 
2 6 4 5 3.110274557492929211e-04 
2 6 4 6 -4.292759318016188818e-05 
2 6 5 5 9.857637093109508641e-04 
2 6 5 6 -1.360533166330953872e-04 
2 6 6 6 1.878128755003300804e-05 
2 7 1 1 8.788644307639215114e-02 
2 7 1 2 -3.034830399455253347e-01 
2 7 1 3 -4.986650780425234269e-02 
2 7 1 4 -2.870617620061729179e-03 
2 7 1 5 7.010955435066843921e-07 
2 7 1 6 -5.063613078192666546e-03 
2 7 2 2 1.047966293214847688e+00 
2 7 2 3 1.721955334763286549e-01 
2 7 2 4 9.912615852575900124e-03 
2 7 2 5 -2.420844728437419900e-06 
2 7 2 6 1.748529793706153634e-02 
2 7 3 3 2.829417740559145647e-02 
2 7 3 4 1.628783982473694597e-03 
2 7 3 5 -3.977495816680111974e-07 
2 7 3 6 2.873078978061919479e-03 
2 7 4 4 9.376284929812011377e-05 
2 7 4 5 -2.289676437216986976e-08 
2 7 4 6 1.653917930661147351e-04 
2 7 5 5 1.971866007066090813e-10 
2 7 5 6 -4.039396419790361605e-08 
2 7 6 6 2.917423140359521900e-04 
2 8 1 1 3.274365263995093062e-02 
2 8 1 2 5.226881609109827048e-02 
2 8 1 3 9.623365628349603296e-02 
2 8 1 4 -2.961688899276166201e-03 
2 8 1 5 -2.391234253727748341e-03 
2 8 1 6 2.306507167886403305e-03 
2 8 2 2 8.343696784203304129e-02 
2 8 2 3 1.536182073688245608e-01 
2 8 2 4 -4.727757468945712957e-03 
2 8 2 5 -3.817138084433188173e-03 
2 8 2 6 3.681887933993087739e-03 
2 8 3 3 2.828310057563920843e-01 
2 8 3 4 -8.704412586834037874e-03 
2 8 3 5 -7.027845344199706509e-03 
2 8 3 6 6.778830714817367202e-03 
2 8 4 4 2.678891550104084765e-04 
2 8 4 5 2.162891094658600847e-04 
2 8 4 6 -2.086254460024775331e-04 
2 8 5 5 1.746313798478457658e-04 
2 8 5 6 -1.684418334782442626e-04 
2 8 6 6 1.624755122790404009e-04 
2 9 1 1 3.874051501765977262e-02 
2 10 1 1 2.142102743290575018e-09 
2 11 1 1 1.078893344392722143e-09 
2 12 1 1 2.522052786871605630e-04 
2 13 1 1 1.581544015053506693e-09 
2 14 1 1 1.217996133562736029e-09 
2 15 1 1 2.007006137617032421e-02 
2 16 1 1 3.957741517865579970e-08 
2 17 1 1 1.937063034738630680e-09 
2 18 1 1 2.529427802446745574e-02 
2 19 1 1 2.857753320493080194e-03 
2 20 1 1 2.284084463552259571e-09 
2 21 1 1 7.747644342137343099e-01 
2 22 1 1 7.582488866368040673e-09 
2 23 1 1 3.742330113647397195e-09 
2 24 1 1 5.562443814389279595e-01 
2 25 1 1 2.426446449591153302e-08 
2 26 1 1 4.169652377910861709e-09 
2 27 1 1 1.788058190002665171e+01 
2 28 1 1 5.685910998417640062e-09 
2 29 1 1 4.734008150383093504e-09 
2 30 1 1 1.191798169145830632e-04 
2 31 1 1 1.191798169145830632e-04 
2 32 1 1 9.557418142238829201e-05 
2 33 1 1 9.557418142238829201e-05 
2 34 1 1 7.714759834716026945e-05 
2 35 1 1 7.714759832895389934e-05 
2 36 1 1 8.523495561589764473e-10 
2 37 1 1 7.315415198817324948e-10 
2 38 1 1 2.607402243046304325e-09 
2 39 1 1 2.051589795039527613e-10 
2 40 1 1 9.019631478654681084e-10 
2 41 1 1 3.660698342914337243e-10 
2 42 1 1 1.014276902136793742e-08 
2 43 1 1 7.527494786390508293e-03 
2 44 1 1 2.230412323091075876e-09 
2 45 1 1 9.073055395857294652e-04 
2 46 1 1 2.147430703223625684e-03 
2 47 1 1 1.470060052070495322e-08 
2 48 1 1 1.204750023432906008e-08 
2 49 1 1 5.896857810540498640e-09 
2 50 1 1 1.332030485592087567e-02 
2 51 1 1 6.171349932429477118e-09 
2 52 1 1 8.874717824075493178e-09 
2 53 1 1 6.779776839618503802e-10 
2 54 1 1 1.600726704461309041e-07 
2 55 1 1 4.934678752441926688e-08 
2 56 1 1 1.577802013476564827e-07 
2 57 1 1 3.439927246039602001e-08 
2 58 1 1 1.163285759746201728e-02 
2 59 1 1 3.776915692350314362e-08 
2 60 1 1 4.191875442337312722e-09 
2 61 1 1 4.323220656801525765e-09 
2 62 1 1 2.067790027835284331e-02 
2 63 1 1 1.825063763970621728e-09 
2 64 1 1 9.786540259937595755e-09 
2 65 1 1 3.169881332793732361e-09 
2 66 1 1 1.389649173589517750e-07 
2 67 1 1 2.598283585665718588e-08 
2 68 1 1 2.989049384178706042e-08 
2 69 1 1 8.165907641958760520e-08 
2 70 1 1 2.527988722344395867e-02 
2 71 1 1 1.043429286090252390e-07 
2 72 1 1 1.491365285361775418e-04 
