2.5149556893029725301858e+01 1.3285510452129098424301e-02 7.2535651408024996807774e-09 9.5214968699743551816539e-01 2.5338567411237060689189e+00 6.8152142197005355361838e-02 8.0382784434869286507158e-04 1.0191694847758041297947e-01 4.0402107937095363965341e+00 1.8612104773251875178275e-01 -6.2724648827772799819513e+00 2.1224017337000974925409e-01 6.3505072520893857124236e-01 1.6816454268681276656983e-02 1.0931501213527644068846e-03 -1.8315192465604999971784e-02 -7.8419202985911141273734e-03 1.4748786955828757649911e-01 3.9157005447544517007241e-02 1.7100208069351162387672e-02 2.5234647464031350508514e-08 2.8768799975555098269453e-01 7.2899476508716187783676e-01 1.0843432171992799517568e+00 -3.4523756797781669780623e-02 -4.3095676715366890369499e-04 -3.6172412808387434390855e-02 1.0940260020977552457566e+00 -1.1130348452869345821092e-01 -2.7126623111595566939513e+00 1.3479809546004411858411e-08 9.7518124817344606358738e-02 9.0457125284481376681356e-01 -8.4105587299942913270812e-02 3.3921024871034530234759e-02 -1.8235745900454881918140e-02 -3.3882708424812807423976e-02 1.1875733697393595425518e-02 1.6447879259477195257322e-02 5.2403537798640289352425e-03 3.0794974477486029481355e-09 2.6522432423308647114757e-02 5.1077608775902261228907e-01 1.3555757618493161076323e-01 6.2139309906488107010381e-03 -2.5554549612620290621745e-02 6.0021205870234798501750e-03 9.6987606286956185019932e-02 -4.0229893839208693065435e-03 -4.7314235433129592234280e-01 3.7063439006414977412038e-10 1.0232338736642739018823e-01 2.3504723646440109363631e-01 -7.0053728233643655642915e-04 -4.2534045541760632375139e-03 -2.2764582992418924169142e-03 1.7044845403137668521376e-03 1.4523820807388169995544e-03 7.7381692532020303430113e-04 1.2715014310355782917172e-02 1.3787924065497914184436e-11 6.0663129974703841607031e-02 3.6326220560806615766936e-01 5.7735026918962579220533e+06 -1.3269135555529888186684e-11 5.8708123183505790192056e-10 5.7735026918962579220533e+06 5.8708115018819647045215e-10 -2.6800783410210592132126e-15 2.6800855170600358541079e-15 -2.3255265849968180760073e-11 5.4506878563548788463322e+00 1.9489405924308448011754e-09 1.3285506554247913935107e-02 2.5318243536262448334373e-02 4.6999999800271439198696e+00 2.2748664097319652530472e-06 2.0214053821406792466053e-02 -2.1444413444360199694216e-01 2.6999999794108981987506e+00 9.8521682280703071210581e-03 -1.1666647839055999114066e-01 2.6999999803343852633475e+00 2.0895199211385681592468e-01 -3.6999662673333472140413e-01 2.5999999803393607500368e+00 2.6178966514131276309418e-03 5.8432029138859434280739e-02 1.9999999885687793632627e+00 1.7311320864874558955737e-02 -9.5872013025183763779147e-02 8.9999998837642347648824e-01  
1 1 1 1 1.1134188976670031934191e+00 
1 1 1 2 2.8381783485710510017697e-01 
1 1 2 2  1 
1 1 1 3 9.5415403103246879124022e-02 
1 1 3 3  1 
1 1 1 4 -1.6125917643916046206876e-01 
1 1 4 4  1 
1 1 1 5 8.0172134749884119142571e-02 
1 1 5 5  1 
1 1 1 6 -1.9476520656035434253539e-01 
1 1 6 6  1 
1 1 1 7 5.1661748169652264850438e-02 
1 1 7 7  1 
1 1 1 8 -1.1974834657623474598598e-01 
1 1 8 8  1 
1 1 1 9 1.6877618395276269662453e-03 
1 1 9 9  1 
1 1 1 10 -5.7326478081658645280516e-02 
1 1 10 10  1 
1 1 1 11 3.4603071578542343722518e-01 
1 1 11 11  1 
1 1 1 12 -2.6959246322302846815555e-02 
1 1 12 12  1 
1 1 1 13 1.5121266987713564977636e-02 
1 1 13 13  1 
1 1 1 14 -4.0276490126391228940861e-02 
1 1 14 14  1 
1 1 1 15 4.1750858032997377466966e-02 
1 1 15 15  1 
1 1 1 16 1.6970647356887708090412e-01 
1 1 16 16  1 
1 1 1 17 4.2206381240436741109079e-02 
1 1 17 17  1 
1 1 1 18 -1.4305045759343990030565e-01 
1 1 18 18  1 
1 1 1 19 -4.9260606355436664660630e-02 
1 1 19 19  1 
1 1 1 20 6.6885386701439411560877e-02 
1 1 20 20  1 
1 1 1 21 -3.4538944731005430041626e-03 
1 1 21 21  1 
1 1 1 22 -2.7898945678285016341880e-02 
1 1 22 22  1 
1 1 1 23 -3.4076462131459164806024e-02 
1 1 23 23  1 
1 1 1 24 -5.4735241133717714434592e-02 
1 1 24 24  1 
1 1 1 25 1.0081393440644073611345e-01 
1 1 25 25  1 
1 1 1 26 -4.9491498623260014866343e-02 
1 1 26 26  1 
1 1 1 27 1.3890753897958098977972e-02 
1 1 27 27  1 
1 1 1 28 -5.9584747265021782702821e-02 
1 1 28 28  1 
1 1 1 29 3.9626933188153530551734e-02 
1 1 29 29  1 
1 1 1 30 -8.8328236171436647072852e-02 
1 1 30 30  1 
1 1 1 31 1.7650680371492885600837e-01 
1 1 31 31  1 
1 1 1 32 -3.1652698451016575593997e-03 
1 1 32 32  1 
1 1 1 33 -2.0653643068756374900907e-02 
1 1 33 33  1 
1 1 1 34 -5.0207526737289294438416e-02 
1 1 34 34  1 
1 1 1 35 1.1751066847649101199114e-02 
1 1 35 35  1 
1 1 1 36 6.8666270724745320785942e-02 
1 1 36 36  1 
1 1 1 37 7.3069229425433424029990e-02 
1 1 37 37  1 
1 1 1 38 -1.3581085021884958807803e-01 
1 1 38 38  1 
1 1 1 39 -8.2886597749102411403221e-02 
1 1 39 39  1 
1 1 1 40 6.3222568117092823106185e-03 
1 1 40 40  1 
1 1 1 41 -4.7414588073390454003864e-02 
1 1 41 41  1 
1 1 1 42 5.5800870219389819490430e-03 
1 1 42 42  1 
1 1 1 43 -1.8273019174402955339120e-02 
1 1 43 43  1 
1 1 1 44 -1.8657961074915175442301e-02 
1 1 44 44  1 
1 1 1 45 -1.4373486034482981996141e-02 
1 1 45 45  1 
1 1 1 46 -1.2076468250898055034614e-01 
1 1 46 46  1 
1 1 1 47 -1.4788286103429386028618e-02 
1 1 47 47  1 
1 1 1 48 -1.6472932409976212553282e-01 
1 1 48 48  1 
1 1 1 49 -6.6626679652578887913528e-02 
1 1 49 49  1 
1 1 1 50 6.2931838701314884998439e-02 
1 1 50 50  1 
1 1 1 51 5.5308451276948433772418e-01 
1 1 51 51  1 
1 1 1 52 6.5336950296196918963609e-02 
1 1 52 52  1 
1 1 1 53 6.7124463047409307914215e-03 
1 1 53 53  1 
1 1 1 54 -1.7911333900933335949029e-03 
1 1 54 54  1 
1 1 1 55 -7.2108143760885711620601e-03 
1 1 55 55  1 
1 1 1 56 -6.2224009764403620525997e-02 
1 1 56 56  1 
1 1 1 57 -4.5777541636345731035362e-02 
1 1 57 57  1 
1 1 1 58 -4.9254282896404065483775e-02 
1 1 58 58  1 
1 1 1 59 2.8650630373083157964587e-02 
1 1 59 59  1 
1 1 1 60 -5.5008622951264463107890e-03 
1 1 60 60  1 
1 1 1 61 5.1856526654927315167498e-01 
1 1 61 61  1 
1 1 1 62 8.1792251442302538189111e-02 
1 1 62 62  1 
1 1 1 63 -4.6245183305581825938813e-02 
1 1 63 63  1 
1 2 1 1 5.7735026918962579220533e+06 
1 2 1 2 -1.3269135555529888186684e-11 
1 2 2 2 5.7735026918962579220533e+06 
1 2 1 3 5.8708123183505790192056e-10 
1 2 2 3 5.8708115018819647045215e-10 
1 2 3 3 1.9489405922445968144530e-09 
1 2 2 4 2.3255265849968180760073e-11 
1 2 3 4 2.6800855170600358541079e-15 
1 2 4 4 5.4506878563548788463322e+00 
1 2 1 5 -2.3255265849968180760073e-11 
1 2 3 5 2.6800783410210592132126e-15 
1 2 5 5 5.4506878563548788463322e+00 
1 2 1 6 -2.6800855170600358541079e-15 
1 2 2 6 -2.6800783410210592132126e-15 
1 2 6 6 5.4506878563548788463322e+00 
1 3 1 1 6.2823870237570555996598e-01 
1 3 1 2 6.8152142197005355361838e-02 
1 3 2 2 1.3285506554247913935107e-02 
1 3 1 3 8.0382784434869286507158e-04 
1 3 2 3 1.0191694847758041297947e-01 
1 3 3 3 2.1213049735408775475776e+00 
1 3 2 4 -2.5318243536262448334373e-02 
1 3 3 4 -1.7181590535203243863549e+00 
1 3 4 4 4.6999999800271439198696e+00 
1 3 1 5 2.5318243536262448334373e-02 
1 3 3 5 -1.8612104773251875178275e-01 
1 3 5 5 4.6999999800271439198696e+00 
1 3 1 6 1.7181590535203243863549e+00 
1 3 2 6 1.8612104773251875178275e-01 
1 3 6 6 4.6999999800271439198696e+00 
1 4 1 1 2.7178339862017758532531e-02 
1 4 1 2 1.0931501213527644068846e-03 
1 4 2 2 2.0214053821406792466053e-02 
1 4 1 3 -1.8315192465604999971784e-02 
1 4 2 3 -7.8419202985911141273734e-03 
1 4 3 3 1.3763570133021726937805e-01 
1 4 2 4 2.1444413444360199694216e-01 
1 4 3 4 1.3376668645991116046723e-01 
1 4 4 4 2.6999999794108981987506e+00 
1 4 1 5 -2.1444413444360199694216e-01 
1 4 3 5 -3.9157005447544517007241e-02 
1 4 5 5 2.6999999794108981987506e+00 
1 4 1 6 -1.3376668645991116046723e-01 
1 4 2 6 3.9157005447544517007241e-02 
1 4 6 6 2.6999999794108981987506e+00 
1 5 1 1 2.5463124263679293157736e-01 
1 5 1 2 -3.4523756797781669780623e-02 
1 5 2 2 9.8521682280703071210581e-03 
1 5 1 3 -4.3095676715366890369499e-04 
1 5 2 3 -3.6172412808387434390855e-02 
1 5 3 3 2.5446185930719789070054e-01 
1 5 2 4 1.1666647839055999114066e-01 
1 5 3 4 -8.1390895551300890264912e-01 
1 5 4 4 2.6999999803343852633475e+00 
1 5 1 5 -1.1666647839055999114066e-01 
1 5 3 5 1.1130348452869345821092e-01 
1 5 5 5 2.6999999803343852633475e+00 
1 5 1 6 8.1390895551300890264912e-01 
1 5 2 6 -1.1130348452869345821092e-01 
1 5 6 6 2.6999999803343852633475e+00 
1 6 1 1 1.2222850816250077632397e-01 
1 6 1 2 3.3921024871034530234759e-02 
1 6 2 2 2.0895199211385681592468e-01 
1 6 1 3 -1.8235745900454881918140e-02 
1 6 2 3 -3.3882708424812807423976e-02 
1 6 3 3 9.2578370459804673608950e-03 
1 6 2 4 3.6999662673333472140413e-01 
1 6 3 4 -5.3191675358995403610773e-02 
1 6 4 4 2.5999999803393607500368e+00 
1 6 1 5 -3.6999662673333472140413e-01 
1 6 3 5 -1.6447879259477195257322e-02 
1 6 5 5 2.5999999803393607500368e+00 
1 6 1 6 5.3191675358995403610773e-02 
1 6 2 6 1.6447879259477195257322e-02 
1 6 6 6 2.5999999803393607500368e+00 
1 7 1 1 1.0537940703057879776594e-01 
1 7 1 2 6.2139309906488107010381e-03 
1 7 2 2 2.6178966514131276309418e-03 
1 7 1 3 -2.5554549612620290621745e-02 
1 7 2 3 6.0021205870234798501750e-03 
1 7 3 3 6.4191540481190245692744e-02 
1 7 2 4 -5.8432029138859434280739e-02 
1 7 3 4 -3.2106437055877501407508e-01 
1 7 4 4 1.9999999885687793632627e+00 
1 7 1 5 5.8432029138859434280739e-02 
1 7 3 5 4.0229893839208693065435e-03 
1 7 5 5 1.9999999885687793632627e+00 
1 7 1 6 3.2106437055877501407508e-01 
1 7 2 6 -4.0229893839208693065435e-03 
1 7 6 6 1.9999999885687793632627e+00 
1 8 1 1 1.6610783582538122399308e-02 
1 8 1 2 -4.2534045541760632375139e-03 
1 8 2 2 1.7311320864874558955737e-02 
1 8 1 3 -2.2764582992418924169142e-03 
1 8 2 3 1.7044845403137668521376e-03 
1 8 3 3 1.4523820807388169995544e-03 
1 8 2 4 9.5872013025183763779147e-02 
1 8 3 4 1.2715014310355782917172e-02 
1 8 4 4 8.9999998837642347648824e-01 
1 8 1 5 -9.5872013025183763779147e-02 
1 8 3 5 -7.7381692532020303430113e-04 
1 8 5 5 8.9999998837642347648824e-01 
1 8 1 6 -1.2715014310355782917172e-02 
1 8 2 6 7.7381692532020303430113e-04 
1 8 6 6 8.9999998837642347648824e-01 
1 9 1 1 1.9489405924308448011754e-09 
1 10 1 1 7.2535651408024996807774e-09 
1 11 1 1 9.5214968699743551816539e-01 
1 12 1 1 2.2748664097319652530472e-06 
1 13 1 1 2.1224017337000974925409e-01 
1 14 1 1 6.3505072520893857124236e-01 
1 15 1 1 2.5234647464031350508514e-08 
1 16 1 1 2.8768799975555098269453e-01 
1 17 1 1 7.2899476508716187783676e-01 
1 18 1 1 1.3479809546004411858411e-08 
1 19 1 1 9.7518124817344606358738e-02 
1 20 1 1 9.0457125284481376681356e-01 
1 21 1 1 3.0794974477486029481355e-09 
1 22 1 1 2.6522432423308647114757e-02 
1 23 1 1 5.1077608775902261228907e-01 
1 24 1 1 3.7063439006414977412038e-10 
1 25 1 1 1.0232338736642739018823e-01 
1 26 1 1 2.3504723646440109363631e-01 
1 27 1 1 1.3787924065497914184436e-11 
1 28 1 1 6.0663129974703841607031e-02 
1 29 1 1 3.6326220560806615766936e-01 
1 30 1 1 5.0687856354878491060845e-02 
1 31 1 1 4.9312143645121153667787e-02 
1 32 1 1 9.9999980027144275140927e-02 
1 33 1 1 1.9972856257766125054331e-08 
1 34 1 1 9.9999979410898109932759e-02 
1 35 1 1 2.0589101978885082644410e-08 
1 36 1 1 9.9999980334385174529643e-02 
1 37 1 1 1.9665614914288198633585e-08 
1 38 1 1 9.9999980339360750036803e-02 
1 39 1 1 1.9660639338781038532034e-08 
1 40 1 1 9.9999988568779452080548e-02 
1 41 1 1 1.1431220636737293716578e-08 
1 42 1 1 9.9999988376423432079321e-02 
1 43 1 1 1.1623576545716218788584e-08 
2 1 1 1 1.0000000001010025396653e+00 
2 1 1 2 -2.8381783326539444800574e-01 
2 1 2 2 8.0552564535806489565140e-02 
2 1 1 3 -9.5415402977899174685739e-02 
2 1 2 3 2.7080592933331808225272e-02 
2 1 3 3 9.1041011746333232873551e-03 
2 1 1 4 1.6125917628135535974998e-01 
2 1 2 4 -4.5768230006336535486966e-02 
2 1 3 4 -1.5386609288769597519986e-02 
2 1 4 4 2.6004523985829707671824e-02 
2 1 1 5 -8.0172132443260560319409e-02 
2 1 2 5 2.2754280918312448644958e-02 
2 1 3 5 7.6496563246712069236710e-03 
2 1 4 5 -1.2928492038519917919914e-02 
2 1 5 5 6.4275728694304940652460e-03 
2 1 1 6 1.9476520913722808470148e-01 
2 1 2 6 -5.5277839652809426795876e-02 
2 1 3 6 -1.8583600915903424749542e-02 
2 1 4 6 3.1407677193735279719267e-02 
2 1 5 6 -1.5614742142289181336956e-02 
2 1 6 6 3.7933488742349530387088e-02 
2 1 1 7 -5.1661747849587970338181e-02 
2 1 2 7 1.4662525337373175440825e-02 
2 1 3 7 4.9293264896110456502187e-03 
2 1 4 7 -8.3309309034796247273036e-03 
2 1 5 7 4.1418324908474909301637e-03 
2 1 6 7 -1.0061911124319720955977e-02 
2 1 7 7 2.6689382394293210271075e-03 
2 1 1 8 1.1974834559430609648434e-01 
2 1 2 8 -3.3986715983691566378422e-02 
2 1 3 8 -1.1425836650817429440696e-02 
2 1 4 8 1.9310519571592826837403e-02 
2 1 5 8 -9.6004802228480332071392e-03 
2 1 6 8 2.3322811573512066546376e-02 
2 1 7 8 -6.1864088354983441317425e-03 
2 1 8 8 1.4339668322295348254491e-02 
2 1 1 9 -1.6877621672915417167654e-03 
2 1 2 9 4.7901700138799116045901e-04 
2 1 3 9 1.6103850732297473919048e-04 
2 1 4 9 -2.7216713685626890998834e-04 
2 1 5 9 1.3531149200882261907780e-04 
2 1 6 9 -3.2871735148643730370713e-04 
2 1 7 9 8.7192743516689745963619e-05 
2 1 8 9 -2.0210672728982262413844e-04 
2 1 9 9 2.8505894216547949302604e-06 
2 1 1 10 5.7326479353979886699477e-02 
2 1 2 10 -1.6270277158979922632609e-02 
2 1 3 10 -5.4698291288642021321098e-03 
2 1 4 10 9.2444208397329096643658e-03 
2 1 5 10 -4.5959860952731164743246e-03 
2 1 6 10 1.1165203740478864269381e-02 
2 1 7 10 -2.9615861214899140418932e-03 
2 1 8 10 6.8647510613852264285684e-03 
2 1 9 10 -9.6753463037666464184594e-05 
2 1 10 10 3.2863272837389402407371e-03 
2 1 1 11 -3.4603071256538631139676e-01 
2 1 2 11 9.8209687083588195766204e-02 
2 1 3 11 3.3016659882155872940412e-02 
2 1 4 11 -5.5800627676344569105815e-02 
2 1 5 11 2.7742020117227907116675e-02 
2 1 6 11 -6.7394744100701467481862e-02 
2 1 7 11 1.7876551420766190192424e-02 
2 1 8 11 -4.1436605354523821376223e-02 
2 1 9 11 5.8401754538879243911637e-04 
2 1 10 11 -1.9836722499722549140078e-02 
2 1 11 11 1.1973725609877045039653e-01 
2 1 1 12 2.6959248657178528502110e-02 
2 1 2 12 -7.6515155403434021927356e-03 
2 1 3 12 -2.5723275746060703106366e-03 
2 1 4 12 4.3474262316208359471781e-03 
2 1 5 12 -2.1613804539141129659741e-03 
2 1 6 12 5.2507237028978975476590e-03 
2 1 7 12 -1.3927619063414959504899e-03 
2 1 8 12 3.2283254251626431440003e-03 
2 1 9 12 -4.5500799942190323023501e-05 
2 1 10 12 1.5454788115445506138657e-03 
2 1 11 12 -9.3287280230709094391850e-03 
2 1 12 12 7.2680313652028426772700e-04 
2 1 1 13 -1.5121269217851425817334e-02 
2 1 2 13 4.2916858656332906862829e-03 
2 1 3 13 1.4428019959585906221294e-03 
2 1 4 13 -2.4384434183993288457193e-03 
2 1 5 13 1.2123043984437859802578e-03 
2 1 6 13 -2.9450971616351486609409e-03 
2 1 7 13 7.8119119749837484089489e-04 
2 1 8 13 -1.8107469721238107166622e-03 
2 1 9 13 2.5521106107318960982229e-05 
2 1 10 13 -8.6684912762312544068366e-04 
2 1 11 13 5.2324235623461539529400e-03 
2 1 12 13 -4.0765805685618916901977e-04 
2 1 13 13 2.2865483106962949271836e-04 
2 1 1 14 4.0276492241076669587052e-02 
2 1 2 14 -1.1431186759392844912164e-02 
2 1 3 14 -3.8429977377185519510361e-03 
2 1 4 14 6.4949539622984131873040e-03 
2 1 5 14 -3.2290522703015533262372e-03 
2 1 6 14 7.8444594346472138607362e-03 
2 1 7 14 -2.0807539864243851726600e-03 
2 1 8 14 4.8230433122108300539321e-03 
2 1 9 14 -6.7977139835699677003836e-05 
2 1 10 14 2.3089095009088062351865e-03 
2 1 11 14 -1.3936903309813975307407e-02 
2 1 12 14 1.0858239693661000599412e-03 
2 1 13 14 -6.0903168232801679123772e-04 
2 1 14 14 1.6221978756957480382467e-03 
2 1 1 15 -4.1750854963449872403469e-02 
2 1 2 15 1.1849637192704053773040e-02 
2 1 3 15 3.9836746510093839698796e-03 
2 1 4 15 -6.7327084804482580093765e-03 
2 1 5 15 3.3472550737490489036752e-03 
2 1 6 15 -8.1316139986143797652174e-03 
2 1 7 15 2.1569221416264600446611e-03 
2 1 8 15 -4.9995958090209326185605e-03 
2 1 9 15 7.0465513459387770466014e-05 
2 1 10 15 -2.3934295250732152450512e-03 
2 1 11 15 1.4447078093216611863192e-02 
2 1 12 15 -1.1255716806094445778946e-03 
2 1 13 15 6.3132591797779844845773e-04 
2 1 14 15 -1.6815779859937073255349e-03 
2 1 15 15 1.7431359386413560873946e-03 
2 1 1 16 -1.6970647447227554804883e-01 
2 1 2 16 4.8165723875830131206488e-02 
2 1 3 16 1.6192611649730726669505e-02 
2 1 4 16 -2.7366726283011975906501e-02 
2 1 5 16 1.3605729947870088408779e-02 
2 1 6 16 -3.3052916992534368822998e-02 
2 1 7 16 8.7673330926292189491100e-03 
2 1 8 16 -2.0322069554697296672741e-02 
2 1 9 16 2.8642416715873359909714e-04 
2 1 10 16 -9.7286747050716135959414e-03 
2 1 11 16 5.8723652288600936000051e-02 
2 1 12 16 -4.5751590440311880672586e-03 
2 1 13 16 2.5661772885077001500609e-03 
2 1 14 16 -6.8351815023430682535799e-03 
2 1 15 16 7.0853904020503717317570e-03 
2 1 16 16 2.8800289528977146558120e-02 
2 1 1 17 -4.2206381592761937904257e-02 
2 1 2 17 1.1978923773630131138779e-02 
2 1 3 17 4.0271389079123681015160e-03 
2 1 4 17 -6.8061663294653514805210e-03 
2 1 5 17 3.3837756150057107448759e-03 
2 1 6 17 -8.2203347378399446720998e-03 
2 1 7 17 2.1804554434887569829005e-03 
2 1 8 17 -5.0541443692552236177651e-03 
2 1 9 17 7.1234334070533554647726e-05 
2 1 10 17 -2.4195432629836657878464e-03 
2 1 11 17 1.4604704297350015740342e-02 
2 1 12 17 -1.1378523362790297565605e-03 
2 1 13 17 6.3821405877551994501734e-04 
2 1 14 17 -1.6999250007447960688495e-03 
2 1 15 17 1.7621525164114235084689e-03 
2 1 16 17 7.1626962203391753708503e-03 
2 1 17 17 1.7813806956200027315634e-03 
2 1 1 18 1.4305045553125986246279e-01 
2 1 2 18 -4.0600270336509806934355e-02 
2 1 3 18 -1.3649216860687216415493e-02 
2 1 4 18 2.3068198625643587112988e-02 
2 1 5 18 -1.1468660066920913567778e-02 
2 1 6 18 2.7861251888721520059145e-02 
2 1 7 18 -7.3902365634246208747626e-03 
2 1 8 18 1.7130055386380207277375e-02 
2 1 9 18 -2.4143514685948203545539e-04 
2 1 10 18 8.2005789855901772139601e-03 
2 1 11 18 -4.9499851060284857928728e-02 
2 1 12 18 3.8565328011898932641932e-03 
2 1 13 18 -2.1631044498244618619343e-03 
2 1 14 18 5.7615705622872546640134e-03 
2 1 15 18 -5.9724788213410531442782e-03 
2 1 16 18 -2.4276588479863133590575e-02 
2 1 17 18 -6.0376421131707845579850e-03 
2 1 18 18 2.0463434878035282465936e-02 
2 1 1 19 4.9260607727925155574500e-02 
2 1 2 19 -1.3981038950676250715022e-02 
2 1 3 19 -4.7002207372961856551852e-03 
2 1 4 19 7.9437250253241720177044e-03 
2 1 5 19 -3.9493279669987179508750e-03 
2 1 6 19 9.5942525663562771426340e-03 
2 1 7 19 -2.5448890953575298637390e-03 
2 1 8 19 5.8988762783891233315581e-03 
2 1 9 19 -8.3140190060980795274011e-05 
2 1 10 19 2.8239372118793971619399e-03 
2 1 11 19 -1.7045683193497883356482e-02 
2 1 12 19 1.3280289727408568084543e-03 
2 1 13 19 -7.4488291128892321606852e-04 
2 1 14 19 1.9840444849444907257641e-03 
2 1 15 19 -2.0566724886599998915748e-03 
2 1 16 19 -8.3598440678678970217064e-03 
2 1 17 19 -2.0791120072561654341659e-03 
2 1 18 19 7.0467523752263836953058e-03 
2 1 19 19 2.4266095222552027700635e-03 
2 1 1 20 -6.6885386608552269138706e-02 
2 1 2 20 1.8983265504357502845290e-02 
2 1 3 20 6.3818961165875865565456e-03 
2 1 4 20 -1.0785882349755127745938e-02 
2 1 5 20 5.3623440736995271749254e-03 
2 1 6 20 -1.3026946311039030654277e-02 
2 1 7 20 3.4554159777932256028543e-03 
2 1 8 20 -8.0094143908096670364527e-03 
2 1 9 20 1.1288662506258262884732e-04 
2 1 10 20 -3.8343037344981309964831e-03 
2 1 11 20 2.3144397988368623636513e-02 
2 1 12 20 -1.8031797691114754850911e-03 
2 1 13 20 1.0113919376479904403687e-03 
2 1 14 20 -2.6939087547807609619721e-03 
2 1 15 20 2.7925220754679326573555e-03 
2 1 16 20 1.1350883155052549772224e-02 
2 1 17 20 2.8229901501799652997760e-03 
2 1 18 20 -9.5679850227378075017137e-03 
2 1 19 20 -3.2948147924545053040479e-03 
2 1 20 20 4.4736569905108871866850e-03 
2 1 1 21 3.4538976368686446702383e-03 
2 1 2 21 -9.8027774361652783054188e-04 
2 1 3 21 -3.2955503486623553442356e-04 
2 1 4 21 5.5697268788155768377834e-04 
2 1 5 21 -2.7690633878850451484940e-04 
2 1 6 21 6.7269909558329097493123e-04 
2 1 7 21 -1.7843438881419621845625e-04 
2 1 8 21 4.1359852786710613872442e-04 
2 1 9 21 -5.8293577612035149380530e-06 
2 1 10 21 1.9799979157070603588697e-04 
2 1 11 21 -1.1951546604135683711523e-03 
2 1 12 21 9.3114485228775497986653e-05 
2 1 13 21 -5.2227316017984329874543e-05 
2 1 14 21 1.3911088137280599812649e-04 
2 1 15 21 -1.4420317929551458037939e-04 
2 1 16 21 -5.8614879114109825694601e-04 
2 1 17 21 -1.4577652164401571103711e-04 
2 1 18 21 4.9408163031240735860866e-04 
2 1 19 21 1.7014109662218956128647e-04 
2 1 20 21 -2.3101527874832444072600e-04 
2 1 21 21 1.1931457175179130744810e-05 
2 1 1 22 2.7898945475884163319735e-02 
2 1 2 22 -7.9182182553548044467995e-03 
2 1 3 22 -2.6619891252399200190504e-03 
2 1 4 22 4.4989609665595188189857e-03 
2 1 5 22 -2.2367179517198843702319e-03 
2 1 6 22 5.4337439503186948236424e-03 
2 1 7 22 -1.4413082864445270377118e-03 
2 1 8 22 3.3408525645628713365842e-03 
2 1 9 22 -4.7086784681526728461431e-05 
2 1 10 22 1.5993483218210823720851e-03 
2 1 11 22 -9.6538919828430217601190e-03 
2 1 12 22 7.5213460835742574749768e-04 
2 1 13 22 -4.2186746543500101055274e-04 
2 1 14 22 1.1236716609936674843295e-03 
2 1 15 22 -1.1648048261968320556126e-03 
2 1 16 22 -4.7346316782065391015610e-03 
2 1 17 22 -1.1775135387908264479606e-03 
2 1 18 22 3.9909568591669983272929e-03 
2 1 19 22 1.3743190091102990349481e-03 
2 1 20 22 -1.8660317541254281027696e-03 
2 1 21 22 9.6360101850283909124747e-05 
2 1 22 22 7.7835320703221989261517e-04 
2 1 1 23 3.4076462192431218600763e-02 
2 1 2 23 -9.6715076648059318531470e-03 
2 1 3 23 -3.2514193721519643771878e-03 
2 1 4 23 5.4951422237342019069817e-03 
2 1 5 23 -2.7319826400893482652721e-03 
2 1 6 23 6.6369092855657028928729e-03 
2 1 7 23 -1.7604495973913955510909e-03 
2 1 8 23 4.0805999712505503299043e-03 
2 1 9 23 -5.7512963683525734123053e-05 
2 1 10 23 1.9534836063310806117399e-03 
2 1 11 23 -1.1791502494154377719826e-02 
2 1 12 23 9.1867581760269310421629e-04 
2 1 13 23 -5.1527935880368565344650e-04 
2 1 14 23 1.3724803650967936502481e-03 
2 1 15 23 -1.4227214306636744821366e-03 
2 1 16 23 -5.7829962611652850276722e-03 
2 1 17 23 -1.4382441666250754801898e-03 
2 1 18 23 4.8746534395210337764492e-03 
2 1 19 23 1.6786272368168216051476e-03 
2 1 20 23 -2.2792173479924712591049e-03 
2 1 21 23 1.1769661223928129187028e-04 
2 1 22 23 9.5069736071766355184343e-04 
2 1 23 23 1.1612073239563392226814e-03 
2 1 1 24 5.4735239993972992222915e-02 
2 1 2 24 -1.5534837218350762075292e-02 
2 1 3 24 -5.2225849811169521713650e-03 
2 1 4 24 8.8265597149903753798617e-03 
2 1 5 24 -4.3882409101104477913702e-03 
2 1 6 24 1.0660520464602512430430e-02 
2 1 7 24 -2.8277181670553108890076e-03 
2 1 8 24 6.5544544349855470705135e-03 
2 1 9 24 -9.2380067279450870168511e-05 
2 1 10 24 3.1377786054496265531755e-03 
2 1 11 24 -1.8940074097551867077227e-02 
2 1 12 24 1.4756209453078619059374e-03 
2 1 13 24 -8.2766629965257295081099e-04 
2 1 14 24 2.2045434689307225918642e-03 
2 1 15 24 -2.2852430663779809728864e-03 
2 1 16 24 -9.2889246087710479471422e-03 
2 1 17 24 -2.3101764257570304821054e-03 
2 1 18 24 7.8299010147506592494082e-03 
2 1 19 24 2.6962911862369429334685e-03 
2 1 20 24 -3.6609876881087796869629e-03 
2 1 21 24 1.8904991606862484531358e-04 
2 1 22 24 1.5270554762012828690226e-03 
2 1 23 24 1.8651833362482665018556e-03 
2 1 24 24 2.9959485457854428958058e-03 
2 1 1 25 -1.0081393732369590965359e-01 
2 1 2 25 2.8612793254164638201420e-02 
2 1 3 25 9.6192024555291130022416e-03 
2 1 4 25 -1.6257172490499394862384e-02 
2 1 5 25 8.0824683352419060544669e-03 
2 1 6 25 -1.9635047586796995633396e-02 
2 1 7 25 5.2082242097409303660527e-03 
2 1 8 25 -1.2072302207360644313305e-02 
2 1 9 25 1.7014994935063342484070e-04 
2 1 10 25 -5.7793080965802649806573e-03 
2 1 11 25 3.4884718568640643576728e-02 
2 1 12 25 -2.7178680044187162809233e-03 
2 1 13 25 1.5244346871831917188123e-03 
2 1 14 25 -4.0604317644102145765106e-03 
2 1 15 25 4.2090680754959504741852e-03 
2 1 16 25 1.7108777880873355520253e-02 
2 1 17 25 4.2549915085526917798986e-03 
2 1 18 25 -1.4421479658054571840187e-02 
2 1 19 25 -4.9661558200102011093047e-03 
2 1 20 25 6.7429791734257430238508e-03 
2 1 21 25 -3.4820101988572666005389e-04 
2 1 22 25 -2.8126025406029898749682e-03 
2 1 23 25 -3.4353823236810431852872e-03 
2 1 24 25 -5.5180750541498459552092e-03 
2 1 25 25 1.0163452008010423824325e-02 
2 1 1 26 4.9491492749591206590232e-02 
2 1 2 26 -1.4046568237258933581346e-02 
2 1 3 26 -4.7222507246800181357482e-03 
2 1 4 26 7.9809573537337440141126e-03 
2 1 5 26 -3.9678385115348756631559e-03 
2 1 6 26 9.6392209358877461999882e-03 
2 1 7 26 -2.5568170191290844582566e-03 
2 1 8 26 5.9265243777561248464392e-03 
2 1 9 26 -8.3529869065545499771420e-05 
2 1 10 26 2.8371730373070898345578e-03 
2 1 11 26 -1.7125576502065628647919e-02 
2 1 12 26 1.3342534594511885545631e-03 
2 1 13 26 -7.4837418585992033712162e-04 
2 1 14 26 1.9933437237282221679568e-03 
2 1 15 26 -2.0663121357127898006234e-03 
2 1 16 26 -8.3990267509033104259553e-03 
2 1 17 26 -2.0888568285846566621733e-03 
2 1 18 26 7.0797805827510400591973e-03 
2 1 19 26 2.4379810102070687861942e-03 
2 1 20 26 -3.3102576263907643877582e-03 
2 1 21 26 1.7093854985293302365182e-04 
2 1 22 26 1.3807604577409586087827e-03 
2 1 23 26 1.6864949815284223117590e-03 
2 1 24 26 2.7089287333088392026315e-03 
2 1 25 26 -4.9894322481134449620566e-03 
2 1 26 26 2.4494099031157684151494e-03 
2 1 1 27 -1.3890754392643133233176e-02 
2 1 2 27 3.9424438141417309303116e-03 
2 1 3 27 1.3253919280410654188418e-03 
2 1 4 27 -2.2400116112842476980005e-03 
2 1 5 27 1.1136514009037878220054e-03 
2 1 6 27 -2.7054356843570050508707e-03 
2 1 7 27 7.1762065087328428224234e-04 
2 1 8 27 -1.6633948575758535429192e-03 
2 1 9 27 2.3444289739041679408553e-05 
2 1 10 27 -7.9630804490106075425176e-04 
2 1 11 27 4.8066276405570639365661e-03 
2 1 12 27 -3.7448430170705881937440e-04 
2 1 13 27 2.1004583681020718615232e-04 
2 1 14 27 -5.5947086151798993119283e-04 
2 1 15 27 5.7995087198014691736575e-04 
2 1 16 27 2.3573509557357399252231e-03 
2 1 17 27 5.8627848050722978969634e-04 
2 1 18 27 -1.9870787435404459880806e-03 
2 1 19 27 -6.8426700318094434496996e-04 
2 1 20 27 9.2908847783637984497906e-04 
2 1 21 27 -4.7977243771071198194262e-05 
2 1 22 27 -3.8753739941924862481837e-04 
2 1 23 27 -4.7334776688524974079184e-04 
2 1 24 27 -7.6031377537865601264760e-04 
2 1 25 27 1.4003816427187736233517e-03 
2 1 26 27 -6.8747417030985192611114e-04 
2 1 27 27 1.9295510590405871419878e-04 
2 1 1 28 5.9584750327687223403483e-02 
2 1 2 28 -1.6911214733663682691089e-02 
2 1 3 28 -5.6853029638537820947275e-03 
2 1 4 28 9.6085877567730609144503e-03 
2 1 5 28 -4.7770364948699515703079e-03 
2 1 6 28 1.1605036358961500278508e-02 
2 1 7 28 -3.0782523471096271371061e-03 
2 1 8 28 7.1351752743903304465611e-03 
2 1 9 28 -1.0056488735058162541178e-04 
2 1 10 28 3.4157839594722034376462e-03 
2 1 11 28 -2.0618153613920213451660e-02 
2 1 12 28 1.6063601002600093152484e-03 
2 1 13 28 -9.0099705098341026279080e-04 
2 1 14 28 2.3998647342595717975311e-03 
2 1 15 28 -2.4877142689646459389197e-03 
2 1 16 28 -1.0111917910422547894900e-02 
2 1 17 28 -2.5148567094398122274967e-03 
2 1 18 28 8.5236256770920507813694e-03 
2 1 19 28 2.9351810124585531007468e-03 
2 1 20 28 -3.9853490616414194089301e-03 
2 1 21 28 2.0579962835019704136229e-04 
2 1 22 28 1.6623517005863127672660e-03 
2 1 23 28 2.0304374917868807035037e-03 
2 1 24 28 3.2613856091669186226811e-03 
2 1 25 28 -6.0069732849835138707717e-03 
2 1 26 28 2.9489382388289500126766e-03 
2 1 27 28 -8.2767713234886176616040e-04 
2 1 28 28 3.5503445202558752552546e-03 
2 1 1 29 -3.9626934764626628449058e-02 
2 1 2 29 1.1246830763845435882664e-02 
2 1 3 29 3.7810199493457635061544e-03 
2 1 4 29 -6.3902068586986805753813e-03 
2 1 5 29 3.1769758622700885151990e-03 
2 1 6 29 -7.7179482368997685479139e-03 
2 1 7 29 2.0471967118622061594657e-03 
2 1 8 29 -4.7452598790375206602721e-03 
2 1 9 29 6.6880841301466056880720e-05 
2 1 10 29 -2.2716726576458680722514e-03 
2 1 11 29 1.3712136473385793875024e-02 
2 1 12 29 -1.0683123878413550329747e-03 
2 1 13 29 5.9920954885414850609598e-04 
2 1 14 29 -1.5960339305851262755448e-03 
2 1 15 29 1.6544584060040170084283e-03 
2 1 16 29 6.7249473930476146368851e-03 
2 1 17 29 1.6725095300273136803004e-03 
2 1 18 29 -5.6686510693873450733582e-03 
2 1 19 29 -1.9520468889003455073561e-03 
2 1 20 29 2.6504628518439253895278e-03 
2 1 21 29 -1.3686737633988646230081e-04 
2 1 22 29 -1.1055496923747340932281e-03 
2 1 23 29 -1.3503457443087320266617e-03 
2 1 24 29 -2.1689897845673443248227e-03 
2 1 25 29 3.9949473176912391955695e-03 
2 1 26 29 -1.9611961545920467489545e-03 
2 1 27 29 5.5044801814871759451653e-04 
2 1 28 29 -2.3611610142018155805710e-03 
2 1 29 29 1.5702960072850207819128e-03 
2 1 1 30 8.8328237067631668044676e-02 
2 1 2 30 -2.5069128860687312637667e-02 
2 1 3 30 -8.4278743341354815654665e-03 
2 1 4 30 1.4243738751910565640268e-02 
2 1 5 30 -7.0814631206658771103712e-03 
2 1 6 30 1.7203267565199933247788e-02 
2 1 7 30 -4.5631911113866094331648e-03 
2 1 8 30 1.0577160258110550675181e-02 
2 1 9 30 -1.4907705682630660918263e-04 
2 1 10 30 5.0635468586310173472187e-03 
2 1 11 30 -3.0564282812156919749702e-02 
2 1 12 30 2.3812629065564899083496e-03 
2 1 13 30 -1.3356350522378578667831e-03 
2 1 14 30 3.5575515549224391055605e-03 
2 1 15 30 -3.6877794149878981820601e-03 
2 1 16 30 -1.4989873709099132623179e-02 
2 1 17 30 -3.7280152790924027221553e-03 
2 1 18 30 1.2635394548797803521145e-02 
2 1 19 30 4.3511026374877777647687e-03 
2 1 20 30 -5.9078682847203975794792e-03 
2 1 21 30 3.0507668927666302654406e-04 
2 1 22 30 2.4642646699308233537717e-03 
2 1 23 30 3.0099138309592453344177e-03 
2 1 24 30 4.8346672541413563545243e-03 
2 1 25 30 -8.9047173556487616702393e-03 
2 1 26 30 4.3714963044168666031486e-03 
2 1 27 30 -1.2269458470416277125897e-03 
2 1 28 30 5.2630159525595947983545e-03 
2 1 29 30 -3.5001772881535029441347e-03 
2 1 30 30 7.8018795125439554735691e-03 
2 1 1 31 -1.7650680215146274942839e-01 
2 1 2 31 5.0095778143231683987580e-02 
2 1 3 31 1.6841467655622121418757e-02 
2 1 4 31 -2.8463341523001017135952e-02 
2 1 5 31 1.4150926719223440655715e-02 
2 1 6 31 -3.4377384235172954440873e-02 
2 1 7 31 9.1186499064859656560333e-03 
2 1 8 31 -2.1136397543779151392274e-02 
2 1 9 31 2.9790150294085247740725e-04 
2 1 10 31 -1.0118513549372825863215e-02 
2 1 11 31 6.1076774521108122273372e-02 
2 1 12 31 -4.7584907688846883253020e-03 
2 1 13 31 2.6690068741143002824245e-03 
2 1 14 31 -7.1090748473506314500381e-03 
2 1 15 31 7.3693098966880338229757e-03 
2 1 16 31 2.9954347113500180699308e-02 
2 1 17 31 7.4497134453227701472722e-03 
2 1 18 31 -2.5249378452132681394104e-02 
2 1 19 31 -8.6948323420936914768253e-03 
2 1 20 31 1.1805725700939804015399e-02 
2 1 21 31 -6.0963642684218246475814e-04 
2 1 22 31 -4.9243536493463208741916e-03 
2 1 23 31 -6.0147273702212374416054e-03 
2 1 24 31 -9.6611421763290131897728e-03 
2 1 25 31 1.7794345689303527058289e-02 
2 1 26 31 -8.7355851189326264721879e-03 
2 1 27 31 2.4518126373168193724017e-03 
2 1 28 31 -1.0517113737333386863648e-02 
2 1 29 31 6.9944235343688508643734e-03 
2 1 30 31 -1.5590534664483944940483e-02 
2 1 31 31 3.1154653257139036659495e-02 
2 1 1 32 3.1652710337993130579326e-03 
2 1 2 32 -8.9836036651063766022424e-04 
2 1 3 32 -3.0201561122423326933087e-04 
2 1 4 32 5.1042899961771114221432e-04 
2 1 5 32 -2.5376652854057724041301e-04 
2 1 6 32 6.1648467487392978603200e-04 
2 1 7 32 -1.6352343402374494921170e-04 
2 1 8 32 3.7903596965504717962100e-04 
2 1 9 32 -5.3422247000698663393350e-06 
2 1 10 32 1.8145384456884540045826e-04 
2 1 11 32 -1.0952809912881549848918e-03 
2 1 12 32 8.5333328867557200949484e-05 
2 1 13 32 -4.7862915449543458085591e-05 
2 1 14 32 1.2748601423371983985475e-04 
2 1 15 32 -1.3215277185216764768705e-04 
2 1 16 32 -5.3716698789529502763851e-04 
2 1 17 32 -1.3359463709704963115844e-04 
2 1 18 32 4.5279346326489541179131e-04 
2 1 19 32 1.5592317474855045978527e-04 
2 1 20 32 -2.1171037681651851689382e-04 
2 1 21 32 1.0932522143684447835728e-05 
2 1 22 32 8.8307723988362594536375e-05 
2 1 23 32 1.0786123871205956226138e-04 
2 1 24 32 1.7325186968097764945301e-04 
2 1 25 32 -3.1910343561395007388679e-04 
2 1 26 32 1.5665398841977645240375e-04 
2 1 27 32 -4.3968002516653243740268e-05 
2 1 28 32 1.8860188426838859349077e-04 
2 1 29 32 -1.2542998876872543299009e-04 
2 1 30 32 2.7958281025673188810096e-04 
2 1 31 32 -5.5869186811857219406713e-04 
2 1 32 32 1.0020989006438855813065e-05 
2 1 1 33 2.0653641399236526143834e-02 
2 1 2 33 -5.8618717509717407909697e-03 
2 1 3 33 -1.9706755170691720585596e-03 
2 1 4 33 3.3305891992513733321224e-03 
2 1 5 33 -1.6558464736951929770908e-03 
2 1 6 33 4.0226107865676081695727e-03 
2 1 7 33 -1.0670032141431649679031e-03 
2 1 8 33 2.4732393880566349089745e-03 
2 1 9 33 -3.4858434570438198620707e-05 
2 1 10 33 1.1840005472578388114741e-03 
2 1 11 33 -7.1467942504477568674282e-03 
2 1 12 33 5.5680665415821671213048e-04 
2 1 13 33 -3.1230927192681936718777e-04 
2 1 14 33 8.3185622756632977923413e-04 
2 1 15 33 -8.6230718652662062886916e-04 
2 1 16 33 -3.5050566668790618385376e-03 
2 1 17 33 -8.7171547017624202713382e-04 
2 1 18 33 2.9545128105400585323548e-03 
2 1 19 33 1.0174109271210251929929e-03 
2 1 20 33 -1.3814267898623331428526e-03 
2 1 21 33 7.1335563221560516081535e-05 
2 1 22 33 5.7621481527576142063485e-04 
2 1 23 33 7.0380303027711265534405e-04 
2 1 24 33 1.1304820187366621062758e-03 
2 1 25 33 -2.0821749095287188369152e-03 
2 1 26 33 1.0221795435629583287396e-03 
2 1 27 33 -2.8689465999052088818894e-04 
2 1 28 33 1.2306420661310959324686e-03 
2 1 29 33 -8.1844050037953666471707e-04 
2 1 30 33 1.8242997338216114782544e-03 
2 1 31 33 -3.6455081961622882308349e-03 
2 1 32 33 6.5374372863483457517242e-05 
2 1 33 33 4.2657495137893888500005e-04 
2 1 1 34 5.0207526889354953114619e-02 
2 1 2 34 -1.4249791495350737358105e-02 
2 1 3 34 -4.7905714106715076294751e-03 
2 1 4 34 8.0964244293013805375825e-03 
2 1 5 34 -4.0252444954219281786356e-03 
2 1 6 34 9.7786794748682109162941e-03 
2 1 7 34 -2.5938085943092584542691e-03 
2 1 8 34 6.0122682813818885752544e-03 
2 1 9 34 -8.4738364397125877911822e-05 
2 1 10 34 2.8782207536369943008669e-03 
2 1 11 34 -1.7373346305669244704628e-02 
2 1 12 34 1.3535572018720956697507e-03 
2 1 13 34 -7.5920153085644792242959e-04 
2 1 14 34 2.0221830672027480205188e-03 
2 1 15 34 -2.0962071732309657014215e-03 
2 1 16 34 -8.5205423803643969699051e-03 
2 1 17 34 -2.1190780387209716753572e-03 
2 1 18 34 7.1822095926201943993927e-03 
2 1 19 34 2.4732532870857647927521e-03 
2 1 20 34 -3.3581498466537847841229e-03 
2 1 21 34 1.7341165847616142495040e-04 
2 1 22 34 1.4007370551650986066627e-03 
2 1 23 34 1.7108948918205730323899e-03 
2 1 24 34 2.7481210337926965762978e-03 
2 1 25 34 -5.0616184690012010899407e-03 
2 1 26 34 2.4848454530194117630126e-03 
2 1 27 34 -6.9742042468205495825417e-04 
2 1 28 34 2.9916029542728529017070e-03 
2 1 29 34 -1.9895703927376990997888e-03 
2 1 30 34 4.4347423376624329344198e-03 
2 1 31 34 -8.8619700151736056914498e-03 
2 1 32 34 1.5892043054157513229212e-04 
2 1 33 34 1.0369682559152602115832e-03 
2 1 34 34 2.5207978048854100261433e-03 
2 1 1 35 -1.1751064820583145137389e-02 
2 1 2 35 3.3351617559391061318408e-03 
2 1 3 35 1.1212325852753557420272e-03 
2 1 4 35 -1.8949670333960500368670e-03 
2 1 5 35 9.4210792514512692666373e-04 
2 1 6 35 -2.2886985973660034857091e-03 
2 1 7 35 6.0708054772512856644973e-04 
2 1 8 35 -1.4071705712362804052001e-03 
2 1 9 35 1.9833002629571454803912e-05 
2 1 10 35 -6.7364717482444223198984e-04 
2 1 11 35 4.0662293332684174007596e-03 
2 1 12 35 -3.1679987848472819945284e-04 
2 1 13 35 1.7769101474846474134940e-04 
2 1 14 35 -4.7329167107060965023410e-04 
2 1 15 35 4.9061700299025869792535e-04 
2 1 16 35 1.9942317819963491405677e-03 
2 1 17 35 4.9596992593881463005229e-04 
2 1 18 35 -1.6809951755617760695699e-03 
2 1 19 35 -5.7886459451217040211163e-04 
2 1 20 35 7.8597451358686069595311e-04 
2 1 21 35 -4.0586975014508760745569e-05 
2 1 22 35 -3.2784231671302885941996e-04 
2 1 23 35 -4.0043471607940944083717e-04 
2 1 24 35 -6.4319735313934911762751e-04 
2 1 25 35 1.1846711123089626819388e-03 
2 1 26 35 -5.8157773936785503183372e-04 
2 1 27 35 1.6323115527475050528898e-04 
2 1 28 35 -7.0018426341892097027053e-04 
2 1 29 35 4.6565867906014901927286e-04 
2 1 30 35 -1.0379508392695758686730e-03 
2 1 31 35 2.0741428733556774473279e-03 
2 1 32 35 -3.7195305092892354844984e-05 
2 1 33 35 -2.4270227886350430454229e-04 
2 1 34 35 -5.8999190295798171080471e-04 
2 1 35 35 1.3808957271938085724014e-04 
2 1 1 36 -6.8666267975595274286604e-02 
2 1 2 36 1.9488711395254383618170e-02 
2 1 3 36 6.5518196298798327126267e-03 
2 1 4 36 -1.1073065812059291329605e-02 
2 1 5 36 5.5051211305238278298502e-03 
2 1 6 36 -1.3373800042939740229109e-02 
2 1 7 36 3.5474194219274274644804e-03 
2 1 8 36 -8.2226719882127919519776e-03 
2 1 9 36 1.1589232925831305918464e-04 
2 1 10 36 -3.9363953934178101332075e-03 
2 1 11 36 2.3760637636800908262247e-02 
2 1 12 36 -1.8511909927145290231942e-03 
2 1 13 36 1.0383211242441087434479e-03 
2 1 14 36 -2.7656364093427555743421e-03 
2 1 15 36 2.8668753951304483916507e-03 
2 1 16 36 1.1653110253306788249295e-02 
2 1 17 36 2.8981547087288247674386e-03 
2 1 18 36 -9.8227409135404480933218e-03 
2 1 19 36 -3.3825420908863857577531e-03 
2 1 20 36 4.5927698805141329782553e-03 
2 1 21 36 -2.3716626069350603368477e-04 
2 1 22 36 -1.9157164662835799232021e-03 
2 1 23 36 -2.3399034845657156259091e-03 
2 1 24 36 -3.7584646571346604776442e-03 
2 1 25 36 6.9225168359437596124484e-03 
2 1 26 36 -3.3983961036556371675121e-03 
2 1 27 36 9.5382626350840982003276e-04 
2 1 28 36 -4.0914624332599154946100e-03 
2 1 29 36 2.7210337215992780324214e-03 
2 1 30 36 -6.0651703962978972123343e-03 
2 1 31 36 1.2120063376047677736191e-02 
2 1 32 36 -2.1734734902225627778231e-04 
2 1 33 36 -1.4182084749918147728587e-03 
2 1 34 36 -3.4475634957763538410158e-03 
2 1 35 36 8.0690176596874779810925e-04 
2 1 36 36 4.7150584064557790262007e-03 
2 1 1 37 -7.3069229572548369255891e-02 
2 1 2 37 2.0738350415652320735127e-02 
2 1 3 37 6.9719299849493191270633e-03 
2 1 4 37 -1.1783083772382380027821e-02 
2 1 5 37 5.8581159508173559491429e-03 
2 1 6 37 -1.4231343779193491444479e-02 
2 1 7 37 3.7748841137406454263048e-03 
2 1 8 37 -8.7499193551631906234922e-03 
2 1 9 37 1.2332348126568723955740e-04 
2 1 10 37 -4.1888016805019046354119e-03 
2 1 11 37 2.5284197575592658180366e-02 
2 1 12 37 -1.9698915292347914975102e-03 
2 1 13 37 1.1048994919074890327937e-03 
2 1 14 37 -2.9429722579401868670645e-03 
2 1 15 37 3.0507028061744810923384e-03 
2 1 16 37 1.2400321343162505963176e-02 
2 1 17 37 3.0839877860280979181284e-03 
2 1 18 37 -1.0452586575671246604813e-02 
2 1 19 37 -3.5994346549550102452864e-03 
2 1 20 37 4.8872636691489534585542e-03 
2 1 21 37 -2.5237363934843640720165e-04 
2 1 22 37 -2.0385544518093847571327e-03 
2 1 23 37 -2.4899408389590120191381e-03 
2 1 24 37 -3.9994618168281434802958e-03 
2 1 25 37 7.3663967304176247025138e-03 
2 1 26 37 -3.6163052456079907565067e-03 
2 1 27 37 1.0149867216519244724621e-03 
2 1 28 37 -4.3538118007167472128804e-03 
2 1 29 37 2.8955095935728892946048e-03 
2 1 30 37 -6.4540762320332437443349e-03 
2 1 31 37 1.2897216047521581697155e-02 
2 1 32 37 -2.3128391582801920318968e-04 
2 1 33 37 -1.5091456649098981216556e-03 
2 1 34 37 -3.6686253085481670618839e-03 
2 1 35 37 8.5864125309708728191888e-04 
2 1 36 37 5.0173912985988916579672e-03 
2 1 37 37 5.3391143591477053381711e-03 
2 1 1 38 1.3581084851566285753854e-01 
2 1 2 38 -3.8545540759650061268804e-02 
2 1 3 38 -1.2958446839892374599645e-02 
2 1 4 38 2.1900745561707686548392e-02 
2 1 5 38 -1.0888245334429294541856e-02 
2 1 6 38 2.6451228314257446694313e-02 
2 1 7 38 -7.0162258112547379318436e-03 
2 1 8 38 1.6263124423509498633900e-02 
2 1 9 38 -2.2921641203249833933057e-04 
2 1 10 38 7.7855578034796242212212e-03 
2 1 11 38 -4.6994724685984423651064e-02 
2 1 12 38 3.6613584354761533751210e-03 
2 1 13 38 -2.0536324031101720923032e-03 
2 1 14 38 5.4699845864951213494920e-03 
2 1 15 38 -5.6702190388404783566445e-03 
2 1 16 38 -2.3047980296681386952473e-02 
2 1 17 38 -5.7320844968888487805381e-03 
2 1 18 38 1.9427803746252480382450e-02 
2 1 19 38 6.6901249339267176291512e-03 
2 1 20 38 -9.0837611086056219839024e-03 
2 1 21 38 4.6907676874937738074542e-04 
2 1 22 38 3.7889794577720303965507e-03 
2 1 23 38 4.6279532447659685323593e-03 
2 1 24 38 7.4336393872898968993024e-03 
2 1 25 38 -1.3691626370135975832021e-02 
2 1 26 38 6.7214816246287363912804e-03 
2 1 27 38 -1.8865151405875325678341e-03 
2 1 28 38 8.0922555005971154307165e-03 
2 1 29 38 -5.3817676344587398601371e-03 
2 1 30 38 1.1995932824047650377963e-02 
2 1 31 38 -2.3971538568976307609359e-02 
2 1 32 38 4.2987814488233596623909e-04 
2 1 33 38 2.8049885633685215508004e-03 
2 1 34 38 6.8187268287162499172394e-03 
2 1 35 38 -1.5959220842459472932545e-03 
2 1 36 38 -9.3256241181694492919929e-03 
2 1 37 38 -9.9235940686335320087830e-03 
2 1 38 38 1.8444588624676752641740e-02 
2 1 1 39 8.2886596008493129694727e-02 
2 1 2 39 -2.3524694085874580523621e-02 
2 1 3 39 -7.9086579596166946271030e-03 
2 1 4 39 1.3366224197095067163787e-02 
2 1 5 39 -6.6451951529639310262132e-03 
2 1 6 39 1.6143425206267103533264e-02 
2 1 7 39 -4.2820664231014325326607e-03 
2 1 8 39 9.9255327439606525624649e-03 
2 1 9 39 -1.3989286091871315866920e-04 
2 1 10 39 4.7515967348025558991687e-03 
2 1 11 39 -2.8681307878938140654146e-02 
2 1 12 39 2.2345603521400697263899e-03 
2 1 13 39 -1.2533505327957149624862e-03 
2 1 14 39 3.3383813410253304447550e-03 
2 1 15 39 -3.4605862483646503309498e-03 
2 1 16 39 -1.4066391989609150839358e-02 
2 1 17 39 -3.4983433000595636798435e-03 
2 1 18 39 1.1856965316450439329454e-02 
2 1 19 39 4.0830440918773851233237e-03 
2 1 20 39 -5.5439020186949421534206e-03 
2 1 21 39 2.8628181808182585248515e-04 
2 1 22 39 2.3124486227225817674968e-03 
2 1 23 39 2.8244819551427320473980e-03 
2 1 24 39 4.5368177248083499039644e-03 
2 1 25 39 -8.3561240949747220274624e-03 
2 1 26 39 4.1021813653926188225629e-03 
2 1 27 39 -1.1513573475962137360878e-03 
2 1 28 39 4.9387771286779460003236e-03 
2 1 29 39 -3.2845417328905110627979e-03 
2 1 30 39 7.3212269019671859585086e-03 
2 1 31 39 -1.4630048002679293950301e-02 
2 1 32 39 2.6235854143591132115951e-04 
2 1 33 39 1.7119100307628036267832e-03 
2 1 34 39 4.1615309978635306106809e-03 
2 1 35 39 -9.7400576245328769012938e-04 
2 1 36 39 -5.6915132131040834656543e-03 
2 1 37 39 -6.0564597122316462043945e-03 
2 1 38 39 1.1256898934488397678866e-02 
2 1 39 39 6.8701898468501868336156e-03 
2 1 1 40 -6.3222563315224493060707e-03 
2 1 2 40 1.7943690933611190514024e-03 
2 1 3 40 6.0324063560178811140011e-04 
2 1 4 40 -1.0195218482608925294336e-03 
2 1 5 40 5.0686877195105879342907e-04 
2 1 6 40 -1.2313555766281340797530e-03 
2 1 7 40 3.2661881243957257637059e-04 
2 1 8 40 -7.5707973612293855830702e-04 
2 1 9 40 1.0670465048263129092501e-05 
2 1 10 40 -3.6243269705959015904162e-04 
2 1 11 40 2.1876948634177322862426e-03 
2 1 12 40 -1.7044328051593566957997e-04 
2 1 13 40 9.5600540053217321627595e-05 
2 1 14 40 -2.5463830808266241928495e-04 
2 1 15 40 2.6395960713914432341221e-04 
2 1 16 40 1.0729278327326970295108e-03 
2 1 17 40 2.6683956325549172466580e-04 
2 1 18 40 -9.0440164820967548688774e-04 
2 1 19 40 -3.1143818910251840244297e-04 
2 1 20 40 4.2286655897224570063719e-04 
2 1 21 40 -2.1836426203124685075686e-05 
2 1 22 40 -1.7638428467770764663386e-04 
2 1 23 40 -2.1544012885198275111462e-04 
2 1 24 40 -3.4605021760929520263303e-04 
2 1 25 40 6.3737155355044307954854e-04 
2 1 26 40 -3.1289790339259653841053e-04 
2 1 27 40 8.7820909908511421209862e-05 
2 1 28 40 -3.7671006502140621770638e-04 
2 1 29 40 2.5053163921448724001800e-04 
2 1 30 40 -5.5843375605304948310070e-04 
2 1 31 40 1.1159212474588626161365e-03 
2 1 32 40 -2.0011654834422843541415e-05 
2 1 33 40 -1.3057761510531590504539e-04 
2 1 34 40 -3.1742485476630771714518e-04 
2 1 35 40 7.4293243964061451674666e-05 
2 1 36 40 4.3412574747072197722114e-04 
2 1 37 40 4.6196239930451041570333e-04 
2 1 38 40 -8.5863099691758297364597e-04 
2 1 39 40 -5.2403030641303750304660e-04 
2 1 40 40 3.9972973413501838206921e-05 
2 1 1 41 4.7414587327838680907988e-02 
2 1 2 41 -1.3457105440559972639458e-02 
2 1 3 41 -4.5240819569165122843168e-03 
2 1 4 41 7.6460372962076517816543e-03 
2 1 5 41 -3.8013285749900218267461e-03 
2 1 6 41 9.2347120170618388762529e-03 
2 1 7 41 -2.4495204549230664009540e-03 
2 1 8 41 5.6778183895454222354648e-03 
2 1 9 41 -8.0024546669667126442757e-05 
2 1 10 41 2.7181113615268193833829e-03 
2 1 11 41 -1.6406903439045689152564e-02 
2 1 12 41 1.2782616497487076824557e-03 
2 1 13 41 -7.1696873983757446104764e-04 
2 1 14 41 1.9096932586235425711313e-03 
2 1 15 41 -1.9795995586764166158933e-03 
2 1 16 41 -8.0465624539653290286934e-03 
2 1 17 41 -2.0011981658220952436100e-03 
2 1 18 41 6.7826783160740075628858e-03 
2 1 19 41 2.3356713869381096927713e-03 
2 1 20 41 -3.1713430043074477063247e-03 
2 1 21 41 1.6376513112472610963002e-04 
2 1 22 41 1.3228169866209172223642e-03 
2 1 23 41 1.6157213924468197003420e-03 
2 1 24 41 2.5952488166044365008878e-03 
2 1 25 41 -4.7800512350976267009206e-03 
2 1 26 41 2.3466187049605794628926e-03 
2 1 27 41 -6.5862438719953525327611e-04 
2 1 28 41 2.8251863478195868642495e-03 
2 1 29 41 -1.8788947589319523155671e-03 
2 1 30 41 4.1880469099572518662522e-03 
2 1 31 41 -8.3689971845680617701380e-03 
2 1 32 41 1.5008001984835638367710e-04 
2 1 33 41 9.7928388376195929336532e-04 
2 1 34 41 2.3805691682101284660511e-03 
2 1 35 41 -5.5717188913063063482323e-04 
2 1 36 41 -3.2557827594056269575329e-03 
2 1 37 41 -3.4645473665454785440476e-03 
2 1 38 41 6.4394153370137489217351e-03 
2 1 39 41 3.9300337447519782807515e-03 
2 1 40 41 -2.9976717493995108003782e-04 
2 1 41 41 2.2481451399820810525820e-03 
2 1 1 42 -5.5800862072300479524434e-03 
2 1 2 42 1.5837279767701411669484e-03 
2 1 3 42 5.3242617411427065055030e-04 
2 1 4 42 -8.9984010535686868685612e-04 
2 1 5 42 4.4736741045085673482845e-04 
2 1 6 42 -1.0868066571549218988363e-03 
2 1 7 42 2.8827700661688128273841e-04 
2 1 8 42 -6.6820609158940247676584e-04 
2 1 9 42 9.4178583907884742874948e-06 
2 1 10 42 -3.1988669675220190698542e-04 
2 1 11 42 1.9308812064640920938552e-03 
2 1 12 42 -1.5043493158920873218470e-04 
2 1 13 42 8.4377985798346486000059e-05 
2 1 14 42 -2.2474629883004106772892e-04 
2 1 15 42 2.3297336992160604953427e-04 
2 1 16 42 9.4697675748038211054197e-04 
2 1 17 42 2.3551524778285952183184e-04 
2 1 18 42 -7.9823387384795523123021e-04 
2 1 19 42 -2.7487843774236594843532e-04 
2 1 20 42 3.7322622327963088937133e-04 
2 1 21 42 -1.9273046564677718568833e-05 
2 1 22 42 -1.5567852084624395135430e-04 
2 1 23 42 -1.9014959667118099483595e-04 
2 1 24 42 -3.0542735773979415607113e-04 
2 1 25 42 5.6255046115651140097025e-04 
2 1 26 42 -2.7616679606721426234670e-04 
2 1 27 42 7.7511606994408387377553e-05 
2 1 28 42 -3.3248804346477537708174e-04 
2 1 29 42 2.2112171211489823068226e-04 
2 1 30 42 -4.9287917737003716402155e-04 
2 1 31 42 9.8492317216765661209987e-04 
2 1 32 42 -1.7662485237849295799514e-05 
2 1 33 42 -1.1524909950095350440365e-04 
2 1 34 42 -2.8016232829442146547508e-04 
2 1 35 42 6.5571954725600619198235e-05 
2 1 36 42 3.8316369483257884743024e-04 
2 1 37 42 4.0773260011070299813421e-04 
2 1 38 42 -7.5783624259445614684133e-04 
2 1 39 42 -4.6251435115123934937661e-04 
2 1 40 42 3.5278735354100789302963e-05 
2 1 41 42 -2.6457748476957636696999e-04 
2 1 42 42 3.1139410371261455352104e-05 
2 1 1 43 1.8273016831039608220966e-02 
2 1 2 43 -5.1862080442077376080112e-03 
2 1 3 43 -1.7435272645555759379182e-03 
2 1 4 43 2.9466916423487856876995e-03 
2 1 5 43 -1.4649867255160310859641e-03 
2 1 6 43 3.5589479446655209599060e-03 
2 1 7 43 -9.4401598797644325784112e-04 
2 1 8 43 2.1881635345338988282715e-03 
2 1 9 43 -3.0840506489710987480125e-05 
2 1 10 43 1.0475277220995218071392e-03 
2 1 11 43 -6.3230250347639091121343e-03 
2 1 12 43 4.9262680446480935220199e-04 
2 1 13 43 -2.7631120692448460449825e-04 
2 1 14 43 7.3597302061643380798744e-04 
2 1 15 43 -7.6291407545740427560005e-04 
2 1 16 43 -3.1010492643682866301114e-03 
2 1 17 43 -7.7123792122182118630169e-04 
2 1 18 43 2.6139633816105868439894e-03 
2 1 19 43 9.0013991411961962168381e-04 
2 1 20 43 -1.2221977952486650503827e-03 
2 1 21 43 6.3113129651195978668532e-05 
2 1 22 43 5.0979790024908587433433e-04 
2 1 23 43 6.2267976718457910840360e-04 
2 1 24 43 1.0001779616608565126601e-03 
2 1 25 43 -1.8421747735192714467978e-03 
2 1 26 43 9.0435888000653960692304e-04 
2 1 27 43 -2.5382598881260628846668e-04 
2 1 28 43 1.0887931456111264640757e-03 
2 1 29 43 -7.2410364591653177037539e-04 
2 1 30 43 1.6140233625928914959480e-03 
2 1 31 43 -3.2253117665066461522416e-03 
2 1 32 43 5.7839050875419660460285e-05 
2 1 33 43 3.7740433691050082054552e-04 
2 1 34 43 9.1744298389405756505993e-04 
2 1 35 43 -2.1472740524914834506394e-04 
2 1 36 43 -1.2547398704427187125787e-03 
2 1 37 43 -1.3351952618102717711135e-03 
2 1 38 43 2.4816739207644709572231e-03 
2 1 39 43 1.5145881639307696552715e-03 
2 1 40 43 -1.1552669635605501772656e-04 
2 1 41 43 8.6640755227838960658010e-04 
2 1 42 43 -1.0196500918336458957596e-04 
2 1 43 43 3.3390519242887069847198e-04 
2 1 1 44 1.8657961677118372473272e-02 
2 1 2 44 -5.2954622563485022335161e-03 
2 1 3 44 -1.7802569321684487933799e-03 
2 1 4 44 3.0087675311412038006709e-03 
2 1 5 44 -1.4958485746992141417200e-03 
2 1 6 44 3.6339218081183444035431e-03 
2 1 7 44 -9.6390291155056255934658e-04 
2 1 8 44 2.2342600429968891007082e-03 
2 1 9 44 -3.1490201837415614770106e-05 
2 1 10 44 1.0695952548706729682421e-03 
2 1 11 44 -6.4562277741509388126473e-03 
2 1 12 44 5.0300462828953968179996e-04 
2 1 13 44 -2.8213206157605945226599e-04 
2 1 14 44 7.5147724872276153162964e-04 
2 1 15 44 -7.7898585189497507753204e-04 
2 1 16 44 -3.1663768970625833301669e-03 
2 1 17 44 -7.8748505028758614739809e-04 
2 1 18 44 2.6690299171965707093757e-03 
2 1 19 44 9.1910253117918699027056e-04 
2 1 20 44 -1.2479449801016122452435e-03 
2 1 21 44 6.4442689745382991921979e-05 
2 1 22 44 5.2053745552106060311831e-04 
2 1 23 44 6.3579732567815383601634e-04 
2 1 24 44 1.0212480101954237061979e-03 
2 1 25 44 -1.8809825791049304688496e-03 
2 1 26 44 9.2341037506525668141638e-04 
2 1 27 44 -2.5917316312419852279703e-04 
2 1 28 44 1.1117299881546526072601e-03 
2 1 29 44 -7.3935783022006928977277e-04 
2 1 30 44 1.6480248622152979601219e-03 
2 1 31 44 -3.2932571502927022837059e-03 
2 1 32 44 5.9057505646319764574734e-05 
2 1 33 44 3.8535484971990064013980e-04 
2 1 34 44 9.3677011260447594614281e-04 
2 1 35 44 -2.1925091708777536621440e-04 
2 1 36 44 -1.2811725963993978762157e-03 
2 1 37 44 -1.3633228851411701397500e-03 
2 1 38 44 2.5339536069421625744114e-03 
2 1 39 44 1.5464949318732576326318e-03 
2 1 40 44 -1.1796041634646496978900e-04 
2 1 41 44 8.8465955329919572763114e-04 
2 1 42 44 -1.0411303460951544627884e-04 
2 1 43 44 3.4093724775887730314358e-04 
2 1 44 44 3.4812158226765928248359e-04 
2 1 1 45 1.4373485663208731069607e-02 
2 1 2 45 -4.0794515574031032720259e-03 
2 1 3 45 -1.3714519267521148131184e-03 
2 1 4 45 2.3178564583409078450615e-03 
2 1 5 45 -1.1523529962620753745034e-03 
2 1 6 45 2.7994549412257950515848e-03 
2 1 7 45 -7.4255939205235558988466e-04 
2 1 8 45 1.7212011285927186158423e-03 
2 1 9 45 -2.4259025314471170843436e-05 
2 1 10 45 8.2398132911666078798812e-04 
2 1 11 45 -4.9736674860884717494502e-03 
2 1 12 45 3.8749837406483461773807e-04 
2 1 13 45 -2.1734534631230714631783e-04 
2 1 14 45 5.7891358379145269833638e-04 
2 1 15 45 -6.0010531524385128838983e-04 
2 1 16 45 -2.4392735777809490017864e-03 
2 1 17 45 -6.0665282071948060851202e-04 
2 1 18 45 2.0561336716940388502639e-03 
2 1 19 45 7.0804663893828080015874e-04 
2 1 20 45 -9.6137614549619669363639e-04 
2 1 21 45 4.9644548165723087203120e-05 
2 1 22 45 4.0100509281626228524562e-04 
2 1 23 45 4.8979754077578259267856e-04 
2 1 24 45 7.8673618732565922702371e-04 
2 1 25 45 -1.4490476827737643582272e-03 
2 1 26 45 7.1136526148704473486439e-04 
2 1 27 45 -1.9965855911380968540705e-04 
2 1 28 45 8.5644055458088466648015e-04 
2 1 29 45 -5.6957717871626665096657e-04 
2 1 30 45 1.2695846491481031434456e-03 
2 1 31 45 -2.5370179901828661742091e-03 
2 1 32 45 4.5495977824484696281672e-05 
2 1 33 45 2.9686481854497895858935e-04 
2 1 34 45 7.2165716792931054561488e-04 
2 1 35 45 -1.6890376172608751207879e-04 
2 1 36 45 -9.8697361829326504117921e-04 
2 1 37 45 -1.0502595236827289102571e-03 
2 1 38 45 1.9520752840480870820422e-03 
2 1 39 45 1.1913692994002479316751e-03 
2 1 40 45 -9.0872860740268089087789e-05 
2 1 41 45 6.8151289118364652159371e-04 
2 1 42 45 -8.0205289099089457373858e-05 
2 1 43 45 2.6264694544451841571459e-04 
2 1 44 45 2.6817994467075910664314e-04 
2 1 45 45 2.0659913841915560506896e-04 
2 1 1 46 1.2076468118854696842668e-01 
2 1 2 46 -3.4275170149919480244716e-02 
2 1 3 46 -1.1522810721102706710273e-02 
2 1 4 46 1.9474413012345519885526e-02 
2 1 5 46 -9.6819620147163137913182e-03 
2 1 6 46 2.3520758388077989131659e-02 
2 1 7 46 -6.2389145086985736340934e-03 
2 1 8 46 1.4461370778552296717523e-02 
2 1 9 46 -2.0382206005505409756283e-04 
2 1 10 46 6.9230140028451831943346e-03 
2 1 11 46 -4.1788288684404491235558e-02 
2 1 12 46 3.2557250691669210006240e-03 
2 1 13 46 -1.8261152562600135428744e-03 
2 1 14 46 4.8639777448865962120039e-03 
2 1 15 46 -5.0420286890102763988075e-03 
2 1 16 46 -2.0494548285276619620232e-02 
2 1 17 46 -5.0970402171720500389407e-03 
2 1 18 46 1.7275442656108967731665e-02 
2 1 19 46 5.9489415874169424697238e-03 
2 1 20 46 -8.0773923899545071319883e-03 
2 1 21 46 4.1710884697432082943505e-04 
2 1 22 46 3.3692072558917976997372e-03 
2 1 23 46 4.1152330927025125920093e-03 
2 1 24 46 6.6100838076507458657138e-03 
2 1 25 46 -1.2174763000258263800912e-02 
2 1 26 46 5.9768243434496493016184e-03 
2 1 27 46 -1.6775125256959550097691e-03 
2 1 28 46 7.1957333770223171759417e-03 
2 1 29 46 -4.7855341433294673603172e-03 
2 1 30 46 1.0666931389418897457855e-02 
2 1 31 46 -2.1315787689431289070319e-02 
2 1 32 46 3.8225294727211732610794e-04 
2 1 33 46 2.4942304189613647910639e-03 
2 1 34 46 6.0632959780583450468128e-03 
2 1 35 46 -1.4191135966836695460336e-03 
2 1 36 46 -8.2924599604800794394599e-03 
2 1 37 46 -8.8241822140215381981010e-03 
2 1 38 46 1.6401153822940051085766e-02 
2 1 39 46 1.0009773341769541074586e-02 
2 1 40 46 -7.6350527026857828525458e-04 
2 1 41 46 5.7260075223329433627417e-03 
2 1 42 46 -6.7387733182074224195374e-04 
2 1 43 46 2.2067350519534450516146e-03 
2 1 44 46 2.2532227935653254685677e-03 
2 1 45 46 1.7358094136855483236720e-03 
2 1 46 46 1.4584110272317795872765e-02 
2 1 1 47 1.4788285736950261203826e-02 
2 1 2 47 -4.1971792155707570923240e-03 
2 1 3 47 -1.4110302429434270609504e-03 
2 1 4 47 2.3847467765539111066164e-03 
2 1 5 47 -1.1856084027115562640198e-03 
2 1 6 47 2.8802435643382035511395e-03 
2 1 7 47 -7.6398868886998086511625e-04 
2 1 8 47 1.7708727511756650139368e-03 
2 1 9 47 -2.4959109185921838871451e-05 
2 1 10 47 8.4776035698003475351431e-04 
2 1 11 47 -5.1172010511774199820190e-03 
2 1 12 47 3.9868107239584871541102e-04 
2 1 13 47 -2.2361764989893741098839e-04 
2 1 14 47 5.9562027574310114248768e-04 
2 1 15 47 -6.1742357296146231984690e-04 
2 1 16 47 -2.5096678359064648541898e-03 
2 1 17 47 -6.2416003091652131045536e-04 
2 1 18 47 2.1154710111971645677964e-03 
2 1 19 47 7.2847994265637816980324e-04 
2 1 20 47 -9.8912020879365620922019e-04 
2 1 21 47 5.1077225160191881865590e-05 
2 1 22 47 4.1257757745696973725180e-04 
2 1 23 47 5.0393245980605403007424e-04 
2 1 24 47 8.0944036891141891206652e-04 
2 1 25 47 -1.4908653114098081686467e-03 
2 1 26 47 7.3189433632915394927626e-04 
2 1 27 47 -2.0542044506020377373119e-04 
2 1 28 47 8.8115631341067969690972e-04 
2 1 29 47 -5.8601443417878520004277e-04 
2 1 30 47 1.3062232083972185551352e-03 
2 1 31 47 -2.6102330247311741374949e-03 
2 1 32 47 4.6808932482716621972709e-05 
2 1 33 47 3.0543195052041340617835e-04 
2 1 34 47 7.4248325378539422898100e-04 
2 1 35 47 -1.7377810428020689465997e-04 
2 1 36 47 -1.0154563913130972441917e-03 
2 1 37 47 -1.0805686454976592969501e-03 
2 1 38 47 2.0084096340272851628772e-03 
2 1 39 47 1.2257506655367553238811e-03 
2 1 40 47 -9.3495333132796533989577e-05 
2 1 41 47 7.0118046550365865574039e-04 
2 1 42 47 -8.2519909269332530356821e-05 
2 1 43 47 2.7022659417351375986741e-04 
2 1 44 47 2.7591926855029448193909e-04 
2 1 45 47 2.1255921302348824899336e-04 
2 1 46 47 1.7859026123479319284743e-03 
2 1 47 47 2.1869544334758496840349e-04 
2 1 1 48 1.6472932292337572057761e-01 
2 1 2 48 -4.6753119507387926045983e-02 
2 1 3 48 -1.5717714729010349300475e-02 
2 1 4 48 2.6564114924008917772991e-02 
2 1 5 48 -1.3206701094701482276927e-02 
2 1 6 48 3.2083541030205262045705e-02 
2 1 7 48 -8.5102047443007793753322e-03 
2 1 8 48 1.9726063890944420947671e-02 
2 1 9 48 -2.7802391907362462375800e-04 
2 1 10 48 9.4433521295619708701974e-03 
2 1 11 48 -5.7001404991589198212321e-02 
2 1 12 48 4.4409787778199386054645e-03 
2 1 13 48 -2.4909164399987411379900e-03 
2 1 14 48 6.6347192966011532197501e-03 
2 1 15 48 -6.8775900696011350171633e-03 
2 1 16 48 -2.7955632635531059426715e-02 
2 1 17 48 -6.9526286628212993420894e-03 
2 1 18 48 2.3564604683544865953992e-02 
2 1 19 48 8.1146665578151130904239e-03 
2 1 20 48 -1.1017984449495022564181e-02 
2 1 21 48 5.6895821916802232290356e-04 
2 1 22 48 4.5957743985185622870304e-03 
2 1 23 48 5.6133925445831867398483e-03 
2 1 24 48 9.0164990242556329602674e-03 
2 1 25 48 -1.6607011636572032581283e-02 
2 1 26 48 8.1527000911072941558011e-03 
2 1 27 48 -2.2882145659950080263112e-03 
2 1 28 48 9.8153555780382938794615e-03 
2 1 29 48 -6.5277181333057016088262e-03 
2 1 30 48 1.4550250687166355750835e-02 
2 1 31 48 -2.9075846009780657863697e-02 
2 1 32 48 5.2141295426673492808406e-04 
2 1 33 48 3.4022603635984268073689e-03 
2 1 34 48 8.2706519101406177768565e-03 
2 1 35 48 -1.9357449515233582457846e-03 
2 1 36 48 -1.1311347831294856977613e-02 
2 1 37 48 -1.2036644714018563881441e-02 
2 1 38 48 2.2372029121634218196135e-02 
2 1 39 48 1.3653852839902431634544e-02 
2 1 40 48 -1.0414610048397146026267e-03 
2 1 41 48 7.8105728672061298240026e-03 
2 1 42 48 -9.1920382277107170673758e-04 
2 1 43 48 3.0101016903445985961607e-03 
2 1 44 48 3.0735133942020017097652e-03 
2 1 45 48 2.3677345613492203901806e-03 
2 1 46 48 1.9893484165246635292368e-02 
2 1 47 48 2.4360642966452261161392e-03 
2 1 48 48 2.7135751881795358575467e-02 
2 1 1 49 6.6626679216735026911600e-02 
2 1 2 49 -1.8909839732962188674215e-02 
2 1 3 49 -6.3572114465439803765445e-03 
2 1 4 49 1.0744163408852773836100e-02 
2 1 5 49 -5.3416029504187107282420e-03 
2 1 6 49 1.2976559111766386434006e-02 
2 1 7 49 -3.4420507017503413141335e-03 
2 1 8 49 7.9784346086465545572208e-03 
2 1 9 49 -1.1244998851427497272085e-04 
2 1 10 49 3.8194729505424017054760e-03 
2 1 11 49 -2.3054877285232200367915e-02 
2 1 12 49 1.7962052122060256920122e-03 
2 1 13 49 -1.0074799535276742802614e-03 
2 1 14 49 2.6834889285215278269259e-03 
2 1 15 49 -2.7817208206741949466645e-03 
2 1 16 49 -1.1306978835667337926485e-02 
2 1 17 49 -2.8120710472800611312572e-03 
2 1 18 49 9.5309768124890587026599e-03 
2 1 19 49 3.2820707091098890763325e-03 
2 1 20 49 -4.4563511978553084144639e-03 
2 1 21 49 2.3012172989908714904050e-04 
2 1 22 49 1.8588140907069121161160e-03 
2 1 23 49 2.2704015153363087987926e-03 
2 1 24 49 3.6468272769294412388730e-03 
2 1 25 49 -6.7168978626419035410366e-03 
2 1 26 49 3.2974538113843729868202e-03 
2 1 27 49 -9.2549483699708656129351e-04 
2 1 28 49 3.9699340462920626806942e-03 
2 1 29 49 -2.6402110709052547046771e-03 
2 1 30 49 5.8850171168848145267227e-03 
2 1 31 49 -1.1760062086517208274072e-02 
2 1 32 49 2.1089149780297052733623e-04 
2 1 33 49 1.3760835401644049089814e-03 
2 1 34 49 3.3451607883226513150132e-03 
2 1 35 49 -7.8293442625605258553684e-04 
2 1 36 49 -4.5750054094203405560815e-03 
2 1 37 49 -4.8683601193441417356866e-03 
2 1 38 49 9.0486258382056483640099e-03 
2 1 39 49 5.5224586436249797558040e-03 
2 1 40 49 -4.2123094452631689105573e-04 
2 1 41 49 3.1590765000857725167127e-03 
2 1 42 49 -3.7178261373084335334599e-04 
2 1 43 49 1.2174704307236737521603e-03 
2 1 44 49 1.2431180274995010277828e-03 
2 1 45 49 9.5765761850894652942867e-04 
2 1 46 49 8.0461496742605803644821e-03 
2 1 47 49 9.8529436996120040373470e-04 
2 1 48 49 1.0975367756005697042476e-02 
2 1 49 49 4.4391164321816488705363e-03 
2 1 1 50 -6.2931837455361044897373e-02 
2 1 2 50 1.7861177749990554686210e-02 
2 1 3 50 6.0046666309429138838616e-03 
2 1 4 50 -1.0148336269923650260205e-02 
2 1 5 50 5.0453796073689364046211e-03 
2 1 6 50 -1.2256932483383419993372e-02 
2 1 7 50 3.2511687183301102646582e-03 
2 1 8 50 -7.5359834204892532302789e-03 
2 1 9 50 1.0621397437529925733470e-04 
2 1 10 50 -3.6076606805927708895854e-03 
2 1 11 50 2.1776348557727590732336e-02 
2 1 12 50 -1.6965950544122168804073e-03 
2 1 13 50 9.5160925653657905086413e-04 
2 1 14 50 -2.5346736629875401755618e-03 
2 1 15 50 2.6274580181821706632850e-03 
2 1 16 50 1.0679940266611604934854e-02 
2 1 17 50 2.6561251459746334883938e-03 
2 1 18 50 -9.0024280154085718069767e-03 
2 1 19 50 -3.1000605584860841702766e-03 
2 1 20 50 4.2092202781883860177037e-03 
2 1 21 50 -2.1736012467087642520067e-04 
2 1 22 50 -1.7557319018643175595473e-03 
2 1 23 50 -2.1444943797478293635861e-03 
2 1 24 50 -3.4445892263808802584435e-03 
2 1 25 50 6.3444063168897725860096e-03 
2 1 26 50 -3.1145905771404382850198e-03 
2 1 27 50 8.7417069757015914820836e-04 
2 1 28 50 -3.7497778224402796530546e-03 
2 1 29 50 2.4937958174616704429272e-03 
2 1 30 50 -5.5586582578587787756286e-03 
2 1 31 50 1.1107897382761388813122e-02 
2 1 32 50 -1.9919632220122222691396e-04 
2 1 33 50 -1.2997716033980608128090e-03 
2 1 34 50 -3.1596519212365478494753e-03 
2 1 35 50 7.3951610121634624335496e-04 
2 1 36 50 4.3212944149064033347307e-03 
2 1 37 50 4.5983808784480582204646e-03 
2 1 38 50 -8.5468262434623288453794e-03 
2 1 39 50 -5.2162057872346592052315e-03 
2 1 40 50 3.9787120780649618554184e-04 
2 1 41 50 -2.9838871027285606384039e-03 
2 1 42 50 3.5116507818030149624955e-04 
2 1 43 50 -1.1499545250300549290023e-03 
2 1 44 50 -1.1741798115127693308279e-03 
2 1 45 50 -9.0454986342401180136191e-04 
2 1 46 50 -7.5999432869061044060199e-03 
2 1 47 50 -9.3065399424118540241263e-04 
2 1 48 50 -1.0366718974345528331282e-02 
2 1 49 50 -4.1929393466580431107382e-03 
2 1 50 50 3.9604182141920437135174e-03 
2 1 1 51 -5.5308451238798994609169e-01 
2 1 2 51 1.5697524791860642534580e-01 
2 1 3 51 5.2772781630334962554851e-02 
2 1 4 51 -8.9189952881662384887029e-02 
2 1 5 51 4.4341964779486132963715e-02 
2 1 6 51 -1.0772162072580880598505e-01 
2 1 7 51 2.8573312618500618792483e-02 
2 1 8 51 -6.6230955332295282644850e-02 
2 1 9 51 9.3347511532333943620743e-04 
2 1 10 51 -3.1706387880416124491756e-02 
2 1 11 51 1.9138422793049508774388e-01 
2 1 12 51 -1.4910742897902132253485e-02 
2 1 13 51 8.3633398120428626559830e-03 
2 1 14 51 -2.2276304071854508698225e-02 
2 1 15 51 2.3091751259241340837880e-02 
2 1 16 51 9.3862022682583368116127e-02 
2 1 17 51 2.3343695982894215046333e-02 
2 1 18 51 -7.9118991444386721489934e-02 
2 1 19 51 -2.7245279205135527339499e-02 
2 1 20 51 3.6993271438273293838517e-02 
2 1 21 51 -1.9102972903255258096955e-03 
2 1 22 51 -1.5430474654668475259500e-02 
2 1 23 51 -1.8847163475608559590757e-02 
2 1 24 51 -3.0273213522506118439148e-02 
2 1 25 51 5.5758627366589694207555e-02 
2 1 26 51 -2.7372978134761378338213e-02 
2 1 27 51 7.6827611199563536348300e-03 
2 1 28 51 -3.2955402580749006136163e-02 
2 1 29 51 2.1917043891724156956524e-02 
2 1 30 51 -4.8852979928641807050305e-02 
2 1 31 51 9.7623178601105142782046e-02 
2 1 32 51 -1.7506623863047224200912e-03 
2 1 33 51 -1.1423209182333101882612e-02 
2 1 34 51 -2.7769005527805791511131e-02 
2 1 35 51 6.4993319563318883644309e-03 
2 1 36 51 3.7978249340785093235429e-02 
2 1 37 51 4.0413459208698973568197e-02 
2 1 38 51 -7.5114876928284529666868e-02 
2 1 39 51 -4.5843292536857732644151e-02 
2 1 40 51 3.4967420603119652236512e-03 
2 1 41 51 -2.6224273912295429506125e-02 
2 1 42 51 3.0862592590087797525533e-03 
2 1 43 51 -1.0106522603853069705582e-02 
2 1 44 51 -1.0319429636342820205686e-02 
2 1 45 51 -7.9497523093515660985720e-03 
2 1 46 51 -6.6793074808858446389515e-02 
2 1 47 51 -8.1791718058753966336116e-03 
2 1 48 51 -9.1109237245078966704881e-02 
2 1 49 51 -3.6850184386618863030538e-02 
2 1 50 51 3.4806624632678563602273e-02 
2 1 51 51 3.0590247992233876583867e-01 
2 1 1 52 -6.5336949837919183758927e-02 
2 1 2 52 1.8543791535167962469810e-02 
2 1 3 52 6.2341513981318385367869e-03 
2 1 4 52 -1.0536182711599074643405e-02 
2 1 5 52 5.2382025958443243635054e-03 
2 1 6 52 -1.2725364699570900633985e-02 
2 1 7 52 3.3754210277877521109713e-03 
2 1 8 52 -7.8239916492689760146861e-03 
2 1 9 52 1.1027323206266521936954e-04 
2 1 10 52 -3.7455373059354854503589e-03 
2 1 11 52 2.2608591309264014501679e-02 
2 1 12 52 -1.7614350771820593520578e-03 
2 1 13 52 9.8797760837242699742677e-04 
2 1 14 52 -2.6315431532025600896985e-03 
2 1 15 52 2.7278735164371582452847e-03 
2 1 16 52 1.1088103409765173376633e-02 
2 1 17 52 2.7576362369663592367941e-03 
2 1 18 52 -9.3464804373374014284659e-03 
2 1 19 52 -3.2185378561048563240965e-03 
2 1 20 52 4.3700871497328016082595e-03 
2 1 21 52 -2.2566713664539528186662e-04 
2 1 22 52 -1.8228320010886800688760e-03 
2 1 23 52 -2.2264521009206211105136e-03 
2 1 24 52 -3.5762336298526763676831e-03 
2 1 25 52 6.5868751658814412436316e-03 
2 1 26 52 -3.2336231791837712588877e-03 
2 1 27 52 9.0757952296297884908771e-04 
2 1 28 52 -3.8930858432650351785842e-03 
2 1 29 52 2.5891030489468987683954e-03 
2 1 30 52 -5.7710975945596786063074e-03 
2 1 31 52 1.1532416078221620348021e-02 
2 1 32 52 -2.0680915475876465964115e-04 
2 1 33 52 -1.3494459320722840527801e-03 
2 1 34 52 -3.2804066658557624880377e-03 
2 1 35 52 7.6777873272457686140008e-04 
2 1 36 52 4.4864445062785729065324e-03 
2 1 37 52 4.7741205872769872098349e-03 
2 1 38 52 -8.8734665969130866597370e-03 
2 1 39 52 -5.4155573656427778705957e-03 
2 1 40 52 4.1307694479514854308394e-04 
2 1 41 52 -3.0979245138246279747674e-03 
2 1 42 52 3.6458581261305335113540e-04 
2 1 43 52 -1.1939031840770858872852e-03 
2 1 44 52 -1.2190543061757013430790e-03 
2 1 45 52 -9.3911971177311850435265e-04 
2 1 46 52 -7.8903959170083873275736e-03 
2 1 47 52 -9.6622148338393473113866e-04 
2 1 48 52 -1.0762911508678972213882e-02 
2 1 49 52 -4.3531839978509468888634e-03 
2 1 50 52 4.1117743070289963086550e-03 
2 1 51 52 3.6136855042024053352723e-02 
2 1 52 52 4.2689190628376850675241e-03 
2 1 1 53 -6.7124457857605816443747e-03 
2 1 2 53 1.9051118188259926009703e-03 
2 1 3 53 6.4047071961564471399148e-04 
2 1 4 53 -1.0824434782450037019486e-03 
2 1 5 53 5.3815109255420123281211e-04 
2 1 6 53 -1.3073509072859623800916e-03 
2 1 7 53 3.4677668163799087175381e-04 
2 1 8 53 -8.0380427773629867151811e-04 
2 1 9 53 1.1329012047202398997810e-05 
2 1 10 53 -3.8480088475211274810783e-04 
2 1 11 53 2.3227123983032478028721e-03 
2 1 12 53 -1.8096249503615009952828e-04 
2 1 13 53 1.0150069983671863318130e-04 
2 1 14 53 -2.7035377060883404630801e-04 
2 1 15 53 2.8025035045130763065868e-04 
2 1 16 53 1.1391455093877097919097e-03 
2 1 17 53 2.8330804825453764599075e-04 
2 1 18 53 -9.6021842738193310777539e-04 
2 1 19 53 -3.3065915874731609388690e-04 
2 1 20 53 4.4896453146954252164461e-04 
2 1 21 53 -2.3184100637048943429957e-05 
2 1 22 53 -1.8727015898676227360388e-04 
2 1 23 53 -2.2873640503721372977536e-04 
2 1 24 53 -3.6740733103013650372864e-04 
2 1 25 53 6.7670808873437383879068e-04 
2 1 26 53 -3.3220896193798940196351e-04 
2 1 27 53 9.3240935783932705474206e-05 
2 1 28 53 -3.9995940623268092743020e-04 
2 1 29 53 2.6599365126342715184155e-04 
2 1 30 53 -5.9289850266828461513441e-04 
2 1 31 53 1.1847923402596583896534e-03 
2 1 32 53 -2.1246710211616787465942e-05 
2 1 33 53 -1.3863644817091398718858e-04 
2 1 34 53 -3.3701530228191122406586e-04 
2 1 35 53 7.8878385533121594258565e-05 
2 1 36 53 4.6091860109668804324975e-04 
2 1 37 53 4.9047324211302283179098e-04 
2 1 38 53 -9.1162295777952632395286e-04 
2 1 39 53 -5.5637178207324714928478e-04 
2 1 40 53 4.2437802869025603052545e-05 
2 1 41 53 -3.1826784689232683620355e-04 
2 1 42 53 3.7456026145901546769903e-05 
2 1 43 53 -1.2265663482064257218743e-04 
2 1 44 53 -1.2524055623045572465876e-04 
2 1 45 53 -9.6481243266695023222401e-05 
2 1 46 53 -8.1062637531277874011759e-04 
2 1 47 53 -9.9265566273614621044426e-05 
2 1 48 53 -1.1057366494482039412373e-03 
2 1 49 53 -4.4722797212759366662985e-04 
2 1 50 53 4.2242654711740639005349e-04 
2 1 51 53 3.7125498043482020767148e-03 
2 1 52 53 4.3857073359398985939669e-04 
2 1 53 53 4.5058976719309612565985e-05 
2 1 1 54 1.7911334695992252655228e-03 
2 1 2 54 -5.0835562043078090944254e-04 
2 1 3 54 -1.7090172178901277735136e-04 
2 1 4 54 2.8883670791753714201036e-04 
2 1 5 54 -1.4359898974826597328747e-04 
2 1 6 54 3.4885048479918169756289e-04 
2 1 7 54 -9.2533085671392861825194e-05 
2 1 8 54 2.1448526972309646843225e-04 
2 1 9 54 -3.0230073065591808011826e-06 
2 1 10 54 1.0267937586520221372212e-04 
2 1 11 54 -6.1978719078513227428578e-04 
2 1 12 54 4.8287612585120176370620e-05 
2 1 13 54 -2.7084211398913941637239e-05 
2 1 14 54 7.2140573291045641409445e-05 
2 1 15 54 -7.4781353709418174223120e-05 
2 1 16 54 -3.0396694643497923927350e-04 
2 1 17 54 -7.5597262701472664383345e-05 
2 1 18 54 2.5622245874345512964623e-04 
2 1 19 54 8.8232323234284829147241e-05 
2 1 20 54 -1.1980065458166182159206e-04 
2 1 21 54 6.1863916579648394397108e-06 
2 1 22 54 4.9970735008379969582185e-05 
2 1 23 54 6.1035491958396113432520e-05 
2 1 24 54 9.8038120319751217881903e-05 
2 1 25 54 -1.8057121734254988495126e-04 
2 1 26 54 8.8645869124220620411010e-05 
2 1 27 54 -2.4880195110645534478915e-05 
2 1 28 54 1.0672424058963366811943e-04 
2 1 29 54 -7.0977129154547511746647e-05 
2 1 30 54 1.5820766172253004065197e-04 
2 1 31 54 -3.1614724094541338163949e-04 
2 1 32 54 5.6694228889907925447982e-06 
2 1 33 54 3.6993428379272785561788e-05 
2 1 34 54 8.9928381837326687420729e-05 
2 1 35 54 -2.1047725503576676084122e-05 
2 1 36 54 -1.2299045080355823326979e-04 
2 1 37 54 -1.3087674268522087039912e-04 
2 1 38 54 2.4325535631107382734430e-04 
2 1 39 54 1.4846095629196149625305e-04 
2 1 40 54 -1.1324004918775495688544e-05 
2 1 41 54 8.4925854310127229401285e-05 
2 1 42 54 -9.9946791690187993965682e-06 
2 1 43 54 3.2729412036625194621069e-05 
2 1 44 54 3.3418899634386420305354e-05 
2 1 45 54 2.5744831246177772343707e-05 
2 1 46 54 2.1630566242228612869845e-04 
2 1 47 54 2.6487793541448455741710e-05 
2 1 48 54 2.9505220371247681222446e-04 
2 1 49 54 1.1933727511334508194617e-04 
2 1 50 54 -1.1271932036967537127913e-04 
2 1 51 54 -9.9064818165509526889934e-04 
2 1 52 54 -1.1702719765622260946879e-04 
2 1 53 54 -1.2022886309746055508683e-05 
2 1 54 54 3.2102073942687776565924e-06 
2 1 1 55 7.2108146883934041981856e-03 
2 1 2 55 -2.0465578009381001946265e-03 
2 1 3 55 -6.8802278929201189650033e-04 
2 1 4 55 1.1628100369678185787431e-03 
2 1 5 55 -5.7810639022168569100407e-04 
2 1 6 55 1.4044158308347391185544e-03 
2 1 7 55 -3.7252329022188502812354e-04 
2 1 8 55 8.6348312932223332798881e-04 
2 1 9 55 -1.2170140226420427952310e-05 
2 1 10 55 4.1337061935955906341947e-04 
2 1 11 55 -2.4951633448017230924865e-03 
2 1 12 55 1.9439814620523219752118e-04 
2 1 13 55 -1.0903667018323311859763e-04 
2 1 14 55 2.9042632184891772981900e-04 
2 1 15 55 -3.0105767822342769692023e-04 
2 1 16 55 -1.2237219388401439617436e-03 
2 1 17 55 -3.0434239633302519016655e-04 
2 1 18 55 1.0315103259261779958950e-03 
2 1 19 55 3.5520911376370786598222e-04 
2 1 20 55 -4.8229812819582009841141e-04 
2 1 21 55 2.4905415812138711589277e-05 
2 1 22 55 2.0117412582819219415975e-04 
2 1 23 55 2.4571905410566518938864e-04 
2 1 24 55 3.9468567252127925932062e-04 
2 1 25 55 -7.2695062004847726781775e-04 
2 1 26 55 3.5687398286926976052197e-04 
2 1 27 55 -1.0016365580733604489887e-04 
2 1 28 55 4.2965459286713994675744e-04 
2 1 29 55 -2.8574248325677581265836e-04 
2 1 30 55 6.3691854924717333959194e-04 
2 1 31 55 -1.2727578415551157528518e-03 
2 1 32 55 2.2824182863265908343883e-05 
2 1 33 55 1.4892958077042519693736e-04 
2 1 34 55 3.6203717236166785622964e-04 
2 1 35 55 -8.4734750812524733975563e-05 
2 1 36 55 -4.9513973371558136441634e-04 
2 1 37 55 -5.2688867387132136150402e-04 
2 1 38 55 9.7930686131991371255745e-04 
2 1 39 55 5.9767988396897304709948e-04 
2 1 40 55 -4.5588618819130409846267e-05 
2 1 41 55 3.4189780274769109719157e-04 
2 1 42 55 -4.0236967585596083291349e-05 
2 1 43 55 1.3176333816652109035168e-04 
2 1 44 55 1.3453910411684633671552e-04 
2 1 45 55 1.0364454154367763033789e-04 
2 1 46 55 8.7081173695352043304801e-04 
2 1 47 55 1.0663558800815964441259e-04 
2 1 48 55 1.1878326213449787174259e-03 
2 1 49 55 4.8043263713490861775354e-04 
2 1 50 55 -4.5378981789070342144771e-04 
2 1 51 55 -3.9881899258502251023883e-03 
2 1 52 55 -4.7113263758609007269065e-04 
2 1 53 55 -4.8402202667006896674457e-05 
2 1 54 55 1.2915531531459113431283e-05 
2 1 55 55 5.1997896763579041080720e-05 
2 1 1 56 6.2224009740897735787346e-02 
2 1 2 56 -1.7660283621746389326468e-02 
2 1 3 56 -5.9371289643284754292130e-03 
2 1 4 56 1.0034192555740183844248e-02 
2 1 5 56 -4.9886315500979805034887e-03 
2 1 6 56 1.2119072270542857044928e-02 
2 1 7 56 -3.2146011014245554765489e-03 
2 1 8 56 7.4512222227164897486729e-03 
2 1 9 56 -1.0501932953786737696099e-04 
2 1 10 56 3.5670834097334121019773e-03 
2 1 11 56 -2.1531418429318351787094e-02 
2 1 12 56 1.6775125510515563088954e-03 
2 1 13 56 -9.4090600310632089859492e-04 
2 1 14 56 2.5061648455379369367091e-03 
2 1 15 56 -2.5979056059365112155146e-03 
2 1 16 56 -1.0559817320656280162372e-02 
2 1 17 56 -2.6262502993560652223004e-03 
2 1 18 56 8.9011729384169471779309e-03 
2 1 19 56 3.0651925351049529727687e-03 
2 1 20 56 -4.1618769478542578729718e-03 
2 1 21 56 2.1491536020057781818972e-04 
2 1 22 56 1.7359842550521880147341e-03 
2 1 23 56 2.1203741153971666054401e-03 
2 1 24 56 3.4058461065553436754316e-03 
2 1 25 56 -6.2730474180478995940846e-03 
2 1 26 56 3.0795591269421299270015e-03 
2 1 27 56 -8.6433843663624265567236e-04 
2 1 28 56 3.7076020847989651051113e-03 
2 1 29 56 -2.4657467747960350526459e-03 
2 1 30 56 5.4961370836926334501604e-03 
2 1 31 56 -1.0982960976407300443536e-02 
2 1 32 56 1.9695585563970957111192e-04 
2 1 33 56 1.2851523836110996090037e-03 
2 1 34 56 3.1241136422296049771075e-03 
2 1 35 56 -7.3119837186188629644945e-04 
2 1 36 56 -4.2726905273845249347286e-03 
2 1 37 56 -4.5466604526821340764853e-03 
2 1 38 56 8.4506955609581751315273e-03 
2 1 39 56 5.1575363574223268697816e-03 
2 1 40 56 -3.9339613955710443782277e-04 
2 1 41 56 2.9503257437480789188156e-03 
2 1 42 56 -3.4721533851373082880942e-04 
2 1 43 56 1.1370203772901957012947e-03 
2 1 44 56 1.1609731891423099268967e-03 
2 1 45 56 8.9437591191815208994942e-04 
2 1 46 56 7.5144626986325419731871e-03 
2 1 47 56 9.2018643574717079707675e-04 
2 1 48 56 1.0250118994195608554398e-02 
2 1 49 56 4.1457791365857856943911e-03 
2 1 50 56 -3.9158712668349686392144e-03 
2 1 51 56 -3.4415136086369917112204e-02 
2 1 52 56 -4.0655270031552228141014e-03 
2 1 53 56 -4.1767529195841317625829e-04 
2 1 54 56 1.1145150645959008711434e-04 
2 1 55 56 4.4868580341040004751813e-04 
2 1 56 56 3.8718294369105479141302e-03 
2 1 1 57 4.5777541682678411782970e-02 
2 1 2 57 -1.2992482692594065074587e-02 
2 1 3 57 -4.3678825869903304887631e-03 
2 1 4 57 7.3820486639341242537937e-03 
2 1 5 57 -3.6700831347105705888823e-03 
2 1 6 57 8.9158724796150300162534e-03 
2 1 7 57 -2.3649478155845296556414e-03 
2 1 8 57 5.4817848818751267053750e-03 
2 1 9 57 -7.7261602963636069781039e-05 
2 1 10 57 2.6242652981480186179242e-03 
2 1 11 57 -1.5840435367948855344133e-02 
2 1 12 57 1.2341281291376802846382e-03 
2 1 13 57 -6.9221453191519333875137e-04 
2 1 14 57 1.8437588023979599536478e-03 
2 1 15 57 -1.9112515033767828436656e-03 
2 1 16 57 -7.7687452089749793257556e-03 
2 1 17 57 -1.9321043926376897485742e-03 
2 1 18 57 6.5484981908083732607406e-03 
2 1 19 57 2.2550295235791626390076e-03 
2 1 20 57 -3.0618485734350588123309e-03 
2 1 21 57 1.5811094303945860488868e-04 
2 1 22 57 1.2771451394250575833017e-03 
2 1 23 57 1.5599366684122312112087e-03 
2 1 24 57 2.5056447303355030252481e-03 
2 1 25 57 -4.6150142180304103145527e-03 
2 1 26 57 2.2655988722823862564770e-03 
2 1 27 57 -6.3588458821306882793462e-04 
2 1 28 57 2.7276433917776858953386e-03 
2 1 29 57 -1.8140236579444668149619e-03 
2 1 30 57 4.0434495541210061994586e-03 
2 1 31 57 -8.0800474927648462120100e-03 
2 1 32 57 1.4489832668672245410968e-04 
2 1 33 57 9.4547293005264193294784e-04 
2 1 34 57 2.2983771549616436626062e-03 
2 1 35 57 -5.3793485964010118519085e-04 
2 1 36 57 -3.1433729444467740053726e-03 
2 1 37 57 -3.3449297024785262615054e-03 
2 1 38 57 6.2170867788856748470394e-03 
2 1 39 57 3.7943446037141189026987e-03 
2 1 40 57 -2.8941735274484584918009e-04 
2 1 41 57 2.1705232477671294530341e-03 
2 1 42 57 -2.5544262894441205217003e-04 
2 1 43 57 8.3649378965119946562068e-04 
2 1 44 57 8.5411561838810256923338e-04 
2 1 45 57 6.5798283907291736476164e-04 
2 1 46 57 5.5283102269040717419157e-03 
2 1 47 57 6.7697136673859853537444e-04 
2 1 48 57 7.5409034464842183628774e-03 
2 1 49 57 3.0500055850225275475007e-03 
2 1 50 57 -2.8808648122803284102877e-03 
2 1 51 57 -2.5318849319885081139425e-02 
2 1 52 57 -2.9909649446244099789405e-03 
2 1 53 57 -3.0727926675037318384950e-04 
2 1 54 57 8.1993687063818896233573e-05 
2 1 55 57 3.3009336996399872565799e-04 
2 1 56 57 2.8484621995773298785970e-03 
2 1 57 57 2.0955853710069431185270e-03 
2 1 1 58 4.9254282137055065138309e-02 
2 1 2 58 -1.3979243635181364674436e-02 
2 1 3 58 -4.6996171784942425073139e-03 
2 1 4 58 7.9427049657509601887639e-03 
2 1 5 58 -3.9488208308896986450942e-03 
2 1 6 58 9.5930205613275545961649e-03 
2 1 7 58 -2.5445623042769970403865e-03 
2 1 8 58 5.8981187993475247405284e-03 
2 1 9 58 -8.3129513968025240625709e-05 
2 1 10 58 2.8235745880249882126811e-03 
2 1 11 58 -1.7043494344781695559732e-02 
2 1 12 58 1.3278584395636930728934e-03 
2 1 13 58 -7.4478726032641906842913e-04 
2 1 14 58 1.9837897123328967867451e-03 
2 1 15 58 -2.0564083898330170162294e-03 
2 1 16 58 -8.3587705741423774796761e-03 
2 1 17 58 -2.0788450269541044850008e-03 
2 1 18 58 7.0458474965709163781447e-03 
2 1 19 58 2.4262958712740183980783e-03 
2 1 20 58 -3.2943917028636316920998e-03 
2 1 21 58 1.7011924867883808972641e-04 
2 1 22 58 1.3741425317955117783864e-03 
2 1 23 58 1.6784116830586928194313e-03 
2 1 24 58 2.6959449535025638289287e-03 
2 1 25 58 -4.9655181122886969322106e-03 
2 1 26 58 2.4376679472723743885565e-03 
2 1 27 58 -6.8417913595178111996198e-04 
2 1 28 58 2.9348041037058907216928e-03 
2 1 29 58 -1.9517962251235883904682e-03 
2 1 30 58 4.3505439091978109072967e-03 
2 1 31 58 -8.6937158322774876761940e-03 
2 1 32 58 1.5590315253900035316961e-04 
2 1 33 58 1.0172802806355533879884e-03 
2 1 34 58 2.4729356948120671463864e-03 
2 1 35 58 -5.7879026208382277664255e-04 
2 1 36 58 -3.3821077361685866757846e-03 
2 1 37 58 -3.5989724489035386685576e-03 
2 1 38 58 6.6892658500632912535466e-03 
2 1 39 58 4.0825197851824162123546e-03 
2 1 40 58 -3.1139819709558800827146e-04 
2 1 41 58 2.3353714616573986555259e-03 
2 1 42 58 -2.7484314039999727628805e-04 
2 1 43 58 9.0002432649117852184878e-04 
2 1 44 58 9.1898450854714837116727e-04 
2 1 45 58 7.0795571814859833536387e-04 
2 1 46 58 5.9481776794521826895457e-03 
2 1 47 58 7.2838639801113395401411e-04 
2 1 48 58 8.1136245475140009869586e-03 
2 1 49 58 3.2816492559961259710410e-03 
2 1 50 58 -3.0996624774296314096256e-03 
2 1 51 58 -2.7241780618793565160729e-02 
2 1 52 58 -3.2181245612914765631685e-03 
2 1 53 58 -3.3061669856153651789535e-04 
2 1 54 58 8.8220993256762583354866e-05 
2 1 55 58 3.5516350110014979248041e-04 
2 1 56 58 3.0647989314770323135417e-03 
2 1 57 58 2.2547399535794397651411e-03 
2 1 58 58 2.4259863573672462398745e-03 
2 1 1 59 -2.8650629976449525776472e-02 
2 1 2 59 8.1315597216044550182845e-03 
2 1 3 59 2.7337114047736098092212e-03 
2 1 4 59 -4.6201769899441545719210e-03 
2 1 5 59 2.2969821010547586750961e-03 
2 1 6 59 -5.5801459392765210415499e-03 
2 1 7 59 1.4801416215751794867167e-03 
2 1 8 59 -3.4308655399144642218767e-03 
2 1 9 59 4.8355449343320520993496e-05 
2 1 10 59 -1.6424397478234490938692e-03 
2 1 11 59 9.9139979061980271213272e-03 
2 1 12 59 -7.7239945771991568284481e-04 
2 1 13 59 4.3323388913493727061035e-04 
2 1 14 59 -1.1539468759484271687815e-03 
2 1 15 59 1.1961882967582106087473e-03 
2 1 16 59 4.8621974047129380355758e-03 
2 1 17 59 1.2092394216590531333400e-03 
2 1 18 59 -4.0984856693886649592340e-03 
2 1 19 59 -1.4113474444278125558005e-03 
2 1 20 59 1.9163084625534022951282e-03 
2 1 21 59 -9.8956343170458080046349e-05 
2 1 22 59 -7.9932236356269632110427e-04 
2 1 23 59 -9.7631210918181713775271e-04 
2 1 24 59 -1.5681991077394774342785e-03 
2 1 25 59 2.8883828147301809918801e-03 
2 1 26 59 -1.4179624457506684060554e-03 
2 1 27 59 3.9797886419735896846445e-04 
2 1 28 59 -1.7071406338776959950992e-03 
2 1 29 59 1.1353366450422175838036e-03 
2 1 30 59 -2.5306596366968243765061e-03 
2 1 31 59 5.0570310767679418559317e-03 
2 1 32 59 -9.0687009164558375021864e-05 
2 1 33 59 -5.9173983739580285345916e-04 
2 1 34 59 -1.4384772749395488469076e-03 
2 1 35 59 3.3667541000380048037133e-04 
2 1 36 59 1.9673318356325029780673e-03 
2 1 37 59 2.0934794591473222455380e-03 
2 1 38 59 -3.8910663676098924956825e-03 
2 1 39 59 -2.3747531922467951526201e-03 
2 1 40 59 1.8113662677071438512379e-04 
2 1 41 59 -1.3584577970159575528719e-03 
2 1 42 59 1.5987298516003726448105e-04 
2 1 43 59 -5.2353344377954920407792e-04 
2 1 44 59 -5.3456235612589443530890e-04 
2 1 45 59 -4.1180941920839489933312e-04 
2 1 46 59 -3.4599841949569461359293e-03 
2 1 47 59 -4.2369370263536758336453e-04 
2 1 48 59 -4.7195988773487008299812e-03 
2 1 49 59 -1.9088963327982739516531e-03 
2 1 50 59 1.8030367886716120069679e-03 
2 1 51 59 1.5846219710133287172926e-02 
2 1 52 59 1.8719447735960656302445e-03 
2 1 53 59 1.9231580044480375943534e-04 
2 1 54 59 -5.1317102275921676259474e-05 
2 1 55 59 -2.0659438346590710687718e-04 
2 1 56 59 -1.7827570787374489007931e-03 
2 1 57 59 -1.3115554079819143670077e-03 
2 1 58 59 -1.4111662122644112824649e-03 
2 1 59 59 8.2086064641754251120648e-04 
2 1 1 60 5.5008621002436801361579e-03 
2 1 2 60 -1.5612427623828868672451e-03 
2 1 3 60 -5.2486697402060313120270e-04 
2 1 4 60 8.8706449112262110347910e-04 
2 1 5 60 -4.4101584485284805927513e-04 
2 1 6 60 1.0713765573890125185758e-03 
2 1 7 60 -2.8418415077814326852312e-04 
2 1 8 60 6.5871913584659947879518e-04 
2 1 9 60 -9.2841469402792373220423e-06 
2 1 10 60 3.1534505761870995762738e-04 
2 1 11 60 -1.9034672322712409189144e-03 
2 1 12 60 1.4829910918931889316635e-04 
2 1 13 60 -8.3180016748060335855970e-05 
2 1 14 60 2.2155542969969744355671e-04 
2 1 15 60 -2.2966569572121123634680e-04 
2 1 16 60 -9.3353191359051099912358e-04 
2 1 17 60 -2.3217148489204658288673e-04 
2 1 18 60 7.8690082925450034485176e-04 
2 1 19 60 2.7097581008551457860609e-04 
2 1 20 60 -3.6792728825513090849114e-04 
2 1 21 60 1.8999414608772531522143e-05 
2 1 22 60 1.5346825180505564950421e-04 
2 1 23 60 1.8744991938473106645249e-04 
2 1 24 60 3.0109100723058773198260e-04 
2 1 25 60 -5.5456356700026075787907e-04 
2 1 26 60 2.7224587675070969139055e-04 
2 1 27 60 -7.6411124382283970185060e-05 
2 1 28 60 3.2776749483005726765530e-04 
2 1 29 60 -2.1798230359556283438141e-04 
2 1 30 60 4.8588145166667342806505e-04 
2 1 31 60 -9.7093957839019010783860e-04 
2 1 32 60 1.7411719466826016978209e-05 
2 1 33 60 1.1361283320508323889733e-04 
2 1 34 60 2.7618468181261814770044e-04 
2 1 35 60 -6.4640987109052189599212e-05 
2 1 36 60 -3.7772367107212712284206e-04 
2 1 37 60 -4.0194375564963524165643e-04 
2 1 38 60 7.4707674940174362363671e-04 
2 1 39 60 4.5594773460132844702594e-04 
2 1 40 60 -3.4777860242097318930164e-05 
2 1 41 60 2.6082110643040176591739e-04 
2 1 42 60 -3.0695284733444060673926e-05 
2 1 43 60 1.0051734574298003569923e-04 
2 1 44 60 1.0263487425745948381558e-04 
2 1 45 60 7.9066562533140652239971e-05 
2 1 46 60 6.6430985779808784941203e-04 
2 1 47 60 8.1348320537963665481131e-05 
2 1 48 60 9.0615328926799847998608e-04 
2 1 49 60 3.6650417456843032175048e-04 
2 1 50 60 -3.4617935955689029068477e-04 
2 1 51 60 -3.0424416324268477654358e-03 
2 1 52 60 -3.5940955110893153508569e-04 
2 1 53 60 -3.6924238622830575268403e-05 
2 1 54 60 9.8527782193963544610585e-06 
2 1 55 60 3.9665697231263827239513e-05 
2 1 56 60 3.4228569690889756784585e-04 
2 1 57 60 2.5181594408457035408344e-04 
2 1 58 60 2.7094101388243526078864e-04 
2 1 59 60 -1.5760316458555639440413e-04 
2 1 60 60 3.0261532136952571953731e-05 
2 1 1 61 -5.1856526676116598828514e-01 
2 1 2 61 1.4717807041884520269370e-01 
2 1 3 61 4.9479113898358385859044e-02 
2 1 4 61 -8.3623407766026877641075e-02 
2 1 5 61 4.1574483247250916539972e-02 
2 1 6 61 -1.0099847263204082825627e-01 
2 1 7 61 2.6789988054969644110104e-02 
2 1 8 61 -6.2097332777319540209060e-02 
2 1 9 61 8.7521483851094028765666e-04 
2 1 10 61 -2.9727521058675005632965e-02 
2 1 11 61 1.7943950876902534097290e-01 
2 1 12 61 -1.3980129971590355905664e-02 
2 1 13 61 7.8413650057225017797613e-03 
2 1 14 61 -2.0885989943197909302075e-02 
2 1 15 61 2.1650543241628079915717e-02 
2 1 16 61 8.8003883205812524770373e-02 
2 1 17 61 2.1886763529674155281946e-02 
2 1 18 61 -7.4180997632873973968159e-02 
2 1 19 61 -2.5544840187248635948736e-02 
2 1 20 61 3.4684438349087548525418e-02 
2 1 21 61 -1.7910713494285455428534e-03 
2 1 22 61 -1.4467424103057048567766e-02 
2 1 23 61 -1.7670869707094815498349e-02 
2 1 24 61 -2.8383794328710985899189e-02 
2 1 25 61 5.2278606301505742282032e-02 
2 1 26 61 -2.5664569140100051275466e-02 
2 1 27 61 7.2032627571348099154713e-03 
2 1 28 61 -3.0898581948574567468402e-02 
2 1 29 61 2.0549151997145843201453e-02 
2 1 30 61 -4.5803955817519823034978e-02 
2 1 31 61 9.1530296942833419548968e-02 
2 1 32 61 -1.6413996180135300914649e-03 
2 1 33 61 -1.0710261061784522376716e-02 
2 1 34 61 -2.6035879574796718521901e-02 
2 1 35 61 6.0936940634134474301109e-03 
2 1 36 61 3.5607941570258171137819e-02 
2 1 37 61 3.7891164525321333056418e-02 
2 1 38 61 -7.0426788889584840402946e-02 
2 1 39 61 -4.2982109770069214238486e-02 
2 1 40 61 3.2785025410883997590283e-03 
2 1 41 61 -2.4587558126031222593966e-02 
2 1 42 61 2.8936388926025457223046e-03 
2 1 43 61 -9.4757518475193248247423e-03 
2 1 44 61 -9.6753708743145001164310e-03 
2 1 45 61 -7.4535904272296287995103e-03 
2 1 46 61 -6.2624369115865941015642e-02 
2 1 47 61 -7.6686913381219558305535e-03 
2 1 48 61 -8.5422905285146413789654e-02 
2 1 49 61 -3.4550281681436756375803e-02 
2 1 50 61 3.2634265077809559985056e-02 
2 1 51 61 2.8681041770794729606209e-01 
2 1 52 61 3.3881472822061393934678e-02 
2 1 53 61 3.4808412395127890856528e-03 
2 1 54 61 -9.2881960546757364599602e-04 
2 1 55 61 -3.7392780424520604895533e-03 
2 1 56 61 -3.2267210210237977363601e-02 
2 1 57 61 -2.3738643114348513540879e-02 
2 1 58 61 -2.5541559955531669551254e-02 
2 1 59 61 1.4857221576613014596413e-02 
2 1 60 61 -2.8525560224292446746819e-03 
2 1 61 61 2.6890993796625772827014e-01 
2 1 1 62 -8.1792251697220777484354e-02 
2 1 2 62 2.3214099654602957101268e-02 
2 1 3 62 7.8042406561600668676859e-03 
2 1 4 62 -1.3189751134891104789038e-02 
2 1 5 62 6.5574592359020781109913e-03 
2 1 6 62 -1.5930285007613988190744e-02 
2 1 7 62 4.2255306832318460102949e-03 
2 1 8 62 -9.7944868231752604120777e-03 
2 1 9 62 1.3804586799215639181942e-04 
2 1 10 62 -4.6888618282362511807682e-03 
2 1 11 62 2.8302631137116698173406e-02 
2 1 12 62 -2.2050576517359051116618e-03 
2 1 13 62 1.2368026578479355843260e-03 
2 1 14 62 -3.2943049908632946951026e-03 
2 1 15 62 3.4148964377446440823793e-03 
2 1 16 62 1.3880674674684326599938e-02 
2 1 17 62 3.4521549864641341495708e-03 
2 1 18 62 -1.1700418864214875633301e-02 
2 1 19 62 -4.0291360260405074261714e-03 
2 1 20 62 5.4707063763526188673869e-03 
2 1 21 62 -2.8250206485119463192118e-04 
2 1 22 62 -2.2819175704505527402244e-03 
2 1 23 62 -2.7871905725941532351586e-03 
2 1 24 62 -4.4769185262948218290147e-03 
2 1 25 62 8.2457989361675552986153e-03 
2 1 26 62 -4.0480206318457339839667e-03 
2 1 27 62 1.1361560795473423825241e-03 
2 1 28 62 -4.8735708961182445247973e-03 
2 1 29 62 3.2411762222576794012507e-03 
2 1 30 62 -7.2245653982074995932972e-03 
2 1 31 62 1.4436888787843977707825e-02 
2 1 32 62 -2.5889464508643524271250e-04 
2 1 33 62 -1.6893078357904896865532e-03 
2 1 34 62 -4.1065866764290965065798e-03 
2 1 35 62 9.6114605151549430649138e-04 
2 1 36 62 5.6163686733686950594557e-03 
2 1 37 62 5.9764968165198686239625e-03 
2 1 38 62 -1.1108275105006200703106e-02 
2 1 39 62 -6.7794813230525234962198e-03 
2 1 40 62 5.1711158116223097241937e-04 
2 1 41 62 -3.8781458608384360674248e-03 
2 1 42 62 4.5640781555394971391593e-04 
2 1 43 62 -1.4945911919119413916596e-03 
2 1 44 62 -1.5260766976519638850329e-03 
2 1 45 62 -1.1756397571315614636323e-03 
2 1 46 62 -9.8776151999082368454497e-03 
2 1 47 62 -1.2095671891670536999414e-03 
2 1 48 62 -1.3473582242461496633057e-02 
2 1 49 62 -5.4495461162451753686642e-03 
2 1 50 62 5.1473366889174653610040e-03 
2 1 51 62 4.5238027647073041082049e-02 
2 1 52 62 5.3440562462717684094615e-03 
2 1 53 62 5.4902605521287657294738e-04 
2 1 54 62 -1.4650083956877597499147e-04 
2 1 55 62 -5.8978876993508991179865e-04 
2 1 56 62 -5.0894418663378218972704e-03 
2 1 57 62 -3.7442482113896431369926e-03 
2 1 58 62 -4.0286186417199335713102e-03 
2 1 59 62 2.3433995383176984932116e-03 
2 1 60 62 -4.4992789745483237687229e-04 
2 1 61 62 4.2414620820365692144271e-02 
2 1 62 62 6.6899744866585481029020e-03 
2 1 1 63 4.6245183506457079869456e-02 
2 1 2 63 -1.3125207781763197426028e-02 
2 1 3 63 -4.4125028200554935672861e-03 
2 1 4 63 7.4574601992313830842174e-03 
2 1 5 63 -3.7075749769425641114151e-03 
2 1 6 63 9.0069528372245973024679e-03 
2 1 7 63 -2.3891070095685062665836e-03 
2 1 8 63 5.5377842166033242748968e-03 
2 1 9 63 -7.8050871141652791674811e-05 
2 1 10 63 2.6510735575039231191885e-03 
2 1 11 63 -1.6002253801456353676791e-02 
2 1 12 63 1.2467354013474252465848e-03 
2 1 13 63 -6.9928586983007722573807e-04 
2 1 14 63 1.8625937746849815894457e-03 
2 1 15 63 -1.9307759493362101465425e-03 
2 1 16 63 -7.8481070542042504628588e-03 
2 1 17 63 -1.9518418619008295195050e-03 
2 1 18 63 6.6153945667253820361875e-03 
2 1 19 63 2.2780658440174949078139e-03 
2 1 20 63 -3.0931269776128238885304e-03 
2 1 21 63 1.5972613002950800283053e-04 
2 1 22 63 1.2901918531689031410803e-03 
2 1 23 63 1.5758722473398249167703e-03 
2 1 24 63 2.5312412177912468891350e-03 
2 1 25 63 -4.6621590315427743900223e-03 
2 1 26 63 2.2887431642133323692057e-03 
2 1 27 63 -6.4238048593090511882014e-04 
2 1 28 63 2.7555077130903223893432e-03 
2 1 29 63 -1.8325548699885548485644e-03 
2 1 30 63 4.0847555319944699875334e-03 
2 1 31 63 -8.1625894556323005946119e-03 
2 1 32 63 1.4637853980572213528390e-04 
2 1 33 63 9.5513143658424999420109e-04 
2 1 34 63 2.3218562944035967335332e-03 
2 1 35 63 -5.4343014902414048684226e-04 
2 1 36 63 -3.1754841632349582215833e-03 
2 1 37 63 -3.3790999302579327427665e-03 
2 1 38 63 6.2805976117744580916602e-03 
2 1 39 63 3.8331058426383408932470e-03 
2 1 40 63 -2.9237390422611554728974e-04 
2 1 41 63 2.1926962918588331630243e-03 
2 1 42 63 -2.5805211063520378618127e-04 
2 1 43 63 8.4503901656800500894612e-04 
2 1 44 63 8.6284086161478258571872e-04 
2 1 45 63 6.6470448212251737572787e-04 
2 1 46 63 5.5847848426631334708969e-03 
2 1 47 63 6.8388698765118628979803e-04 
2 1 48 63 7.6179377674859280814013e-03 
2 1 49 63 3.0811630068037607239895e-03 
2 1 50 63 -2.9102943715216974228388e-03 
2 1 51 63 -2.5577494769961933718250e-02 
2 1 52 63 -3.0215192350067517600143e-03 
2 1 53 63 -3.1041828713964156718011e-04 
2 1 54 63 8.2831295986173308584267e-05 
2 1 55 63 3.3346544849580935865677e-04 
2 1 56 63 2.8775607489753872794691e-03 
2 1 57 63 2.1169908155899506280173e-03 
2 1 58 63 2.2777733159069241813954e-03 
2 1 59 63 -1.3249536408365084495103e-03 
2 1 60 63 2.5438837726948358881895e-04 
2 1 61 63 -2.3981145921444981666815e-02 
2 1 62 63 -3.7824976891443007689930e-03 
2 1 63 63 2.1386190460477806293826e-03 
2 2 1 1 1.0003546006894311131160e-12 
2 2 2 2 1.0003546006894311131160e-12 
2 2 1 3 -2.6606581835928081470528e-17 
2 2 2 3 -2.6606560947769187064642e-17 
2 2 3 3 1.0969843922040325434608e+00 
2 2 3 4 2.1889060442942720073680e-17 
2 2 4 4 3.7660177415395405444548e-10 
2 2 3 5 2.1891005056149884271442e-17 
2 2 5 5 3.7660177415395405444548e-10 
2 2 6 6 3.7660177415395405444548e-10 
2 3 1 1 8.6146602923250303884828e-01 
2 3 1 2 -2.8711896478491671924616e-01 
2 3 2 2 2.3551836297252945473524e-01 
2 3 1 3 1.6858326108728529518777e-02 
2 3 2 3 -1.4338620145310012124473e-02 
2 3 3 3 8.7370849956662412910680e-04 
2 3 1 4 4.6161569164095000994408e-03 
2 3 2 4 -3.9730039463196685847746e-03 
2 3 3 4 2.4215776128290382820420e-04 
2 3 4 4 6.7123003633988388358378e-05 
2 3 1 5 -3.9730039463195835833242e-03 
2 3 2 5 9.7885728616770159224436e-04 
2 3 3 5 -5.6214401463746375715164e-05 
2 3 4 5 -1.5277092508552358817277e-05 
2 3 5 5 1.9176352221654651553214e-05 
2 3 1 6 -3.0355250671934597139767e-01 
2 3 2 6 9.5634282223890337837346e-02 
2 3 3 6 -5.5950142025771943191104e-03 
2 3 4 6 -1.5301770586490673429353e-03 
2 3 5 6 1.4136312313862283655125e-03 
2 3 6 6 1.0718126367055298697739e-01 
2 4 1 1 2.6243130213608212297771e-01 
2 4 1 2 1.5306901473304136696019e-02 
2 4 2 2 5.9990843559598727718907e-01 
2 4 1 3 4.5271952428791326084045e-02 
2 4 2 3 8.7441841872426748216718e-02 
2 4 3 3 1.9814984453621137944213e-02 
2 4 1 4 -3.4586498588500937459433e-03 
2 4 2 4 -5.1979130688341597388291e-02 
2 4 3 4 -7.9266575073276192980876e-03 
2 4 4 4 4.5210906079655608855172e-03 
2 4 1 5 2.1499840087557446632882e-02 
2 4 2 5 2.4838651608855445013235e-03 
2 4 3 5 3.8830371210213606748829e-03 
2 4 4 5 -3.8965605699930192309943e-04 
2 4 5 5 1.7639128933976870681338e-03 
2 4 1 6 1.2779701801143962883178e-02 
2 4 2 6 -7.9418756008827300074682e-03 
2 4 3 6 9.7478469796455976138089e-04 
2 4 4 6 5.8247960602299470381227e-04 
2 4 5 6 1.0291488058875683953702e-03 
2 4 6 6 7.4832613122561891707413e-04 
2 5 1 1 4.0866911408606376721053e-02 
2 5 1 2 -6.5040084810502357681727e-02 
2 5 2 2 2.4137937518109689460921e-01 
2 5 1 3 -5.3997845736682148487517e-02 
2 5 2 3 1.1653146096076641424766e-01 
2 5 3 3 7.8137125917955255194336e-02 
2 5 1 4 -1.3467160229183736813718e-02 
2 5 2 4 2.4698191647195569253803e-02 
2 5 3 4 1.8518959735718869275001e-02 
2 5 4 4 4.5152956233562354521061e-03 
2 5 1 5 3.9918323387239888072608e-03 
2 5 2 5 -7.6142058480974106338124e-03 
2 5 3 5 -5.5543234354607819158733e-03 
2 5 4 5 -1.3453300008814353828229e-03 
2 5 5 5 4.0145579716901742643731e-04 
2 5 1 6 -1.5000419865944653735612e-02 
2 5 2 6 2.9556693970026602646950e-02 
2 5 3 6 2.1081366077281157855872e-02 
2 5 4 6 5.0777915690021725378389e-03 
2 5 5 6 -1.5172132483102539809300e-03 
2 5 6 6 5.7402745516436370909474e-03 
2 6 1 1 9.6960149221636579563999e-02 
2 6 1 2 4.6231762439907675421580e-02 
2 6 2 2 2.2043888104925059290284e-02 
2 6 1 3 3.9818557300323387249108e-01 
2 6 2 3 1.8985975342926253439657e-01 
2 6 3 3 1.6352264973388810354038e+00 
2 6 1 4 1.5671390054724833058170e-03 
2 6 2 4 7.4722848078482748644669e-04 
2 6 3 4 6.4357569146579170563105e-03 
2 6 4 4 2.5330277844279552277055e-05 
2 6 1 5 1.6317014275453897015344e-02 
2 6 2 5 7.7801487725625726940559e-03 
2 6 3 5 6.7008973035655089445228e-02 
2 6 4 5 2.6372719632114429572090e-04 
2 6 5 5 2.7459222746452410443552e-03 
2 6 1 6 -2.2761104896282763170035e-03 
2 6 2 6 -1.0852769734731328686583e-03 
2 6 3 6 -9.3472877780350575177559e-03 
2 6 4 6 -3.6788105308528452387379e-05 
2 6 5 6 -3.8303703138592041848795e-04 
2 6 6 6 5.3431802248077631708849e-05 
2 7 1 1 8.7835343624688155816926e-01 
2 7 1 2 -3.0482610928636633129685e-01 
2 7 2 2 8.5383321031363623720978e-01 
2 7 1 3 1.7021792021369754888127e+00 
2 7 2 3 -3.9084612306270022363819e-01 
2 7 3 3 3.3520982291224301619081e+00 
2 7 1 4 2.6434874404278146942104e-01 
2 7 2 4 -3.7797778821896832468497e-02 
2 7 3 4 5.2670069004646946630999e-01 
2 7 4 4 8.3448113660670258928675e-02 
2 7 1 5 -2.9085911417610618712182e-02 
2 7 2 5 9.6919890166411240550737e-03 
2 7 3 5 -5.6473620547589614693251e-02 
2 7 4 5 -8.7826724592991473744563e-03 
2 7 5 5 9.6337183088989256345841e-04 
2 7 1 6 -1.4161715323916845843399e-01 
2 7 2 6 5.0651882636670260418033e-02 
2 7 3 6 -2.7404073305942244775935e-01 
2 7 4 6 -4.2512511759112962816953e-02 
2 7 5 6 4.6887203240504118917364e-03 
2 7 6 6 2.2835998192236337672734e-02 
2 8 1 1 3.3484688125295449800944e+00 
2 8 1 2 1.7185142119900349566564e+00 
2 8 2 2 8.8198285283976673998296e-01 
2 8 1 3 5.7363796580800894275853e+00 
2 8 2 3 2.9440470406948282544590e+00 
2 8 3 3 9.8271953203622093298009e+00 
2 8 1 4 -2.6410618837312388462735e-01 
2 8 2 4 -1.3554563715443329607879e-01 
2 8 3 4 -4.5244961200578681648210e-01 
2 8 4 4 2.0831042978886972483199e-02 
2 8 1 5 3.6162595336745706475767e-01 
2 8 2 5 1.8559508087104473195161e-01 
2 8 3 5 6.1951413722850445786605e-01 
2 8 4 5 -2.8522783860225577740044e-02 
2 8 5 5 3.9054667997578673688253e-02 
2 8 1 6 4.5828904351821957152691e-02 
2 8 2 6 2.3520488622176854293100e-02 
2 8 3 6 7.8511107502079208186885e-02 
2 8 4 6 -3.6146961004979139518711e-03 
2 8 5 6 4.9494028931135721285917e-03 
2 8 6 6 6.2724075173837146729428e-04 
2 9 1 1 1.0969843922040325434608e+00 
2 10 1 1 2.9750590261025045002441e-01 
2 11 1 1 2.1511745537635517728746e-09 
2 12 1 1 8.7370849956662402068658e-04 
2 13 1 1 9.6470922700669325681218e-09 
2 14 1 1 3.2248180344844643051562e-09 
2 15 1 1 9.0214275041922725728583e-02 
2 16 1 1 7.1173484307181961244318e-09 
2 17 1 1 2.8093713665458235163532e-09 
2 18 1 1 1.8100162747889847469906e-01 
2 19 1 1 2.0994924501368769989604e-08 
2 20 1 1 2.2642689422952358573825e-09 
2 21 1 1 7.6058726279412569581950e-01 
2 22 1 1 7.7191815606836331518120e-08 
2 23 1 1 4.0091908134693360859371e-09 
2 24 1 1 6.7393280347166228949618e+00 
2 25 1 1 2.0009016566487570947525e-08 
2 26 1 1 8.7111131585109621259667e-09 
2 27 1 1 3.3094754746470229633815e+01 
2 28 1 1 3.3749473424695201254703e-08 
2 29 1 1 5.6368409918387093966402e-09 
2 30 1 1 4.0391108724912986723910e-08 
2 31 1 1 4.1517914047374626179226e-08 
2 32 1 1 2.0473884191036870771500e-08 
2 33 1 1 1.0726758349729280384022e-01 
2 34 1 1 2.0473884152816037656422e-08 
2 35 1 1 1.0779646609939283474766e-01 
2 36 1 1 2.0473884035275899382846e-08 
2 37 1 1 1.1142016243897276406294e-01 
2 38 1 1 2.0473884051967914453243e-08 
2 39 1 1 1.1099202826693412016201e-01 
2 40 1 1 2.0473882157777393541079e-08 
2 41 1 1 2.1541482759599120400118e-01 
2 42 1 1 2.0473882135384419910464e-08 
2 43 1 1 2.1583108827685809627539e-01 
